<?xml version="1.0" encoding="utf-8"?>
<TestRun id="28882216-4451-414d-839c-365cdc84b0d3" name="frsks@WORKSTATION 2026-05-01 16:32:48" runUser="WORKSTATION\frsks" xmlns="http://microsoft.com/schemas/VisualStudio/TeamTest/2010">
  <Times creation="2026-05-01T16:32:48.8834446+02:00" queuing="2026-05-01T16:32:48.8834449+02:00" start="2026-05-01T16:32:48.1899215+02:00" finish="2026-05-01T16:32:48.9687047+02:00" />
  <TestSettings name="default" id="35569089-c163-4618-823f-63a3c6a40a71">
    <Deployment runDeploymentRoot="frsks_WORKSTATION_2026-05-01_16_32_48" />
  </TestSettings>
  <Results>
    <UnitTestResult executionId="16bed9ec-47ef-4792-b6ec-8033626c775f" testId="cf9cd030-5900-1710-d32a-e523217c8424" testName="WindowsTrayTasks.Infrastructure.Tests.PageTests.Database_SameTagNameOnDifferentPages_CreatesSeparateTags" computerName="WORKSTATION" duration="00:00:00.0280689" startTime="2026-05-01T16:32:48.8715378+02:00" endTime="2026-05-01T16:32:48.8715386+02:00" testType="13cdc9d9-ddb5-4fa4-a97d-d965ccfc6d4b" outcome="Passed" testListId="8c84fa94-04c1-424b-9868-57a2d4851a1d" relativeResultsDirectory="16bed9ec-47ef-4792-b6ec-8033626c775f" />
    <UnitTestResult executionId="5f52f3ac-1454-458d-9420-4bbfa7221c27" testId="4881a1bb-574f-3f26-c0c6-b103fa288f5b" testName="WindowsTrayTasks.Infrastructure.Tests.DatabaseTests.SaveTask_RoundTripsThroughReopenedConnection" computerName="WORKSTATION" duration="00:00:00.0621355" startTime="2026-05-01T16:32:48.7486311+02:00" endTime="2026-05-01T16:32:48.7486311+02:00" testType="13cdc9d9-ddb5-4fa4-a97d-d965ccfc6d4b" outcome="Passed" testListId="8c84fa94-04c1-424b-9868-57a2d4851a1d" relativeResultsDirectory="5f52f3ac-1454-458d-9420-4bbfa7221c27" />
    <UnitTestResult executionId="6e9501b6-6247-4771-8837-6ad9b77d11f5" testId="2a6248b2-6941-4162-de32-3f58f45d9157" testName="WindowsTrayTasks.Infrastructure.Tests.DatabaseTests.SaveTask_EmptyId_IsRejected" computerName="WORKSTATION" duration="00:00:00.0291537" startTime="2026-05-01T16:32:48.8355322+02:00" endTime="2026-05-01T16:32:48.8355325+02:00" testType="13cdc9d9-ddb5-4fa4-a97d-d965ccfc6d4b" outcome="Passed" testListId="8c84fa94-04c1-424b-9868-57a2d4851a1d" relativeResultsDirectory="6e9501b6-6247-4771-8837-6ad9b77d11f5" />
    <UnitTestResult executionId="6651ec53-d77b-4f00-aa72-dd0c6760f6f7" testId="f514f7bc-b918-3a36-3a65-3e2b720d4aaa" testName="WindowsTrayTasks.Infrastructure.Tests.DatabaseTests.CreateTemp_DisposeDeletesDatabaseFiles" computerName="WORKSTATION" duration="00:00:00.0695949" startTime="2026-05-01T16:32:48.6867263+02:00" endTime="2026-05-01T16:32:48.6867413+02:00" testType="13cdc9d9-ddb5-4fa4-a97d-d965ccfc6d4b" outcome="Passed" testListId="8c84fa94-04c1-424b-9868-57a2d4851a1d" relativeResultsDirectory="6651ec53-d77b-4f00-aa72-dd0c6760f6f7" />
    <UnitTestResult executionId="e5f39f59-3219-4095-a57d-d182f39524fe" testId="b00562b7-ded7-4522-8fa2-8dd6a86ddd2a" testName="WindowsTrayTasks.Infrastructure.Tests.DatabaseTests.SaveHeading_RoundTrips" computerName="WORKSTATION" duration="00:00:00.0514135" startTime="2026-05-01T16:32:48.8870474+02:00" endTime="2026-05-01T16:32:48.8870478+02:00" testType="13cdc9d9-ddb5-4fa4-a97d-d965ccfc6d4b" outcome="Passed" testListId="8c84fa94-04c1-424b-9868-57a2d4851a1d" relativeResultsDirectory="e5f39f59-3219-4095-a57d-d182f39524fe" />
    <UnitTestResult executionId="c75a6e3c-bd93-46c9-9668-72b752d13049" testId="978c0d9e-6e8e-9873-d9a8-414ebb91d3d5" testName="WindowsTrayTasks.Infrastructure.Tests.PageTests.Database_SaveHeadingAndTask_AreScopedByPage" computerName="WORKSTATION" duration="00:00:00.0470567" startTime="2026-05-01T16:32:48.7485696+02:00" endTime="2026-05-01T16:32:48.7485700+02:00" testType="13cdc9d9-ddb5-4fa4-a97d-d965ccfc6d4b" outcome="Passed" testListId="8c84fa94-04c1-424b-9868-57a2d4851a1d" relativeResultsDirectory="c75a6e3c-bd93-46c9-9668-72b752d13049" />
    <UnitTestResult executionId="38cd8062-de56-413f-b124-d5ff93e6e7da" testId="2471e77e-14e8-6d96-3fbf-1323638c3e5e" testName="WindowsTrayTasks.Infrastructure.Tests.DatabaseTests.SaveReminder_SecondActiveReminderForSameTask_IsRejected" computerName="WORKSTATION" duration="00:00:00.0576152" startTime="2026-05-01T16:32:48.8062834+02:00" endTime="2026-05-01T16:32:48.8062837+02:00" testType="13cdc9d9-ddb5-4fa4-a97d-d965ccfc6d4b" outcome="Passed" testListId="8c84fa94-04c1-424b-9868-57a2d4851a1d" relativeResultsDirectory="38cd8062-de56-413f-b124-d5ff93e6e7da" />
    <UnitTestResult executionId="50ba1e46-952e-41b3-8e78-9165ccc9e7a4" testId="32d717d7-1787-36ce-ae97-13c2c87069e5" testName="WindowsTrayTasks.Infrastructure.Tests.PageTests.Database_SaveTaskWithAtTokens_CreatesPageScopedTags" computerName="WORKSTATION" duration="00:00:00.0542495" startTime="2026-05-01T16:32:48.8433665+02:00" endTime="2026-05-01T16:32:48.8433668+02:00" testType="13cdc9d9-ddb5-4fa4-a97d-d965ccfc6d4b" outcome="Passed" testListId="8c84fa94-04c1-424b-9868-57a2d4851a1d" relativeResultsDirectory="50ba1e46-952e-41b3-8e78-9165ccc9e7a4" />
    <UnitTestResult executionId="f8da07c9-148b-4258-b63b-18b433765a36" testId="ae2287ef-dc7a-a5b8-6d05-b69a268c96ad" testName="WindowsTrayTasks.Infrastructure.Tests.DatabaseTests.SaveReminder_RoundTrips" computerName="WORKSTATION" duration="00:00:00.0365158" startTime="2026-05-01T16:32:48.9237058+02:00" endTime="2026-05-01T16:32:48.9237059+02:00" testType="13cdc9d9-ddb5-4fa4-a97d-d965ccfc6d4b" outcome="Passed" testListId="8c84fa94-04c1-424b-9868-57a2d4851a1d" relativeResultsDirectory="f8da07c9-148b-4258-b63b-18b433765a36" />
    <UnitTestResult executionId="c0fff187-ced4-40f7-9aae-41a0c5bd0e26" testId="bdee60a4-8535-a899-b75a-2486739c9096" testName="WindowsTrayTasks.Infrastructure.Tests.PageTests.Database_FreshInit_CreatesDefaultPage" computerName="WORKSTATION" duration="00:00:00.0866347" startTime="2026-05-01T16:32:48.7014664+02:00" endTime="2026-05-01T16:32:48.7014669+02:00" testType="13cdc9d9-ddb5-4fa4-a97d-d965ccfc6d4b" outcome="Passed" testListId="8c84fa94-04c1-424b-9868-57a2d4851a1d" relativeResultsDirectory="c0fff187-ced4-40f7-9aae-41a0c5bd0e26" />
    <UnitTestResult executionId="97ae2766-36f9-4c14-a781-07e5d8efe569" testId="f430b569-06d8-06ab-7ea9-6bb5417e4b98" testName="WindowsTrayTasks.Infrastructure.Tests.PageTests.Database_ActivePage_RoundTripsThroughSettings" computerName="WORKSTATION" duration="00:00:00.0403679" startTime="2026-05-01T16:32:48.7890342+02:00" endTime="2026-05-01T16:32:48.7890345+02:00" testType="13cdc9d9-ddb5-4fa4-a97d-d965ccfc6d4b" outcome="Passed" testListId="8c84fa94-04c1-424b-9868-57a2d4851a1d" relativeResultsDirectory="97ae2766-36f9-4c14-a781-07e5d8efe569" />
    <UnitTestResult executionId="16bd5a42-08ee-48f4-9667-7d84069d8359" testId="97e3dc84-3d5c-d4cb-d3bc-9eb2bbe196f0" testName="WindowsTrayTasks.Infrastructure.Tests.PageTests.Database_InlineTitleChange_ReconcilesTaskTags" computerName="WORKSTATION" duration="00:00:00.0519895" startTime="2026-05-01T16:32:48.9236444+02:00" endTime="2026-05-01T16:32:48.9236447+02:00" testType="13cdc9d9-ddb5-4fa4-a97d-d965ccfc6d4b" outcome="Passed" testListId="8c84fa94-04c1-424b-9868-57a2d4851a1d" relativeResultsDirectory="16bd5a42-08ee-48f4-9667-7d84069d8359" />
  </Results>
  <TestDefinitions>
    <UnitTest name="WindowsTrayTasks.Infrastructure.Tests.PageTests.Database_SameTagNameOnDifferentPages_CreatesSeparateTags" storage="c:\users\frsks\onedrive\desktop\repositories\todo-app\todo_app\tests\infrastructure.tests\bin\debug\net9.0\windowstraytasks.infrastructure.tests.dll" id="cf9cd030-5900-1710-d32a-e523217c8424">
      <Execution id="16bed9ec-47ef-4792-b6ec-8033626c775f" />
      <TestMethod codeBase="C:\Users\frsks\OneDrive\Desktop\Repositories\Todo-App\Todo_App\tests\Infrastructure.Tests\bin\Debug\net9.0\WindowsTrayTasks.Infrastructure.Tests.dll" adapterTypeName="executor://xunit/VsTestRunner2/netcoreapp" className="WindowsTrayTasks.Infrastructure.Tests.PageTests" name="Database_SameTagNameOnDifferentPages_CreatesSeparateTags" />
    </UnitTest>
    <UnitTest name="WindowsTrayTasks.Infrastructure.Tests.DatabaseTests.SaveReminder_SecondActiveReminderForSameTask_IsRejected" storage="c:\users\frsks\onedrive\desktop\repositories\todo-app\todo_app\tests\infrastructure.tests\bin\debug\net9.0\windowstraytasks.infrastructure.tests.dll" id="2471e77e-14e8-6d96-3fbf-1323638c3e5e">
      <Execution id="38cd8062-de56-413f-b124-d5ff93e6e7da" />
      <TestMethod codeBase="C:\Users\frsks\OneDrive\Desktop\Repositories\Todo-App\Todo_App\tests\Infrastructure.Tests\bin\Debug\net9.0\WindowsTrayTasks.Infrastructure.Tests.dll" adapterTypeName="executor://xunit/VsTestRunner2/netcoreapp" className="WindowsTrayTasks.Infrastructure.Tests.DatabaseTests" name="SaveReminder_SecondActiveReminderForSameTask_IsRejected" />
    </UnitTest>
    <UnitTest name="WindowsTrayTasks.Infrastructure.Tests.PageTests.Database_FreshInit_CreatesDefaultPage" storage="c:\users\frsks\onedrive\desktop\repositories\todo-app\todo_app\tests\infrastructure.tests\bin\debug\net9.0\windowstraytasks.infrastructure.tests.dll" id="bdee60a4-8535-a899-b75a-2486739c9096">
      <Execution id="c0fff187-ced4-40f7-9aae-41a0c5bd0e26" />
      <TestMethod codeBase="C:\Users\frsks\OneDrive\Desktop\Repositories\Todo-App\Todo_App\tests\Infrastructure.Tests\bin\Debug\net9.0\WindowsTrayTasks.Infrastructure.Tests.dll" adapterTypeName="executor://xunit/VsTestRunner2/netcoreapp" className="WindowsTrayTasks.Infrastructure.Tests.PageTests" name="Database_FreshInit_CreatesDefaultPage" />
    </UnitTest>
    <UnitTest name="WindowsTrayTasks.Infrastructure.Tests.PageTests.Database_SaveTaskWithAtTokens_CreatesPageScopedTags" storage="c:\users\frsks\onedrive\desktop\repositories\todo-app\todo_app\tests\infrastructure.tests\bin\debug\net9.0\windowstraytasks.infrastructure.tests.dll" id="32d717d7-1787-36ce-ae97-13c2c87069e5">
      <Execution id="50ba1e46-952e-41b3-8e78-9165ccc9e7a4" />
      <TestMethod codeBase="C:\Users\frsks\OneDrive\Desktop\Repositories\Todo-App\Todo_App\tests\Infrastructure.Tests\bin\Debug\net9.0\WindowsTrayTasks.Infrastructure.Tests.dll" adapterTypeName="executor://xunit/VsTestRunner2/netcoreapp" className="WindowsTrayTasks.Infrastructure.Tests.PageTests" name="Database_SaveTaskWithAtTokens_CreatesPageScopedTags" />
    </UnitTest>
    <UnitTest name="WindowsTrayTasks.Infrastructure.Tests.PageTests.Database_SaveHeadingAndTask_AreScopedByPage" storage="c:\users\frsks\onedrive\desktop\repositories\todo-app\todo_app\tests\infrastructure.tests\bin\debug\net9.0\windowstraytasks.infrastructure.tests.dll" id="978c0d9e-6e8e-9873-d9a8-414ebb91d3d5">
      <Execution id="c75a6e3c-bd93-46c9-9668-72b752d13049" />
      <TestMethod codeBase="C:\Users\frsks\OneDrive\Desktop\Repositories\Todo-App\Todo_App\tests\Infrastructure.Tests\bin\Debug\net9.0\WindowsTrayTasks.Infrastructure.Tests.dll" adapterTypeName="executor://xunit/VsTestRunner2/netcoreapp" className="WindowsTrayTasks.Infrastructure.Tests.PageTests" name="Database_SaveHeadingAndTask_AreScopedByPage" />
    </UnitTest>
    <UnitTest name="WindowsTrayTasks.Infrastructure.Tests.DatabaseTests.CreateTemp_DisposeDeletesDatabaseFiles" storage="c:\users\frsks\onedrive\desktop\repositories\todo-app\todo_app\tests\infrastructure.tests\bin\debug\net9.0\windowstraytasks.infrastructure.tests.dll" id="f514f7bc-b918-3a36-3a65-3e2b720d4aaa">
      <Execution id="6651ec53-d77b-4f00-aa72-dd0c6760f6f7" />
      <TestMethod codeBase="C:\Users\frsks\OneDrive\Desktop\Repositories\Todo-App\Todo_App\tests\Infrastructure.Tests\bin\Debug\net9.0\WindowsTrayTasks.Infrastructure.Tests.dll" adapterTypeName="executor://xunit/VsTestRunner2/netcoreapp" className="WindowsTrayTasks.Infrastructure.Tests.DatabaseTests" name="CreateTemp_DisposeDeletesDatabaseFiles" />
    </UnitTest>
    <UnitTest name="WindowsTrayTasks.Infrastructure.Tests.DatabaseTests.SaveReminder_RoundTrips" storage="c:\users\frsks\onedrive\desktop\repositories\todo-app\todo_app\tests\infrastructure.tests\bin\debug\net9.0\windowstraytasks.infrastructure.tests.dll" id="ae2287ef-dc7a-a5b8-6d05-b69a268c96ad">
      <Execution id="f8da07c9-148b-4258-b63b-18b433765a36" />
      <TestMethod codeBase="C:\Users\frsks\OneDrive\Desktop\Repositories\Todo-App\Todo_App\tests\Infrastructure.Tests\bin\Debug\net9.0\WindowsTrayTasks.Infrastructure.Tests.dll" adapterTypeName="executor://xunit/VsTestRunner2/netcoreapp" className="WindowsTrayTasks.Infrastructure.Tests.DatabaseTests" name="SaveReminder_RoundTrips" />
    </UnitTest>
    <UnitTest name="WindowsTrayTasks.Infrastructure.Tests.PageTests.Database_ActivePage_RoundTripsThroughSettings" storage="c:\users\frsks\onedrive\desktop\repositories\todo-app\todo_app\tests\infrastructure.tests\bin\debug\net9.0\windowstraytasks.infrastructure.tests.dll" id="f430b569-06d8-06ab-7ea9-6bb5417e4b98">
      <Execution id="97ae2766-36f9-4c14-a781-07e5d8efe569" />
      <TestMethod codeBase="C:\Users\frsks\OneDrive\Desktop\Repositories\Todo-App\Todo_App\tests\Infrastructure.Tests\bin\Debug\net9.0\WindowsTrayTasks.Infrastructure.Tests.dll" adapterTypeName="executor://xunit/VsTestRunner2/netcoreapp" className="WindowsTrayTasks.Infrastructure.Tests.PageTests" name="Database_ActivePage_RoundTripsThroughSettings" />
    </UnitTest>
    <UnitTest name="WindowsTrayTasks.Infrastructure.Tests.DatabaseTests.SaveTask_RoundTripsThroughReopenedConnection" storage="c:\users\frsks\onedrive\desktop\repositories\todo-app\todo_app\tests\infrastructure.tests\bin\debug\net9.0\windowstraytasks.infrastructure.tests.dll" id="4881a1bb-574f-3f26-c0c6-b103fa288f5b">
      <Execution id="5f52f3ac-1454-458d-9420-4bbfa7221c27" />
      <TestMethod codeBase="C:\Users\frsks\OneDrive\Desktop\Repositories\Todo-App\Todo_App\tests\Infrastructure.Tests\bin\Debug\net9.0\WindowsTrayTasks.Infrastructure.Tests.dll" adapterTypeName="executor://xunit/VsTestRunner2/netcoreapp" className="WindowsTrayTasks.Infrastructure.Tests.DatabaseTests" name="SaveTask_RoundTripsThroughReopenedConnection" />
    </UnitTest>
    <UnitTest name="WindowsTrayTasks.Infrastructure.Tests.PageTests.Database_InlineTitleChange_ReconcilesTaskTags" storage="c:\users\frsks\onedrive\desktop\repositories\todo-app\todo_app\tests\infrastructure.tests\bin\debug\net9.0\windowstraytasks.infrastructure.tests.dll" id="97e3dc84-3d5c-d4cb-d3bc-9eb2bbe196f0">
      <Execution id="16bd5a42-08ee-48f4-9667-7d84069d8359" />
      <TestMethod codeBase="C:\Users\frsks\OneDrive\Desktop\Repositories\Todo-App\Todo_App\tests\Infrastructure.Tests\bin\Debug\net9.0\WindowsTrayTasks.Infrastructure.Tests.dll" adapterTypeName="executor://xunit/VsTestRunner2/netcoreapp" className="WindowsTrayTasks.Infrastructure.Tests.PageTests" name="Database_InlineTitleChange_ReconcilesTaskTags" />
    </UnitTest>
    <UnitTest name="WindowsTrayTasks.Infrastructure.Tests.DatabaseTests.SaveTask_EmptyId_IsRejected" storage="c:\users\frsks\onedrive\desktop\repositories\todo-app\todo_app\tests\infrastructure.tests\bin\debug\net9.0\windowstraytasks.infrastructure.tests.dll" id="2a6248b2-6941-4162-de32-3f58f45d9157">
      <Execution id="6e9501b6-6247-4771-8837-6ad9b77d11f5" />
      <TestMethod codeBase="C:\Users\frsks\OneDrive\Desktop\Repositories\Todo-App\Todo_App\tests\Infrastructure.Tests\bin\Debug\net9.0\WindowsTrayTasks.Infrastructure.Tests.dll" adapterTypeName="executor://xunit/VsTestRunner2/netcoreapp" className="WindowsTrayTasks.Infrastructure.Tests.DatabaseTests" name="SaveTask_EmptyId_IsRejected" />
    </UnitTest>
    <UnitTest name="WindowsTrayTasks.Infrastructure.Tests.DatabaseTests.SaveHeading_RoundTrips" storage="c:\users\frsks\onedrive\desktop\repositories\todo-app\todo_app\tests\infrastructure.tests\bin\debug\net9.0\windowstraytasks.infrastructure.tests.dll" id="b00562b7-ded7-4522-8fa2-8dd6a86ddd2a">
      <Execution id="e5f39f59-3219-4095-a57d-d182f39524fe" />
      <TestMethod codeBase="C:\Users\frsks\OneDrive\Desktop\Repositories\Todo-App\Todo_App\tests\Infrastructure.Tests\bin\Debug\net9.0\WindowsTrayTasks.Infrastructure.Tests.dll" adapterTypeName="executor://xunit/VsTestRunner2/netcoreapp" className="WindowsTrayTasks.Infrastructure.Tests.DatabaseTests" name="SaveHeading_RoundTrips" />
    </UnitTest>
  </TestDefinitions>
  <TestEntries>
    <TestEntry testId="cf9cd030-5900-1710-d32a-e523217c8424" executionId="16bed9ec-47ef-4792-b6ec-8033626c775f" testListId="8c84fa94-04c1-424b-9868-57a2d4851a1d" />
    <TestEntry testId="4881a1bb-574f-3f26-c0c6-b103fa288f5b" executionId="5f52f3ac-1454-458d-9420-4bbfa7221c27" testListId="8c84fa94-04c1-424b-9868-57a2d4851a1d" />
    <TestEntry testId="2a6248b2-6941-4162-de32-3f58f45d9157" executionId="6e9501b6-6247-4771-8837-6ad9b77d11f5" testListId="8c84fa94-04c1-424b-9868-57a2d4851a1d" />
    <TestEntry testId="f514f7bc-b918-3a36-3a65-3e2b720d4aaa" executionId="6651ec53-d77b-4f00-aa72-dd0c6760f6f7" testListId="8c84fa94-04c1-424b-9868-57a2d4851a1d" />
    <TestEntry testId="b00562b7-ded7-4522-8fa2-8dd6a86ddd2a" executionId="e5f39f59-3219-4095-a57d-d182f39524fe" testListId="8c84fa94-04c1-424b-9868-57a2d4851a1d" />
    <TestEntry testId="978c0d9e-6e8e-9873-d9a8-414ebb91d3d5" executionId="c75a6e3c-bd93-46c9-9668-72b752d13049" testListId="8c84fa94-04c1-424b-9868-57a2d4851a1d" />
    <TestEntry testId="2471e77e-14e8-6d96-3fbf-1323638c3e5e" executionId="38cd8062-de56-413f-b124-d5ff93e6e7da" testListId="8c84fa94-04c1-424b-9868-57a2d4851a1d" />
    <TestEntry testId="32d717d7-1787-36ce-ae97-13c2c87069e5" executionId="50ba1e46-952e-41b3-8e78-9165ccc9e7a4" testListId="8c84fa94-04c1-424b-9868-57a2d4851a1d" />
    <TestEntry testId="ae2287ef-dc7a-a5b8-6d05-b69a268c96ad" executionId="f8da07c9-148b-4258-b63b-18b433765a36" testListId="8c84fa94-04c1-424b-9868-57a2d4851a1d" />
    <TestEntry testId="bdee60a4-8535-a899-b75a-2486739c9096" executionId="c0fff187-ced4-40f7-9aae-41a0c5bd0e26" testListId="8c84fa94-04c1-424b-9868-57a2d4851a1d" />
    <TestEntry testId="f430b569-06d8-06ab-7ea9-6bb5417e4b98" executionId="97ae2766-36f9-4c14-a781-07e5d8efe569" testListId="8c84fa94-04c1-424b-9868-57a2d4851a1d" />
    <TestEntry testId="97e3dc84-3d5c-d4cb-d3bc-9eb2bbe196f0" executionId="16bd5a42-08ee-48f4-9667-7d84069d8359" testListId="8c84fa94-04c1-424b-9868-57a2d4851a1d" />
  </TestEntries>
  <TestLists>
    <TestList name="Results Not in a List" id="8c84fa94-04c1-424b-9868-57a2d4851a1d" />
    <TestList name="All Loaded Results" id="19431567-8539-422a-85d7-44ee4e166bda" />
  </TestLists>
  <ResultSummary outcome="Completed">
    <Counters total="12" executed="12" passed="12" failed="0" error="0" timeout="0" aborted="0" inconclusive="0" passedButRunAborted="0" notRunnable="0" notExecuted="0" disconnected="0" warning="0" completed="0" inProgress="0" pending="0" />
    <Output>
      <StdOut>[xUnit.net 00:00:00.00] xUnit.net VSTest Adapter v2.8.2+699d445a1a (64-bit .NET 9.0.4)&#xD;
[xUnit.net 00:00:00.05]   Discovering: WindowsTrayTasks.Infrastructure.Tests&#xD;
[xUnit.net 00:00:00.07]   Discovered:  WindowsTrayTasks.Infrastructure.Tests&#xD;
[xUnit.net 00:00:00.07]   Starting:    WindowsTrayTasks.Infrastructure.Tests&#xD;
[xUnit.net 00:00:00.41]   Finished:    WindowsTrayTasks.Infrastructure.Tests&#xD;
</StdOut>
    </Output>
  </ResultSummary>
</TestRun>