<?xml version="1.0" encoding="utf-8"?>
<TestRun id="ef48f030-67bd-4fb3-ac35-beb85bae97d5" name="frsks@WORKSTATION 2026-05-01 13:35:04" runUser="WORKSTATION\frsks" xmlns="http://microsoft.com/schemas/VisualStudio/TeamTest/2010">
  <Times creation="2026-05-01T13:35:04.0363125+02:00" queuing="2026-05-01T13:35:04.0363129+02:00" start="2026-05-01T13:35:03.5360529+02:00" finish="2026-05-01T13:35:04.0599234+02:00" />
  <TestSettings name="default" id="1b783c3b-a51f-45f1-8cb8-0e82995709fa">
    <Deployment runDeploymentRoot="frsks_WORKSTATION_2026-05-01_13_35_04" />
  </TestSettings>
  <Results>
    <UnitTestResult executionId="a9c01bf5-3afb-4b9c-a4fd-0686a1145c1d" testId="9f326d94-8299-2b6f-d84a-463509fdd83e" testName="WindowsTrayTasks.Domain.Tests.DateInputParserTests.Parse_RelativeInput_ReturnsNowPlusOffset(input: &quot;+2h&quot;, hours: 2, minutes: 0, seconds: 0)" computerName="WORKSTATION" duration="00:00:00.0000061" startTime="2026-05-01T13:35:04.0175486+02:00" endTime="2026-05-01T13:35:04.0175487+02:00" testType="13cdc9d9-ddb5-4fa4-a97d-d965ccfc6d4b" outcome="Passed" testListId="8c84fa94-04c1-424b-9868-57a2d4851a1d" relativeResultsDirectory="a9c01bf5-3afb-4b9c-a4fd-0686a1145c1d" />
    <UnitTestResult executionId="ff4edd0a-239d-4da0-8a70-e30dd0366429" testId="8d2a6f42-8485-ce0d-6b3b-6be233f90474" testName="WindowsTrayTasks.Domain.Tests.DateInputParserTests.Parse_EmptyInput_ReturnsNull(input: &quot;   &quot;)" computerName="WORKSTATION" duration="00:00:00.0040518" startTime="2026-05-01T13:35:03.9907502+02:00" endTime="2026-05-01T13:35:03.9907706+02:00" testType="13cdc9d9-ddb5-4fa4-a97d-d965ccfc6d4b" outcome="Passed" testListId="8c84fa94-04c1-424b-9868-57a2d4851a1d" relativeResultsDirectory="ff4edd0a-239d-4da0-8a70-e30dd0366429" />
    <UnitTestResult executionId="fee7ba7e-d28f-4990-bc2d-6817446f1ecd" testId="5cc03db7-2b40-cad3-7fdf-2402287b685a" testName="WindowsTrayTasks.Domain.Tests.TaskFilterTests.Apply_SearchText_MatchesTitleAndNotes" computerName="WORKSTATION" duration="00:00:00.0019941" startTime="2026-05-01T13:35:04.0176916+02:00" endTime="2026-05-01T13:35:04.0176916+02:00" testType="13cdc9d9-ddb5-4fa4-a97d-d965ccfc6d4b" outcome="Passed" testListId="8c84fa94-04c1-424b-9868-57a2d4851a1d" relativeResultsDirectory="fee7ba7e-d28f-4990-bc2d-6817446f1ecd" />
    <UnitTestResult executionId="f0a5e3ea-96a6-48c9-8ef5-d742ce9853df" testId="26231397-8218-75bf-a020-90a39229e24c" testName="WindowsTrayTasks.Domain.Tests.ReminderScannerTests.Scan_DisabledReminder_DoesNotFire" computerName="WORKSTATION" duration="00:00:00.0008164" startTime="2026-05-01T13:35:04.0190283+02:00" endTime="2026-05-01T13:35:04.0190284+02:00" testType="13cdc9d9-ddb5-4fa4-a97d-d965ccfc6d4b" outcome="Passed" testListId="8c84fa94-04c1-424b-9868-57a2d4851a1d" relativeResultsDirectory="f0a5e3ea-96a6-48c9-8ef5-d742ce9853df" />
    <UnitTestResult executionId="9f187814-a0bd-4026-889b-3a99daae1f36" testId="5e6327bd-dbc0-1fae-524d-b8a361315e30" testName="WindowsTrayTasks.Domain.Tests.ReminderScannerTests.Scan_MultiplePastReminders_CoalescesIntoOneResultList" computerName="WORKSTATION" duration="00:00:00.0020221" startTime="2026-05-01T13:35:04.0177445+02:00" endTime="2026-05-01T13:35:04.0177445+02:00" testType="13cdc9d9-ddb5-4fa4-a97d-d965ccfc6d4b" outcome="Passed" testListId="8c84fa94-04c1-424b-9868-57a2d4851a1d" relativeResultsDirectory="9f187814-a0bd-4026-889b-3a99daae1f36" />
    <UnitTestResult executionId="ee0f5d01-6f36-4870-8b13-517bec3a71d0" testId="3167c69e-917f-400e-49f4-bfc38ab25875" testName="WindowsTrayTasks.Domain.Tests.DateInputParserTests.Parse_EmptyInput_ReturnsNull(input: &quot;&quot;)" computerName="WORKSTATION" duration="00:00:00.0001126" startTime="2026-05-01T13:35:03.9938211+02:00" endTime="2026-05-01T13:35:03.9938211+02:00" testType="13cdc9d9-ddb5-4fa4-a97d-d965ccfc6d4b" outcome="Passed" testListId="8c84fa94-04c1-424b-9868-57a2d4851a1d" relativeResultsDirectory="ee0f5d01-6f36-4870-8b13-517bec3a71d0" />
    <UnitTestResult executionId="0792f127-7887-4106-9c70-c494e6872503" testId="16ca371b-962a-5c71-577d-0dcc89d60b59" testName="WindowsTrayTasks.Domain.Tests.ReminderScannerTests.Scan_FutureNextFireAt_DoesNotFire" computerName="WORKSTATION" duration="00:00:00.0002978" startTime="2026-05-01T13:35:04.0190684+02:00" endTime="2026-05-01T13:35:04.0190684+02:00" testType="13cdc9d9-ddb5-4fa4-a97d-d965ccfc6d4b" outcome="Passed" testListId="8c84fa94-04c1-424b-9868-57a2d4851a1d" relativeResultsDirectory="0792f127-7887-4106-9c70-c494e6872503" />
    <UnitTestResult executionId="1f519ac9-9b9b-45dd-b614-1ebc5a69bd64" testId="ecd2a25e-e216-2b3d-6ed8-84776255cdeb" testName="WindowsTrayTasks.Domain.Tests.DateInputParserTests.Parse_RelativeInput_ReturnsNowPlusOffset(input: &quot;+1d&quot;, hours: 24, minutes: 0, seconds: 0)" computerName="WORKSTATION" duration="00:00:00.0023579" startTime="2026-05-01T13:35:03.9938758+02:00" endTime="2026-05-01T13:35:03.9938759+02:00" testType="13cdc9d9-ddb5-4fa4-a97d-d965ccfc6d4b" outcome="Passed" testListId="8c84fa94-04c1-424b-9868-57a2d4851a1d" relativeResultsDirectory="1f519ac9-9b9b-45dd-b614-1ebc5a69bd64" />
    <UnitTestResult executionId="e69bfd1b-dde8-45f9-be22-f2c547e40930" testId="d052a780-ffc9-f2b1-2092-4ba16518aca4" testName="WindowsTrayTasks.Domain.Tests.DateInputParserTests.Parse_InvalidRelativeUnit_ReturnsNull" computerName="WORKSTATION" duration="00:00:00.0000737" startTime="2026-05-01T13:35:04.0175989+02:00" endTime="2026-05-01T13:35:04.0175990+02:00" testType="13cdc9d9-ddb5-4fa4-a97d-d965ccfc6d4b" outcome="Passed" testListId="8c84fa94-04c1-424b-9868-57a2d4851a1d" relativeResultsDirectory="e69bfd1b-dde8-45f9-be22-f2c547e40930" />
    <UnitTestResult executionId="222da953-9eac-4e87-bb5c-30190704de77" testId="87e75758-7345-11c6-12cb-8ed4fab552d3" testName="WindowsTrayTasks.Domain.Tests.TaskFilterTests.Apply_StateMode_ReturnsOnlyMatchingState" computerName="WORKSTATION" duration="00:00:00.0004851" startTime="2026-05-01T13:35:04.0190018+02:00" endTime="2026-05-01T13:35:04.0190018+02:00" testType="13cdc9d9-ddb5-4fa4-a97d-d965ccfc6d4b" outcome="Passed" testListId="8c84fa94-04c1-424b-9868-57a2d4851a1d" relativeResultsDirectory="222da953-9eac-4e87-bb5c-30190704de77" />
    <UnitTestResult executionId="23d2118c-9ab0-4b53-b74e-6f46c26a219f" testId="d921263b-db6d-5c94-5237-19665d547c21" testName="WindowsTrayTasks.Domain.Tests.DateInputParserTests.Parse_RelativeInput_ReturnsNowPlusOffset(input: &quot;+5m&quot;, hours: 0, minutes: 5, seconds: 0)" computerName="WORKSTATION" duration="00:00:00.0002283" startTime="2026-05-01T13:35:04.0174081+02:00" endTime="2026-05-01T13:35:04.0174085+02:00" testType="13cdc9d9-ddb5-4fa4-a97d-d965ccfc6d4b" outcome="Passed" testListId="8c84fa94-04c1-424b-9868-57a2d4851a1d" relativeResultsDirectory="23d2118c-9ab0-4b53-b74e-6f46c26a219f" />
    <UnitTestResult executionId="8822c3a1-12e8-4c0a-ad23-602026fd9859" testId="18f81a39-e655-1908-c3c1-18df6036603f" testName="WindowsTrayTasks.Domain.Tests.EntityFactoryTests.SequentialIdGenerator_NewId_ReturnsStableIncreasingIds" computerName="WORKSTATION" duration="00:00:00.0024649" startTime="2026-05-01T13:35:03.9939724+02:00" endTime="2026-05-01T13:35:03.9939724+02:00" testType="13cdc9d9-ddb5-4fa4-a97d-d965ccfc6d4b" outcome="Passed" testListId="8c84fa94-04c1-424b-9868-57a2d4851a1d" relativeResultsDirectory="8822c3a1-12e8-4c0a-ad23-602026fd9859" />
    <UnitTestResult executionId="bb274ad2-3ffd-4918-8c5a-727d06272dd1" testId="80604154-3edc-7af6-f14b-5f6e650d6091" testName="WindowsTrayTasks.Domain.Tests.EntityFactoryTests.FakeClock_AdvanceAndSet_ControlsUtcNow" computerName="WORKSTATION" duration="00:00:00.0040299" startTime="2026-05-01T13:35:03.9926961+02:00" endTime="2026-05-01T13:35:03.9926961+02:00" testType="13cdc9d9-ddb5-4fa4-a97d-d965ccfc6d4b" outcome="Passed" testListId="8c84fa94-04c1-424b-9868-57a2d4851a1d" relativeResultsDirectory="bb274ad2-3ffd-4918-8c5a-727d06272dd1" />
    <UnitTestResult executionId="a0c157a1-682d-43c0-9dcb-cea6957e56c9" testId="7e9defaf-985b-b6eb-9d89-ef38b7af6a93" testName="WindowsTrayTasks.Domain.Tests.ReminderScannerTests.Scan_PastNextFireAt_MarksOverdueAndAdvances" computerName="WORKSTATION" duration="00:00:00.0086298" startTime="2026-05-01T13:35:03.9939525+02:00" endTime="2026-05-01T13:35:03.9939525+02:00" testType="13cdc9d9-ddb5-4fa4-a97d-d965ccfc6d4b" outcome="Passed" testListId="8c84fa94-04c1-424b-9868-57a2d4851a1d" relativeResultsDirectory="a0c157a1-682d-43c0-9dcb-cea6957e56c9" />
    <UnitTestResult executionId="f1672d44-775e-4874-80e8-3bb1f7c9f4e4" testId="87566720-db73-d387-ec6b-3f003dc0740c" testName="WindowsTrayTasks.Domain.Tests.DateInputParserTests.Parse_ExplicitDateTime_ReturnsUtcInstant" computerName="WORKSTATION" duration="00:00:00.0019775" startTime="2026-05-01T13:35:04.0189060+02:00" endTime="2026-05-01T13:35:04.0189061+02:00" testType="13cdc9d9-ddb5-4fa4-a97d-d965ccfc6d4b" outcome="Passed" testListId="8c84fa94-04c1-424b-9868-57a2d4851a1d" relativeResultsDirectory="f1672d44-775e-4874-80e8-3bb1f7c9f4e4" />
    <UnitTestResult executionId="cf814b16-1169-465b-a87e-e9736a2d2d3d" testId="3288e09c-5fe6-6166-5194-cdc7454dae9c" testName="WindowsTrayTasks.Domain.Tests.DateInputParserTests.Parse_NullInput_ReturnsNull" computerName="WORKSTATION" duration="00:00:00.0000593" startTime="2026-05-01T13:35:04.0176431+02:00" endTime="2026-05-01T13:35:04.0176431+02:00" testType="13cdc9d9-ddb5-4fa4-a97d-d965ccfc6d4b" outcome="Passed" testListId="8c84fa94-04c1-424b-9868-57a2d4851a1d" relativeResultsDirectory="cf814b16-1169-465b-a87e-e9736a2d2d3d" />
    <UnitTestResult executionId="19917033-15b6-4696-b174-0d8b332241d5" testId="3d63889b-8e9e-dd22-256d-cec2ceb5d0bd" testName="WindowsTrayTasks.Domain.Tests.TaskFilterTests.Apply_OverdueMode_ReturnsTasksWithDueReminder" computerName="WORKSTATION" duration="00:00:00.0085938" startTime="2026-05-01T13:35:03.9939003+02:00" endTime="2026-05-01T13:35:03.9939004+02:00" testType="13cdc9d9-ddb5-4fa4-a97d-d965ccfc6d4b" outcome="Passed" testListId="8c84fa94-04c1-424b-9868-57a2d4851a1d" relativeResultsDirectory="19917033-15b6-4696-b174-0d8b332241d5" />
    <UnitTestResult executionId="25a02f4b-ad85-4e60-850b-5802a549513d" testId="c5a6f463-4dc2-6f5f-57dd-9810b94e4f28" testName="WindowsTrayTasks.Domain.Tests.EntityFactoryTests.CreateTask_UsesInjectedClockAndIds" computerName="WORKSTATION" duration="00:00:00.0024943" startTime="2026-05-01T13:35:04.0189853+02:00" endTime="2026-05-01T13:35:04.0189854+02:00" testType="13cdc9d9-ddb5-4fa4-a97d-d965ccfc6d4b" outcome="Passed" testListId="8c84fa94-04c1-424b-9868-57a2d4851a1d" relativeResultsDirectory="25a02f4b-ad85-4e60-850b-5802a549513d" />
  </Results>
  <TestDefinitions>
    <UnitTest name="WindowsTrayTasks.Domain.Tests.TaskFilterTests.Apply_StateMode_ReturnsOnlyMatchingState" storage="c:\users\frsks\onedrive\desktop\repositories\todo-app\tests\domain.tests\bin\debug\net9.0\windowstraytasks.domain.tests.dll" id="87e75758-7345-11c6-12cb-8ed4fab552d3">
      <Execution id="222da953-9eac-4e87-bb5c-30190704de77" />
      <TestMethod codeBase="C:\Users\frsks\OneDrive\Desktop\Repositories\Todo-App\tests\Domain.Tests\bin\Debug\net9.0\WindowsTrayTasks.Domain.Tests.dll" adapterTypeName="executor://xunit/VsTestRunner2/netcoreapp" className="WindowsTrayTasks.Domain.Tests.TaskFilterTests" name="Apply_StateMode_ReturnsOnlyMatchingState" />
    </UnitTest>
    <UnitTest name="WindowsTrayTasks.Domain.Tests.DateInputParserTests.Parse_EmptyInput_ReturnsNull(input: &quot;   &quot;)" storage="c:\users\frsks\onedrive\desktop\repositories\todo-app\tests\domain.tests\bin\debug\net9.0\windowstraytasks.domain.tests.dll" id="8d2a6f42-8485-ce0d-6b3b-6be233f90474">
      <Execution id="ff4edd0a-239d-4da0-8a70-e30dd0366429" />
      <TestMethod codeBase="C:\Users\frsks\OneDrive\Desktop\Repositories\Todo-App\tests\Domain.Tests\bin\Debug\net9.0\WindowsTrayTasks.Domain.Tests.dll" adapterTypeName="executor://xunit/VsTestRunner2/netcoreapp" className="WindowsTrayTasks.Domain.Tests.DateInputParserTests" name="Parse_EmptyInput_ReturnsNull" />
    </UnitTest>
    <UnitTest name="WindowsTrayTasks.Domain.Tests.DateInputParserTests.Parse_RelativeInput_ReturnsNowPlusOffset(input: &quot;+1d&quot;, hours: 24, minutes: 0, seconds: 0)" storage="c:\users\frsks\onedrive\desktop\repositories\todo-app\tests\domain.tests\bin\debug\net9.0\windowstraytasks.domain.tests.dll" id="ecd2a25e-e216-2b3d-6ed8-84776255cdeb">
      <Execution id="1f519ac9-9b9b-45dd-b614-1ebc5a69bd64" />
      <TestMethod codeBase="C:\Users\frsks\OneDrive\Desktop\Repositories\Todo-App\tests\Domain.Tests\bin\Debug\net9.0\WindowsTrayTasks.Domain.Tests.dll" adapterTypeName="executor://xunit/VsTestRunner2/netcoreapp" className="WindowsTrayTasks.Domain.Tests.DateInputParserTests" name="Parse_RelativeInput_ReturnsNowPlusOffset" />
    </UnitTest>
    <UnitTest name="WindowsTrayTasks.Domain.Tests.TaskFilterTests.Apply_SearchText_MatchesTitleAndNotes" storage="c:\users\frsks\onedrive\desktop\repositories\todo-app\tests\domain.tests\bin\debug\net9.0\windowstraytasks.domain.tests.dll" id="5cc03db7-2b40-cad3-7fdf-2402287b685a">
      <Execution id="fee7ba7e-d28f-4990-bc2d-6817446f1ecd" />
      <TestMethod codeBase="C:\Users\frsks\OneDrive\Desktop\Repositories\Todo-App\tests\Domain.Tests\bin\Debug\net9.0\WindowsTrayTasks.Domain.Tests.dll" adapterTypeName="executor://xunit/VsTestRunner2/netcoreapp" className="WindowsTrayTasks.Domain.Tests.TaskFilterTests" name="Apply_SearchText_MatchesTitleAndNotes" />
    </UnitTest>
    <UnitTest name="WindowsTrayTasks.Domain.Tests.EntityFactoryTests.FakeClock_AdvanceAndSet_ControlsUtcNow" storage="c:\users\frsks\onedrive\desktop\repositories\todo-app\tests\domain.tests\bin\debug\net9.0\windowstraytasks.domain.tests.dll" id="80604154-3edc-7af6-f14b-5f6e650d6091">
      <Execution id="bb274ad2-3ffd-4918-8c5a-727d06272dd1" />
      <TestMethod codeBase="C:\Users\frsks\OneDrive\Desktop\Repositories\Todo-App\tests\Domain.Tests\bin\Debug\net9.0\WindowsTrayTasks.Domain.Tests.dll" adapterTypeName="executor://xunit/VsTestRunner2/netcoreapp" className="WindowsTrayTasks.Domain.Tests.EntityFactoryTests" name="FakeClock_AdvanceAndSet_ControlsUtcNow" />
    </UnitTest>
    <UnitTest name="WindowsTrayTasks.Domain.Tests.DateInputParserTests.Parse_EmptyInput_ReturnsNull(input: &quot;&quot;)" storage="c:\users\frsks\onedrive\desktop\repositories\todo-app\tests\domain.tests\bin\debug\net9.0\windowstraytasks.domain.tests.dll" id="3167c69e-917f-400e-49f4-bfc38ab25875">
      <Execution id="ee0f5d01-6f36-4870-8b13-517bec3a71d0" />
      <TestMethod codeBase="C:\Users\frsks\OneDrive\Desktop\Repositories\Todo-App\tests\Domain.Tests\bin\Debug\net9.0\WindowsTrayTasks.Domain.Tests.dll" adapterTypeName="executor://xunit/VsTestRunner2/netcoreapp" className="WindowsTrayTasks.Domain.Tests.DateInputParserTests" name="Parse_EmptyInput_ReturnsNull" />
    </UnitTest>
    <UnitTest name="WindowsTrayTasks.Domain.Tests.DateInputParserTests.Parse_RelativeInput_ReturnsNowPlusOffset(input: &quot;+2h&quot;, hours: 2, minutes: 0, seconds: 0)" storage="c:\users\frsks\onedrive\desktop\repositories\todo-app\tests\domain.tests\bin\debug\net9.0\windowstraytasks.domain.tests.dll" id="9f326d94-8299-2b6f-d84a-463509fdd83e">
      <Execution id="a9c01bf5-3afb-4b9c-a4fd-0686a1145c1d" />
      <TestMethod codeBase="C:\Users\frsks\OneDrive\Desktop\Repositories\Todo-App\tests\Domain.Tests\bin\Debug\net9.0\WindowsTrayTasks.Domain.Tests.dll" adapterTypeName="executor://xunit/VsTestRunner2/netcoreapp" className="WindowsTrayTasks.Domain.Tests.DateInputParserTests" name="Parse_RelativeInput_ReturnsNowPlusOffset" />
    </UnitTest>
    <UnitTest name="WindowsTrayTasks.Domain.Tests.ReminderScannerTests.Scan_PastNextFireAt_MarksOverdueAndAdvances" storage="c:\users\frsks\onedrive\desktop\repositories\todo-app\tests\domain.tests\bin\debug\net9.0\windowstraytasks.domain.tests.dll" id="7e9defaf-985b-b6eb-9d89-ef38b7af6a93">
      <Execution id="a0c157a1-682d-43c0-9dcb-cea6957e56c9" />
      <TestMethod codeBase="C:\Users\frsks\OneDrive\Desktop\Repositories\Todo-App\tests\Domain.Tests\bin\Debug\net9.0\WindowsTrayTasks.Domain.Tests.dll" adapterTypeName="executor://xunit/VsTestRunner2/netcoreapp" className="WindowsTrayTasks.Domain.Tests.ReminderScannerTests" name="Scan_PastNextFireAt_MarksOverdueAndAdvances" />
    </UnitTest>
    <UnitTest name="WindowsTrayTasks.Domain.Tests.ReminderScannerTests.Scan_DisabledReminder_DoesNotFire" storage="c:\users\frsks\onedrive\desktop\repositories\todo-app\tests\domain.tests\bin\debug\net9.0\windowstraytasks.domain.tests.dll" id="26231397-8218-75bf-a020-90a39229e24c">
      <Execution id="f0a5e3ea-96a6-48c9-8ef5-d742ce9853df" />
      <TestMethod codeBase="C:\Users\frsks\OneDrive\Desktop\Repositories\Todo-App\tests\Domain.Tests\bin\Debug\net9.0\WindowsTrayTasks.Domain.Tests.dll" adapterTypeName="executor://xunit/VsTestRunner2/netcoreapp" className="WindowsTrayTasks.Domain.Tests.ReminderScannerTests" name="Scan_DisabledReminder_DoesNotFire" />
    </UnitTest>
    <UnitTest name="WindowsTrayTasks.Domain.Tests.DateInputParserTests.Parse_InvalidRelativeUnit_ReturnsNull" storage="c:\users\frsks\onedrive\desktop\repositories\todo-app\tests\domain.tests\bin\debug\net9.0\windowstraytasks.domain.tests.dll" id="d052a780-ffc9-f2b1-2092-4ba16518aca4">
      <Execution id="e69bfd1b-dde8-45f9-be22-f2c547e40930" />
      <TestMethod codeBase="C:\Users\frsks\OneDrive\Desktop\Repositories\Todo-App\tests\Domain.Tests\bin\Debug\net9.0\WindowsTrayTasks.Domain.Tests.dll" adapterTypeName="executor://xunit/VsTestRunner2/netcoreapp" className="WindowsTrayTasks.Domain.Tests.DateInputParserTests" name="Parse_InvalidRelativeUnit_ReturnsNull" />
    </UnitTest>
    <UnitTest name="WindowsTrayTasks.Domain.Tests.ReminderScannerTests.Scan_FutureNextFireAt_DoesNotFire" storage="c:\users\frsks\onedrive\desktop\repositories\todo-app\tests\domain.tests\bin\debug\net9.0\windowstraytasks.domain.tests.dll" id="16ca371b-962a-5c71-577d-0dcc89d60b59">
      <Execution id="0792f127-7887-4106-9c70-c494e6872503" />
      <TestMethod codeBase="C:\Users\frsks\OneDrive\Desktop\Repositories\Todo-App\tests\Domain.Tests\bin\Debug\net9.0\WindowsTrayTasks.Domain.Tests.dll" adapterTypeName="executor://xunit/VsTestRunner2/netcoreapp" className="WindowsTrayTasks.Domain.Tests.ReminderScannerTests" name="Scan_FutureNextFireAt_DoesNotFire" />
    </UnitTest>
    <UnitTest name="WindowsTrayTasks.Domain.Tests.TaskFilterTests.Apply_OverdueMode_ReturnsTasksWithDueReminder" storage="c:\users\frsks\onedrive\desktop\repositories\todo-app\tests\domain.tests\bin\debug\net9.0\windowstraytasks.domain.tests.dll" id="3d63889b-8e9e-dd22-256d-cec2ceb5d0bd">
      <Execution id="19917033-15b6-4696-b174-0d8b332241d5" />
      <TestMethod codeBase="C:\Users\frsks\OneDrive\Desktop\Repositories\Todo-App\tests\Domain.Tests\bin\Debug\net9.0\WindowsTrayTasks.Domain.Tests.dll" adapterTypeName="executor://xunit/VsTestRunner2/netcoreapp" className="WindowsTrayTasks.Domain.Tests.TaskFilterTests" name="Apply_OverdueMode_ReturnsTasksWithDueReminder" />
    </UnitTest>
    <UnitTest name="WindowsTrayTasks.Domain.Tests.DateInputParserTests.Parse_NullInput_ReturnsNull" storage="c:\users\frsks\onedrive\desktop\repositories\todo-app\tests\domain.tests\bin\debug\net9.0\windowstraytasks.domain.tests.dll" id="3288e09c-5fe6-6166-5194-cdc7454dae9c">
      <Execution id="cf814b16-1169-465b-a87e-e9736a2d2d3d" />
      <TestMethod codeBase="C:\Users\frsks\OneDrive\Desktop\Repositories\Todo-App\tests\Domain.Tests\bin\Debug\net9.0\WindowsTrayTasks.Domain.Tests.dll" adapterTypeName="executor://xunit/VsTestRunner2/netcoreapp" className="WindowsTrayTasks.Domain.Tests.DateInputParserTests" name="Parse_NullInput_ReturnsNull" />
    </UnitTest>
    <UnitTest name="WindowsTrayTasks.Domain.Tests.EntityFactoryTests.CreateTask_UsesInjectedClockAndIds" storage="c:\users\frsks\onedrive\desktop\repositories\todo-app\tests\domain.tests\bin\debug\net9.0\windowstraytasks.domain.tests.dll" id="c5a6f463-4dc2-6f5f-57dd-9810b94e4f28">
      <Execution id="25a02f4b-ad85-4e60-850b-5802a549513d" />
      <TestMethod codeBase="C:\Users\frsks\OneDrive\Desktop\Repositories\Todo-App\tests\Domain.Tests\bin\Debug\net9.0\WindowsTrayTasks.Domain.Tests.dll" adapterTypeName="executor://xunit/VsTestRunner2/netcoreapp" className="WindowsTrayTasks.Domain.Tests.EntityFactoryTests" name="CreateTask_UsesInjectedClockAndIds" />
    </UnitTest>
    <UnitTest name="WindowsTrayTasks.Domain.Tests.DateInputParserTests.Parse_ExplicitDateTime_ReturnsUtcInstant" storage="c:\users\frsks\onedrive\desktop\repositories\todo-app\tests\domain.tests\bin\debug\net9.0\windowstraytasks.domain.tests.dll" id="87566720-db73-d387-ec6b-3f003dc0740c">
      <Execution id="f1672d44-775e-4874-80e8-3bb1f7c9f4e4" />
      <TestMethod codeBase="C:\Users\frsks\OneDrive\Desktop\Repositories\Todo-App\tests\Domain.Tests\bin\Debug\net9.0\WindowsTrayTasks.Domain.Tests.dll" adapterTypeName="executor://xunit/VsTestRunner2/netcoreapp" className="WindowsTrayTasks.Domain.Tests.DateInputParserTests" name="Parse_ExplicitDateTime_ReturnsUtcInstant" />
    </UnitTest>
    <UnitTest name="WindowsTrayTasks.Domain.Tests.ReminderScannerTests.Scan_MultiplePastReminders_CoalescesIntoOneResultList" storage="c:\users\frsks\onedrive\desktop\repositories\todo-app\tests\domain.tests\bin\debug\net9.0\windowstraytasks.domain.tests.dll" id="5e6327bd-dbc0-1fae-524d-b8a361315e30">
      <Execution id="9f187814-a0bd-4026-889b-3a99daae1f36" />
      <TestMethod codeBase="C:\Users\frsks\OneDrive\Desktop\Repositories\Todo-App\tests\Domain.Tests\bin\Debug\net9.0\WindowsTrayTasks.Domain.Tests.dll" adapterTypeName="executor://xunit/VsTestRunner2/netcoreapp" className="WindowsTrayTasks.Domain.Tests.ReminderScannerTests" name="Scan_MultiplePastReminders_CoalescesIntoOneResultList" />
    </UnitTest>
    <UnitTest name="WindowsTrayTasks.Domain.Tests.DateInputParserTests.Parse_RelativeInput_ReturnsNowPlusOffset(input: &quot;+5m&quot;, hours: 0, minutes: 5, seconds: 0)" storage="c:\users\frsks\onedrive\desktop\repositories\todo-app\tests\domain.tests\bin\debug\net9.0\windowstraytasks.domain.tests.dll" id="d921263b-db6d-5c94-5237-19665d547c21">
      <Execution id="23d2118c-9ab0-4b53-b74e-6f46c26a219f" />
      <TestMethod codeBase="C:\Users\frsks\OneDrive\Desktop\Repositories\Todo-App\tests\Domain.Tests\bin\Debug\net9.0\WindowsTrayTasks.Domain.Tests.dll" adapterTypeName="executor://xunit/VsTestRunner2/netcoreapp" className="WindowsTrayTasks.Domain.Tests.DateInputParserTests" name="Parse_RelativeInput_ReturnsNowPlusOffset" />
    </UnitTest>
    <UnitTest name="WindowsTrayTasks.Domain.Tests.EntityFactoryTests.SequentialIdGenerator_NewId_ReturnsStableIncreasingIds" storage="c:\users\frsks\onedrive\desktop\repositories\todo-app\tests\domain.tests\bin\debug\net9.0\windowstraytasks.domain.tests.dll" id="18f81a39-e655-1908-c3c1-18df6036603f">
      <Execution id="8822c3a1-12e8-4c0a-ad23-602026fd9859" />
      <TestMethod codeBase="C:\Users\frsks\OneDrive\Desktop\Repositories\Todo-App\tests\Domain.Tests\bin\Debug\net9.0\WindowsTrayTasks.Domain.Tests.dll" adapterTypeName="executor://xunit/VsTestRunner2/netcoreapp" className="WindowsTrayTasks.Domain.Tests.EntityFactoryTests" name="SequentialIdGenerator_NewId_ReturnsStableIncreasingIds" />
    </UnitTest>
  </TestDefinitions>
  <TestEntries>
    <TestEntry testId="9f326d94-8299-2b6f-d84a-463509fdd83e" executionId="a9c01bf5-3afb-4b9c-a4fd-0686a1145c1d" testListId="8c84fa94-04c1-424b-9868-57a2d4851a1d" />
    <TestEntry testId="8d2a6f42-8485-ce0d-6b3b-6be233f90474" executionId="ff4edd0a-239d-4da0-8a70-e30dd0366429" testListId="8c84fa94-04c1-424b-9868-57a2d4851a1d" />
    <TestEntry testId="5cc03db7-2b40-cad3-7fdf-2402287b685a" executionId="fee7ba7e-d28f-4990-bc2d-6817446f1ecd" testListId="8c84fa94-04c1-424b-9868-57a2d4851a1d" />
    <TestEntry testId="26231397-8218-75bf-a020-90a39229e24c" executionId="f0a5e3ea-96a6-48c9-8ef5-d742ce9853df" testListId="8c84fa94-04c1-424b-9868-57a2d4851a1d" />
    <TestEntry testId="5e6327bd-dbc0-1fae-524d-b8a361315e30" executionId="9f187814-a0bd-4026-889b-3a99daae1f36" testListId="8c84fa94-04c1-424b-9868-57a2d4851a1d" />
    <TestEntry testId="3167c69e-917f-400e-49f4-bfc38ab25875" executionId="ee0f5d01-6f36-4870-8b13-517bec3a71d0" testListId="8c84fa94-04c1-424b-9868-57a2d4851a1d" />
    <TestEntry testId="16ca371b-962a-5c71-577d-0dcc89d60b59" executionId="0792f127-7887-4106-9c70-c494e6872503" testListId="8c84fa94-04c1-424b-9868-57a2d4851a1d" />
    <TestEntry testId="ecd2a25e-e216-2b3d-6ed8-84776255cdeb" executionId="1f519ac9-9b9b-45dd-b614-1ebc5a69bd64" testListId="8c84fa94-04c1-424b-9868-57a2d4851a1d" />
    <TestEntry testId="d052a780-ffc9-f2b1-2092-4ba16518aca4" executionId="e69bfd1b-dde8-45f9-be22-f2c547e40930" testListId="8c84fa94-04c1-424b-9868-57a2d4851a1d" />
    <TestEntry testId="87e75758-7345-11c6-12cb-8ed4fab552d3" executionId="222da953-9eac-4e87-bb5c-30190704de77" testListId="8c84fa94-04c1-424b-9868-57a2d4851a1d" />
    <TestEntry testId="d921263b-db6d-5c94-5237-19665d547c21" executionId="23d2118c-9ab0-4b53-b74e-6f46c26a219f" testListId="8c84fa94-04c1-424b-9868-57a2d4851a1d" />
    <TestEntry testId="18f81a39-e655-1908-c3c1-18df6036603f" executionId="8822c3a1-12e8-4c0a-ad23-602026fd9859" testListId="8c84fa94-04c1-424b-9868-57a2d4851a1d" />
    <TestEntry testId="80604154-3edc-7af6-f14b-5f6e650d6091" executionId="bb274ad2-3ffd-4918-8c5a-727d06272dd1" testListId="8c84fa94-04c1-424b-9868-57a2d4851a1d" />
    <TestEntry testId="7e9defaf-985b-b6eb-9d89-ef38b7af6a93" executionId="a0c157a1-682d-43c0-9dcb-cea6957e56c9" testListId="8c84fa94-04c1-424b-9868-57a2d4851a1d" />
    <TestEntry testId="87566720-db73-d387-ec6b-3f003dc0740c" executionId="f1672d44-775e-4874-80e8-3bb1f7c9f4e4" testListId="8c84fa94-04c1-424b-9868-57a2d4851a1d" />
    <TestEntry testId="3288e09c-5fe6-6166-5194-cdc7454dae9c" executionId="cf814b16-1169-465b-a87e-e9736a2d2d3d" testListId="8c84fa94-04c1-424b-9868-57a2d4851a1d" />
    <TestEntry testId="3d63889b-8e9e-dd22-256d-cec2ceb5d0bd" executionId="19917033-15b6-4696-b174-0d8b332241d5" testListId="8c84fa94-04c1-424b-9868-57a2d4851a1d" />
    <TestEntry testId="c5a6f463-4dc2-6f5f-57dd-9810b94e4f28" executionId="25a02f4b-ad85-4e60-850b-5802a549513d" testListId="8c84fa94-04c1-424b-9868-57a2d4851a1d" />
  </TestEntries>
  <TestLists>
    <TestList name="Results Not in a List" id="8c84fa94-04c1-424b-9868-57a2d4851a1d" />
    <TestList name="All Loaded Results" id="19431567-8539-422a-85d7-44ee4e166bda" />
  </TestLists>
  <ResultSummary outcome="Completed">
    <Counters total="18" executed="18" passed="18" failed="0" error="0" timeout="0" aborted="0" inconclusive="0" passedButRunAborted="0" notRunnable="0" notExecuted="0" disconnected="0" warning="0" completed="0" inProgress="0" pending="0" />
    <Output>
      <StdOut>[xUnit.net 00:00:00.00] xUnit.net VSTest Adapter v2.8.2+699d445a1a (64-bit .NET 9.0.4)&#xD;
[xUnit.net 00:00:00.05]   Discovering: WindowsTrayTasks.Domain.Tests&#xD;
[xUnit.net 00:00:00.08]   Discovered:  WindowsTrayTasks.Domain.Tests&#xD;
[xUnit.net 00:00:00.08]   Starting:    WindowsTrayTasks.Domain.Tests&#xD;
[xUnit.net 00:00:00.15]   Finished:    WindowsTrayTasks.Domain.Tests&#xD;
</StdOut>
    </Output>
  </ResultSummary>
</TestRun>