<?xml version="1.0" encoding="utf-8"?>
<TestRun id="452026c1-f578-4e58-bdbd-130c2b905bee" name="frsks@WORKSTATION 2026-05-01 15:58:12" runUser="WORKSTATION\frsks" xmlns="http://microsoft.com/schemas/VisualStudio/TeamTest/2010">
  <Times creation="2026-05-01T15:58:12.5401589+02:00" queuing="2026-05-01T15:58:12.5401595+02:00" start="2026-05-01T15:58:11.9852329+02:00" finish="2026-05-01T15:58:12.5731253+02:00" />
  <TestSettings name="default" id="f426258d-33ab-4a91-bb9e-e870e431e05c">
    <Deployment runDeploymentRoot="frsks_WORKSTATION_2026-05-01_15_58_12" />
  </TestSettings>
  <Results>
    <UnitTestResult executionId="4218592c-8bfc-452e-9f36-5ab54f1d40ca" testId="d839afc7-5936-9fce-27f9-0cd1dce2a4a2" testName="WindowsTrayTasks.Domain.Tests.TagExtractorTests.ExtractTags_HyphenUnderscoreDot_AreAllowedInsideToken" computerName="WORKSTATION" duration="00:00:00.0119423" startTime="2026-05-01T15:58:12.5157723+02:00" endTime="2026-05-01T15:58:12.5157723+02:00" testType="13cdc9d9-ddb5-4fa4-a97d-d965ccfc6d4b" outcome="Passed" testListId="8c84fa94-04c1-424b-9868-57a2d4851a1d" relativeResultsDirectory="4218592c-8bfc-452e-9f36-5ab54f1d40ca" />
    <UnitTestResult executionId="a6441d89-aa74-48ad-ac84-34785fa4b4ba" testId="87e75758-7345-11c6-12cb-8ed4fab552d3" testName="WindowsTrayTasks.Domain.Tests.TaskFilterTests.Apply_StateMode_ReturnsOnlyMatchingState" computerName="WORKSTATION" duration="00:00:00.0002786" startTime="2026-05-01T15:58:12.5158788+02:00" endTime="2026-05-01T15:58:12.5158788+02:00" testType="13cdc9d9-ddb5-4fa4-a97d-d965ccfc6d4b" outcome="Passed" testListId="8c84fa94-04c1-424b-9868-57a2d4851a1d" relativeResultsDirectory="a6441d89-aa74-48ad-ac84-34785fa4b4ba" />
    <UnitTestResult executionId="0f3cfe8d-e299-450e-9072-c1d71716bfc6" testId="d052a780-ffc9-f2b1-2092-4ba16518aca4" testName="WindowsTrayTasks.Domain.Tests.DateInputParserTests.Parse_InvalidRelativeUnit_ReturnsNull" computerName="WORKSTATION" duration="00:00:00.0000788" startTime="2026-05-01T15:58:12.5153567+02:00" endTime="2026-05-01T15:58:12.5153568+02:00" testType="13cdc9d9-ddb5-4fa4-a97d-d965ccfc6d4b" outcome="Passed" testListId="8c84fa94-04c1-424b-9868-57a2d4851a1d" relativeResultsDirectory="0f3cfe8d-e299-450e-9072-c1d71716bfc6" />
    <UnitTestResult executionId="5fbadd41-1f23-47a5-a420-387334002eb1" testId="5cc03db7-2b40-cad3-7fdf-2402287b685a" testName="WindowsTrayTasks.Domain.Tests.TaskFilterTests.Apply_SearchText_MatchesTitleAndNotes" computerName="WORKSTATION" duration="00:00:00.0003196" startTime="2026-05-01T15:58:12.5157996+02:00" endTime="2026-05-01T15:58:12.5157997+02:00" testType="13cdc9d9-ddb5-4fa4-a97d-d965ccfc6d4b" outcome="Passed" testListId="8c84fa94-04c1-424b-9868-57a2d4851a1d" relativeResultsDirectory="5fbadd41-1f23-47a5-a420-387334002eb1" />
    <UnitTestResult executionId="fe6a1a30-2fbe-480e-a1ca-6f0e2d1e91c3" testId="1f3942f7-881d-7016-1c35-941acc2d38b0" testName="WindowsTrayTasks.Domain.Tests.TaskFilterTests.Apply_ComposedFilter_AndsPageStateDateSearchAndTags" computerName="WORKSTATION" duration="00:00:00.0017462" startTime="2026-05-01T15:58:12.5154415+02:00" endTime="2026-05-01T15:58:12.5154415+02:00" testType="13cdc9d9-ddb5-4fa4-a97d-d965ccfc6d4b" outcome="Passed" testListId="8c84fa94-04c1-424b-9868-57a2d4851a1d" relativeResultsDirectory="fe6a1a30-2fbe-480e-a1ca-6f0e2d1e91c3" />
    <UnitTestResult executionId="6227c72d-2034-4828-b1c3-d1375cd366d1" testId="3d63889b-8e9e-dd22-256d-cec2ceb5d0bd" testName="WindowsTrayTasks.Domain.Tests.TaskFilterTests.Apply_OverdueMode_ReturnsTasksWithDueReminder" computerName="WORKSTATION" duration="00:00:00.0010531" startTime="2026-05-01T15:58:12.5154136+02:00" endTime="2026-05-01T15:58:12.5154137+02:00" testType="13cdc9d9-ddb5-4fa4-a97d-d965ccfc6d4b" outcome="Passed" testListId="8c84fa94-04c1-424b-9868-57a2d4851a1d" relativeResultsDirectory="6227c72d-2034-4828-b1c3-d1375cd366d1" />
    <UnitTestResult executionId="1020f1bf-4c23-48e4-a6e0-3cd03cf492e4" testId="5e6327bd-dbc0-1fae-524d-b8a361315e30" testName="WindowsTrayTasks.Domain.Tests.ReminderScannerTests.Scan_MultiplePastReminders_CoalescesIntoOneResultList" computerName="WORKSTATION" duration="00:00:00.0023338" startTime="2026-05-01T15:58:12.5157421+02:00" endTime="2026-05-01T15:58:12.5157421+02:00" testType="13cdc9d9-ddb5-4fa4-a97d-d965ccfc6d4b" outcome="Passed" testListId="8c84fa94-04c1-424b-9868-57a2d4851a1d" relativeResultsDirectory="1020f1bf-4c23-48e4-a6e0-3cd03cf492e4" />
    <UnitTestResult executionId="26d89647-cdb6-469b-b39a-77db87b2d385" testId="e0eca087-bd43-51e0-4a4e-379638fa5b61" testName="WindowsTrayTasks.Domain.Tests.TaskFilterTests.Apply_UntaggedOnly_ExcludesTaggedTasks" computerName="WORKSTATION" duration="00:00:00.0088199" startTime="2026-05-01T15:58:12.5142203+02:00" endTime="2026-05-01T15:58:12.5142204+02:00" testType="13cdc9d9-ddb5-4fa4-a97d-d965ccfc6d4b" outcome="Passed" testListId="8c84fa94-04c1-424b-9868-57a2d4851a1d" relativeResultsDirectory="26d89647-cdb6-469b-b39a-77db87b2d385" />
    <UnitTestResult executionId="598b2d69-f77e-4311-a3d0-77a561393a60" testId="9f326d94-8299-2b6f-d84a-463509fdd83e" testName="WindowsTrayTasks.Domain.Tests.DateInputParserTests.Parse_RelativeInput_ReturnsNowPlusOffset(input: &quot;+2h&quot;, hours: 2, minutes: 0, seconds: 0)" computerName="WORKSTATION" duration="00:00:00.0000063" startTime="2026-05-01T15:58:12.5153295+02:00" endTime="2026-05-01T15:58:12.5153295+02:00" testType="13cdc9d9-ddb5-4fa4-a97d-d965ccfc6d4b" outcome="Passed" testListId="8c84fa94-04c1-424b-9868-57a2d4851a1d" relativeResultsDirectory="598b2d69-f77e-4311-a3d0-77a561393a60" />
    <UnitTestResult executionId="53b852df-4c23-482c-a185-b095e4ae8721" testId="c50e4d8a-281e-a1c7-5f68-acd2ce0cc207" testName="WindowsTrayTasks.Domain.Tests.SortOrderMathTests.Between_BottomOfList_ReturnsHigherThanPrevious" computerName="WORKSTATION" duration="00:00:00.0000795" startTime="2026-05-01T15:58:12.5141924+02:00" endTime="2026-05-01T15:58:12.5141924+02:00" testType="13cdc9d9-ddb5-4fa4-a97d-d965ccfc6d4b" outcome="Passed" testListId="8c84fa94-04c1-424b-9868-57a2d4851a1d" relativeResultsDirectory="53b852df-4c23-482c-a185-b095e4ae8721" />
    <UnitTestResult executionId="29e9140c-ef7e-4e3c-af5b-4b4951f839ce" testId="57378ada-ada7-c794-56ad-5e87dfdc5204" testName="WindowsTrayTasks.Domain.Tests.TagExtractorTests.ExtractTags_TrailingPunctuation_StripsPunctuation" computerName="WORKSTATION" duration="00:00:00.0000869" startTime="2026-05-01T15:58:12.5163260+02:00" endTime="2026-05-01T15:58:12.5163260+02:00" testType="13cdc9d9-ddb5-4fa4-a97d-d965ccfc6d4b" outcome="Passed" testListId="8c84fa94-04c1-424b-9868-57a2d4851a1d" relativeResultsDirectory="29e9140c-ef7e-4e3c-af5b-4b4951f839ce" />
    <UnitTestResult executionId="0c9f1b10-4ff7-4be8-88c6-d448e28c8e32" testId="8d2a6f42-8485-ce0d-6b3b-6be233f90474" testName="WindowsTrayTasks.Domain.Tests.DateInputParserTests.Parse_EmptyInput_ReturnsNull(input: &quot;   &quot;)" computerName="WORKSTATION" duration="00:00:00.0047172" startTime="2026-05-01T15:58:12.4909224+02:00" endTime="2026-05-01T15:58:12.4909224+02:00" testType="13cdc9d9-ddb5-4fa4-a97d-d965ccfc6d4b" outcome="Passed" testListId="8c84fa94-04c1-424b-9868-57a2d4851a1d" relativeResultsDirectory="0c9f1b10-4ff7-4be8-88c6-d448e28c8e32" />
    <UnitTestResult executionId="ff29c8ad-cbbd-470a-b7e5-84e2764edbee" testId="18f81a39-e655-1908-c3c1-18df6036603f" testName="WindowsTrayTasks.Domain.Tests.EntityFactoryTests.SequentialIdGenerator_NewId_ReturnsStableIncreasingIds" computerName="WORKSTATION" duration="00:00:00.0016083" startTime="2026-05-01T15:58:12.5142360+02:00" endTime="2026-05-01T15:58:12.5142360+02:00" testType="13cdc9d9-ddb5-4fa4-a97d-d965ccfc6d4b" outcome="Passed" testListId="8c84fa94-04c1-424b-9868-57a2d4851a1d" relativeResultsDirectory="ff29c8ad-cbbd-470a-b7e5-84e2764edbee" />
    <UnitTestResult executionId="9b813d1f-753a-46ee-93c8-31cf8d650098" testId="16ca371b-962a-5c71-577d-0dcc89d60b59" testName="WindowsTrayTasks.Domain.Tests.ReminderScannerTests.Scan_FutureNextFireAt_DoesNotFire" computerName="WORKSTATION" duration="00:00:00.0002865" startTime="2026-05-01T15:58:12.5159026+02:00" endTime="2026-05-01T15:58:12.5159027+02:00" testType="13cdc9d9-ddb5-4fa4-a97d-d965ccfc6d4b" outcome="Passed" testListId="8c84fa94-04c1-424b-9868-57a2d4851a1d" relativeResultsDirectory="9b813d1f-753a-46ee-93c8-31cf8d650098" />
    <UnitTestResult executionId="870491b0-32a5-4dd5-9416-7c5ce32b53cf" testId="c5a6f463-4dc2-6f5f-57dd-9810b94e4f28" testName="WindowsTrayTasks.Domain.Tests.EntityFactoryTests.CreateTask_UsesInjectedClockAndIds" computerName="WORKSTATION" duration="00:00:00.0028658" startTime="2026-05-01T15:58:12.5154542+02:00" endTime="2026-05-01T15:58:12.5154542+02:00" testType="13cdc9d9-ddb5-4fa4-a97d-d965ccfc6d4b" outcome="Passed" testListId="8c84fa94-04c1-424b-9868-57a2d4851a1d" relativeResultsDirectory="870491b0-32a5-4dd5-9416-7c5ce32b53cf" />
    <UnitTestResult executionId="151554c2-e8c7-47ab-a113-4d42eb28888e" testId="2d1c1d64-edef-3e88-7818-84df5ae5a509" testName="WindowsTrayTasks.Domain.Tests.TagExtractorTests.Normalize_TrimsAtSignAndLowercases" computerName="WORKSTATION" duration="00:00:00.0005449" startTime="2026-05-01T15:58:12.5159065+02:00" endTime="2026-05-01T15:58:12.5159066+02:00" testType="13cdc9d9-ddb5-4fa4-a97d-d965ccfc6d4b" outcome="Passed" testListId="8c84fa94-04c1-424b-9868-57a2d4851a1d" relativeResultsDirectory="151554c2-e8c7-47ab-a113-4d42eb28888e" />
    <UnitTestResult executionId="dc0621ef-fa3f-4583-84f5-a3a0f52aac39" testId="ed0d5a45-f068-b380-df4d-e57817df76d0" testName="WindowsTrayTasks.Domain.Tests.SortOrderMathTests.NeedsRenumber_GapBelowMinimum_ReturnsTrue" computerName="WORKSTATION" duration="00:00:00.0002225" startTime="2026-05-01T15:58:12.5139366+02:00" endTime="2026-05-01T15:58:12.5139367+02:00" testType="13cdc9d9-ddb5-4fa4-a97d-d965ccfc6d4b" outcome="Passed" testListId="8c84fa94-04c1-424b-9868-57a2d4851a1d" relativeResultsDirectory="dc0621ef-fa3f-4583-84f5-a3a0f52aac39" />
    <UnitTestResult executionId="9ced590b-17eb-49ae-809b-f8a38645bbf9" testId="26231397-8218-75bf-a020-90a39229e24c" testName="WindowsTrayTasks.Domain.Tests.ReminderScannerTests.Scan_DisabledReminder_DoesNotFire" computerName="WORKSTATION" duration="00:00:00.0003607" startTime="2026-05-01T15:58:12.5158438+02:00" endTime="2026-05-01T15:58:12.5158438+02:00" testType="13cdc9d9-ddb5-4fa4-a97d-d965ccfc6d4b" outcome="Passed" testListId="8c84fa94-04c1-424b-9868-57a2d4851a1d" relativeResultsDirectory="9ced590b-17eb-49ae-809b-f8a38645bbf9" />
    <UnitTestResult executionId="7b3f8d28-16e7-4db9-9bd3-69160a37668d" testId="304d4931-fbeb-f69b-5a95-e3eb45af097d" testName="WindowsTrayTasks.Domain.Tests.SortOrderMathTests.Between_TwoNeighbors_ReturnsMidpoint" computerName="WORKSTATION" duration="00:00:00.0000958" startTime="2026-05-01T15:58:12.5141260+02:00" endTime="2026-05-01T15:58:12.5141260+02:00" testType="13cdc9d9-ddb5-4fa4-a97d-d965ccfc6d4b" outcome="Passed" testListId="8c84fa94-04c1-424b-9868-57a2d4851a1d" relativeResultsDirectory="7b3f8d28-16e7-4db9-9bd3-69160a37668d" />
    <UnitTestResult executionId="859eb211-e56e-4045-8e4f-86b39bfc6670" testId="744ff5cb-0fef-f886-21e5-71298126b0e7" testName="WindowsTrayTasks.Domain.Tests.TagExtractorTests.ExtractTags_Duplicates_AreReturnedOnce" computerName="WORKSTATION" duration="00:00:00.0000971" startTime="2026-05-01T15:58:12.5163556+02:00" endTime="2026-05-01T15:58:12.5163556+02:00" testType="13cdc9d9-ddb5-4fa4-a97d-d965ccfc6d4b" outcome="Passed" testListId="8c84fa94-04c1-424b-9868-57a2d4851a1d" relativeResultsDirectory="859eb211-e56e-4045-8e4f-86b39bfc6670" />
    <UnitTestResult executionId="4b79f5bf-df7e-4920-8c26-99830ff73e15" testId="d921263b-db6d-5c94-5237-19665d547c21" testName="WindowsTrayTasks.Domain.Tests.DateInputParserTests.Parse_RelativeInput_ReturnsNowPlusOffset(input: &quot;+5m&quot;, hours: 0, minutes: 5, seconds: 0)" computerName="WORKSTATION" duration="00:00:00.0002525" startTime="2026-05-01T15:58:12.5152735+02:00" endTime="2026-05-01T15:58:12.5152736+02:00" testType="13cdc9d9-ddb5-4fa4-a97d-d965ccfc6d4b" outcome="Passed" testListId="8c84fa94-04c1-424b-9868-57a2d4851a1d" relativeResultsDirectory="4b79f5bf-df7e-4920-8c26-99830ff73e15" />
    <UnitTestResult executionId="473319a9-22a7-42cc-a9e5-bb009073be2a" testId="ecd2a25e-e216-2b3d-6ed8-84776255cdeb" testName="WindowsTrayTasks.Domain.Tests.DateInputParserTests.Parse_RelativeInput_ReturnsNowPlusOffset(input: &quot;+1d&quot;, hours: 24, minutes: 0, seconds: 0)" computerName="WORKSTATION" duration="00:00:00.0020364" startTime="2026-05-01T15:58:12.5143149+02:00" endTime="2026-05-01T15:58:12.5143150+02:00" testType="13cdc9d9-ddb5-4fa4-a97d-d965ccfc6d4b" outcome="Passed" testListId="8c84fa94-04c1-424b-9868-57a2d4851a1d" relativeResultsDirectory="473319a9-22a7-42cc-a9e5-bb009073be2a" />
    <UnitTestResult executionId="7e38d05c-d676-4f0a-aa89-d5a14a667097" testId="3167c69e-917f-400e-49f4-bfc38ab25875" testName="WindowsTrayTasks.Domain.Tests.DateInputParserTests.Parse_EmptyInput_ReturnsNull(input: &quot;&quot;)" computerName="WORKSTATION" duration="00:00:00.0001004" startTime="2026-05-01T15:58:12.4921683+02:00" endTime="2026-05-01T15:58:12.4921684+02:00" testType="13cdc9d9-ddb5-4fa4-a97d-d965ccfc6d4b" outcome="Passed" testListId="8c84fa94-04c1-424b-9868-57a2d4851a1d" relativeResultsDirectory="7e38d05c-d676-4f0a-aa89-d5a14a667097" />
    <UnitTestResult executionId="2abafcbd-ed73-485f-82de-0e92a352682b" testId="e399cea5-b2dd-f1ef-9385-2a0f0e37729d" testName="WindowsTrayTasks.Domain.Tests.SortOrderMathTests.Between_TopOfList_ReturnsLowerThanNext" computerName="WORKSTATION" duration="00:00:00.0063478" startTime="2026-05-01T15:58:12.4886043+02:00" endTime="2026-05-01T15:58:12.4886226+02:00" testType="13cdc9d9-ddb5-4fa4-a97d-d965ccfc6d4b" outcome="Passed" testListId="8c84fa94-04c1-424b-9868-57a2d4851a1d" relativeResultsDirectory="2abafcbd-ed73-485f-82de-0e92a352682b" />
    <UnitTestResult executionId="50080069-ae1f-40e2-8b39-b0ca0183d415" testId="80604154-3edc-7af6-f14b-5f6e650d6091" testName="WindowsTrayTasks.Domain.Tests.EntityFactoryTests.FakeClock_AdvanceAndSet_ControlsUtcNow" computerName="WORKSTATION" duration="00:00:00.0047211" startTime="2026-05-01T15:58:12.4912019+02:00" endTime="2026-05-01T15:58:12.4912020+02:00" testType="13cdc9d9-ddb5-4fa4-a97d-d965ccfc6d4b" outcome="Passed" testListId="8c84fa94-04c1-424b-9868-57a2d4851a1d" relativeResultsDirectory="50080069-ae1f-40e2-8b39-b0ca0183d415" />
    <UnitTestResult executionId="15877268-a95d-4ae4-8944-9948f36f160c" testId="7d09d2bb-20de-f555-181c-13f94c39a9c6" testName="WindowsTrayTasks.Domain.Tests.TagExtractorTests.ExtractTags_EmailAddress_IsNotExtracted" computerName="WORKSTATION" duration="00:00:00.0001394" startTime="2026-05-01T15:58:12.5162906+02:00" endTime="2026-05-01T15:58:12.5162907+02:00" testType="13cdc9d9-ddb5-4fa4-a97d-d965ccfc6d4b" outcome="Passed" testListId="8c84fa94-04c1-424b-9868-57a2d4851a1d" relativeResultsDirectory="15877268-a95d-4ae4-8944-9948f36f160c" />
    <UnitTestResult executionId="f85b61b2-f05a-452f-b33f-4a7a5a81f1bd" testId="3288e09c-5fe6-6166-5194-cdc7454dae9c" testName="WindowsTrayTasks.Domain.Tests.DateInputParserTests.Parse_NullInput_ReturnsNull" computerName="WORKSTATION" duration="00:00:00.0000688" startTime="2026-05-01T15:58:12.5153858+02:00" endTime="2026-05-01T15:58:12.5153859+02:00" testType="13cdc9d9-ddb5-4fa4-a97d-d965ccfc6d4b" outcome="Passed" testListId="8c84fa94-04c1-424b-9868-57a2d4851a1d" relativeResultsDirectory="f85b61b2-f05a-452f-b33f-4a7a5a81f1bd" />
    <UnitTestResult executionId="f417518e-51cc-47d6-ab2c-101d20b02b9e" testId="7e9defaf-985b-b6eb-9d89-ef38b7af6a93" testName="WindowsTrayTasks.Domain.Tests.ReminderScannerTests.Scan_PastNextFireAt_MarksOverdueAndAdvances" computerName="WORKSTATION" duration="00:00:00.0094218" startTime="2026-05-01T15:58:12.5143523+02:00" endTime="2026-05-01T15:58:12.5143524+02:00" testType="13cdc9d9-ddb5-4fa4-a97d-d965ccfc6d4b" outcome="Passed" testListId="8c84fa94-04c1-424b-9868-57a2d4851a1d" relativeResultsDirectory="f417518e-51cc-47d6-ab2c-101d20b02b9e" />
    <UnitTestResult executionId="3aaa1c93-5290-423c-8fd9-1ee58986d92a" testId="87566720-db73-d387-ec6b-3f003dc0740c" testName="WindowsTrayTasks.Domain.Tests.DateInputParserTests.Parse_ExplicitDateTime_ReturnsUtcInstant" computerName="WORKSTATION" duration="00:00:00.0022640" startTime="2026-05-01T15:58:12.5158271+02:00" endTime="2026-05-01T15:58:12.5158271+02:00" testType="13cdc9d9-ddb5-4fa4-a97d-d965ccfc6d4b" outcome="Passed" testListId="8c84fa94-04c1-424b-9868-57a2d4851a1d" relativeResultsDirectory="3aaa1c93-5290-423c-8fd9-1ee58986d92a" />
    <UnitTestResult executionId="7b0f2956-a482-4e87-87cd-678513f1dc16" testId="6415fa25-b3e0-b9ff-a2de-91164561c095" testName="WindowsTrayTasks.Domain.Tests.TagExtractorTests.ExtractTags_AtHome_ReturnsHome" computerName="WORKSTATION" duration="00:00:00.0001639" startTime="2026-05-01T15:58:12.5159670+02:00" endTime="2026-05-01T15:58:12.5159670+02:00" testType="13cdc9d9-ddb5-4fa4-a97d-d965ccfc6d4b" outcome="Passed" testListId="8c84fa94-04c1-424b-9868-57a2d4851a1d" relativeResultsDirectory="7b0f2956-a482-4e87-87cd-678513f1dc16" />
  </Results>
  <TestDefinitions>
    <UnitTest name="WindowsTrayTasks.Domain.Tests.TaskFilterTests.Apply_StateMode_ReturnsOnlyMatchingState" storage="c:\users\frsks\onedrive\desktop\repositories\todo-app\todo_app\tests\domain.tests\bin\debug\net9.0\windowstraytasks.domain.tests.dll" id="87e75758-7345-11c6-12cb-8ed4fab552d3">
      <Execution id="a6441d89-aa74-48ad-ac84-34785fa4b4ba" />
      <TestMethod codeBase="C:\Users\frsks\OneDrive\Desktop\Repositories\Todo-App\Todo_App\tests\Domain.Tests\bin\Debug\net9.0\WindowsTrayTasks.Domain.Tests.dll" adapterTypeName="executor://xunit/VsTestRunner2/netcoreapp" className="WindowsTrayTasks.Domain.Tests.TaskFilterTests" name="Apply_StateMode_ReturnsOnlyMatchingState" />
    </UnitTest>
    <UnitTest name="WindowsTrayTasks.Domain.Tests.DateInputParserTests.Parse_EmptyInput_ReturnsNull(input: &quot;   &quot;)" storage="c:\users\frsks\onedrive\desktop\repositories\todo-app\todo_app\tests\domain.tests\bin\debug\net9.0\windowstraytasks.domain.tests.dll" id="8d2a6f42-8485-ce0d-6b3b-6be233f90474">
      <Execution id="0c9f1b10-4ff7-4be8-88c6-d448e28c8e32" />
      <TestMethod codeBase="C:\Users\frsks\OneDrive\Desktop\Repositories\Todo-App\Todo_App\tests\Domain.Tests\bin\Debug\net9.0\WindowsTrayTasks.Domain.Tests.dll" adapterTypeName="executor://xunit/VsTestRunner2/netcoreapp" className="WindowsTrayTasks.Domain.Tests.DateInputParserTests" name="Parse_EmptyInput_ReturnsNull" />
    </UnitTest>
    <UnitTest name="WindowsTrayTasks.Domain.Tests.DateInputParserTests.Parse_RelativeInput_ReturnsNowPlusOffset(input: &quot;+1d&quot;, hours: 24, minutes: 0, seconds: 0)" storage="c:\users\frsks\onedrive\desktop\repositories\todo-app\todo_app\tests\domain.tests\bin\debug\net9.0\windowstraytasks.domain.tests.dll" id="ecd2a25e-e216-2b3d-6ed8-84776255cdeb">
      <Execution id="473319a9-22a7-42cc-a9e5-bb009073be2a" />
      <TestMethod codeBase="C:\Users\frsks\OneDrive\Desktop\Repositories\Todo-App\Todo_App\tests\Domain.Tests\bin\Debug\net9.0\WindowsTrayTasks.Domain.Tests.dll" adapterTypeName="executor://xunit/VsTestRunner2/netcoreapp" className="WindowsTrayTasks.Domain.Tests.DateInputParserTests" name="Parse_RelativeInput_ReturnsNowPlusOffset" />
    </UnitTest>
    <UnitTest name="WindowsTrayTasks.Domain.Tests.TaskFilterTests.Apply_SearchText_MatchesTitleAndNotes" storage="c:\users\frsks\onedrive\desktop\repositories\todo-app\todo_app\tests\domain.tests\bin\debug\net9.0\windowstraytasks.domain.tests.dll" id="5cc03db7-2b40-cad3-7fdf-2402287b685a">
      <Execution id="5fbadd41-1f23-47a5-a420-387334002eb1" />
      <TestMethod codeBase="C:\Users\frsks\OneDrive\Desktop\Repositories\Todo-App\Todo_App\tests\Domain.Tests\bin\Debug\net9.0\WindowsTrayTasks.Domain.Tests.dll" adapterTypeName="executor://xunit/VsTestRunner2/netcoreapp" className="WindowsTrayTasks.Domain.Tests.TaskFilterTests" name="Apply_SearchText_MatchesTitleAndNotes" />
    </UnitTest>
    <UnitTest name="WindowsTrayTasks.Domain.Tests.TagExtractorTests.Normalize_TrimsAtSignAndLowercases" storage="c:\users\frsks\onedrive\desktop\repositories\todo-app\todo_app\tests\domain.tests\bin\debug\net9.0\windowstraytasks.domain.tests.dll" id="2d1c1d64-edef-3e88-7818-84df5ae5a509">
      <Execution id="151554c2-e8c7-47ab-a113-4d42eb28888e" />
      <TestMethod codeBase="C:\Users\frsks\OneDrive\Desktop\Repositories\Todo-App\Todo_App\tests\Domain.Tests\bin\Debug\net9.0\WindowsTrayTasks.Domain.Tests.dll" adapterTypeName="executor://xunit/VsTestRunner2/netcoreapp" className="WindowsTrayTasks.Domain.Tests.TagExtractorTests" name="Normalize_TrimsAtSignAndLowercases" />
    </UnitTest>
    <UnitTest name="WindowsTrayTasks.Domain.Tests.EntityFactoryTests.FakeClock_AdvanceAndSet_ControlsUtcNow" storage="c:\users\frsks\onedrive\desktop\repositories\todo-app\todo_app\tests\domain.tests\bin\debug\net9.0\windowstraytasks.domain.tests.dll" id="80604154-3edc-7af6-f14b-5f6e650d6091">
      <Execution id="50080069-ae1f-40e2-8b39-b0ca0183d415" />
      <TestMethod codeBase="C:\Users\frsks\OneDrive\Desktop\Repositories\Todo-App\Todo_App\tests\Domain.Tests\bin\Debug\net9.0\WindowsTrayTasks.Domain.Tests.dll" adapterTypeName="executor://xunit/VsTestRunner2/netcoreapp" className="WindowsTrayTasks.Domain.Tests.EntityFactoryTests" name="FakeClock_AdvanceAndSet_ControlsUtcNow" />
    </UnitTest>
    <UnitTest name="WindowsTrayTasks.Domain.Tests.TagExtractorTests.ExtractTags_Duplicates_AreReturnedOnce" storage="c:\users\frsks\onedrive\desktop\repositories\todo-app\todo_app\tests\domain.tests\bin\debug\net9.0\windowstraytasks.domain.tests.dll" id="744ff5cb-0fef-f886-21e5-71298126b0e7">
      <Execution id="859eb211-e56e-4045-8e4f-86b39bfc6670" />
      <TestMethod codeBase="C:\Users\frsks\OneDrive\Desktop\Repositories\Todo-App\Todo_App\tests\Domain.Tests\bin\Debug\net9.0\WindowsTrayTasks.Domain.Tests.dll" adapterTypeName="executor://xunit/VsTestRunner2/netcoreapp" className="WindowsTrayTasks.Domain.Tests.TagExtractorTests" name="ExtractTags_Duplicates_AreReturnedOnce" />
    </UnitTest>
    <UnitTest name="WindowsTrayTasks.Domain.Tests.DateInputParserTests.Parse_EmptyInput_ReturnsNull(input: &quot;&quot;)" storage="c:\users\frsks\onedrive\desktop\repositories\todo-app\todo_app\tests\domain.tests\bin\debug\net9.0\windowstraytasks.domain.tests.dll" id="3167c69e-917f-400e-49f4-bfc38ab25875">
      <Execution id="7e38d05c-d676-4f0a-aa89-d5a14a667097" />
      <TestMethod codeBase="C:\Users\frsks\OneDrive\Desktop\Repositories\Todo-App\Todo_App\tests\Domain.Tests\bin\Debug\net9.0\WindowsTrayTasks.Domain.Tests.dll" adapterTypeName="executor://xunit/VsTestRunner2/netcoreapp" className="WindowsTrayTasks.Domain.Tests.DateInputParserTests" name="Parse_EmptyInput_ReturnsNull" />
    </UnitTest>
    <UnitTest name="WindowsTrayTasks.Domain.Tests.DateInputParserTests.Parse_RelativeInput_ReturnsNowPlusOffset(input: &quot;+2h&quot;, hours: 2, minutes: 0, seconds: 0)" storage="c:\users\frsks\onedrive\desktop\repositories\todo-app\todo_app\tests\domain.tests\bin\debug\net9.0\windowstraytasks.domain.tests.dll" id="9f326d94-8299-2b6f-d84a-463509fdd83e">
      <Execution id="598b2d69-f77e-4311-a3d0-77a561393a60" />
      <TestMethod codeBase="C:\Users\frsks\OneDrive\Desktop\Repositories\Todo-App\Todo_App\tests\Domain.Tests\bin\Debug\net9.0\WindowsTrayTasks.Domain.Tests.dll" adapterTypeName="executor://xunit/VsTestRunner2/netcoreapp" className="WindowsTrayTasks.Domain.Tests.DateInputParserTests" name="Parse_RelativeInput_ReturnsNowPlusOffset" />
    </UnitTest>
    <UnitTest name="WindowsTrayTasks.Domain.Tests.ReminderScannerTests.Scan_PastNextFireAt_MarksOverdueAndAdvances" storage="c:\users\frsks\onedrive\desktop\repositories\todo-app\todo_app\tests\domain.tests\bin\debug\net9.0\windowstraytasks.domain.tests.dll" id="7e9defaf-985b-b6eb-9d89-ef38b7af6a93">
      <Execution id="f417518e-51cc-47d6-ab2c-101d20b02b9e" />
      <TestMethod codeBase="C:\Users\frsks\OneDrive\Desktop\Repositories\Todo-App\Todo_App\tests\Domain.Tests\bin\Debug\net9.0\WindowsTrayTasks.Domain.Tests.dll" adapterTypeName="executor://xunit/VsTestRunner2/netcoreapp" className="WindowsTrayTasks.Domain.Tests.ReminderScannerTests" name="Scan_PastNextFireAt_MarksOverdueAndAdvances" />
    </UnitTest>
    <UnitTest name="WindowsTrayTasks.Domain.Tests.TagExtractorTests.ExtractTags_HyphenUnderscoreDot_AreAllowedInsideToken" storage="c:\users\frsks\onedrive\desktop\repositories\todo-app\todo_app\tests\domain.tests\bin\debug\net9.0\windowstraytasks.domain.tests.dll" id="d839afc7-5936-9fce-27f9-0cd1dce2a4a2">
      <Execution id="4218592c-8bfc-452e-9f36-5ab54f1d40ca" />
      <TestMethod codeBase="C:\Users\frsks\OneDrive\Desktop\Repositories\Todo-App\Todo_App\tests\Domain.Tests\bin\Debug\net9.0\WindowsTrayTasks.Domain.Tests.dll" adapterTypeName="executor://xunit/VsTestRunner2/netcoreapp" className="WindowsTrayTasks.Domain.Tests.TagExtractorTests" name="ExtractTags_HyphenUnderscoreDot_AreAllowedInsideToken" />
    </UnitTest>
    <UnitTest name="WindowsTrayTasks.Domain.Tests.ReminderScannerTests.Scan_DisabledReminder_DoesNotFire" storage="c:\users\frsks\onedrive\desktop\repositories\todo-app\todo_app\tests\domain.tests\bin\debug\net9.0\windowstraytasks.domain.tests.dll" id="26231397-8218-75bf-a020-90a39229e24c">
      <Execution id="9ced590b-17eb-49ae-809b-f8a38645bbf9" />
      <TestMethod codeBase="C:\Users\frsks\OneDrive\Desktop\Repositories\Todo-App\Todo_App\tests\Domain.Tests\bin\Debug\net9.0\WindowsTrayTasks.Domain.Tests.dll" adapterTypeName="executor://xunit/VsTestRunner2/netcoreapp" className="WindowsTrayTasks.Domain.Tests.ReminderScannerTests" name="Scan_DisabledReminder_DoesNotFire" />
    </UnitTest>
    <UnitTest name="WindowsTrayTasks.Domain.Tests.DateInputParserTests.Parse_InvalidRelativeUnit_ReturnsNull" storage="c:\users\frsks\onedrive\desktop\repositories\todo-app\todo_app\tests\domain.tests\bin\debug\net9.0\windowstraytasks.domain.tests.dll" id="d052a780-ffc9-f2b1-2092-4ba16518aca4">
      <Execution id="0f3cfe8d-e299-450e-9072-c1d71716bfc6" />
      <TestMethod codeBase="C:\Users\frsks\OneDrive\Desktop\Repositories\Todo-App\Todo_App\tests\Domain.Tests\bin\Debug\net9.0\WindowsTrayTasks.Domain.Tests.dll" adapterTypeName="executor://xunit/VsTestRunner2/netcoreapp" className="WindowsTrayTasks.Domain.Tests.DateInputParserTests" name="Parse_InvalidRelativeUnit_ReturnsNull" />
    </UnitTest>
    <UnitTest name="WindowsTrayTasks.Domain.Tests.SortOrderMathTests.Between_TopOfList_ReturnsLowerThanNext" storage="c:\users\frsks\onedrive\desktop\repositories\todo-app\todo_app\tests\domain.tests\bin\debug\net9.0\windowstraytasks.domain.tests.dll" id="e399cea5-b2dd-f1ef-9385-2a0f0e37729d">
      <Execution id="2abafcbd-ed73-485f-82de-0e92a352682b" />
      <TestMethod codeBase="C:\Users\frsks\OneDrive\Desktop\Repositories\Todo-App\Todo_App\tests\Domain.Tests\bin\Debug\net9.0\WindowsTrayTasks.Domain.Tests.dll" adapterTypeName="executor://xunit/VsTestRunner2/netcoreapp" className="WindowsTrayTasks.Domain.Tests.SortOrderMathTests" name="Between_TopOfList_ReturnsLowerThanNext" />
    </UnitTest>
    <UnitTest name="WindowsTrayTasks.Domain.Tests.ReminderScannerTests.Scan_FutureNextFireAt_DoesNotFire" storage="c:\users\frsks\onedrive\desktop\repositories\todo-app\todo_app\tests\domain.tests\bin\debug\net9.0\windowstraytasks.domain.tests.dll" id="16ca371b-962a-5c71-577d-0dcc89d60b59">
      <Execution id="9b813d1f-753a-46ee-93c8-31cf8d650098" />
      <TestMethod codeBase="C:\Users\frsks\OneDrive\Desktop\Repositories\Todo-App\Todo_App\tests\Domain.Tests\bin\Debug\net9.0\WindowsTrayTasks.Domain.Tests.dll" adapterTypeName="executor://xunit/VsTestRunner2/netcoreapp" className="WindowsTrayTasks.Domain.Tests.ReminderScannerTests" name="Scan_FutureNextFireAt_DoesNotFire" />
    </UnitTest>
    <UnitTest name="WindowsTrayTasks.Domain.Tests.TagExtractorTests.ExtractTags_AtHome_ReturnsHome" storage="c:\users\frsks\onedrive\desktop\repositories\todo-app\todo_app\tests\domain.tests\bin\debug\net9.0\windowstraytasks.domain.tests.dll" id="6415fa25-b3e0-b9ff-a2de-91164561c095">
      <Execution id="7b0f2956-a482-4e87-87cd-678513f1dc16" />
      <TestMethod codeBase="C:\Users\frsks\OneDrive\Desktop\Repositories\Todo-App\Todo_App\tests\Domain.Tests\bin\Debug\net9.0\WindowsTrayTasks.Domain.Tests.dll" adapterTypeName="executor://xunit/VsTestRunner2/netcoreapp" className="WindowsTrayTasks.Domain.Tests.TagExtractorTests" name="ExtractTags_AtHome_ReturnsHome" />
    </UnitTest>
    <UnitTest name="WindowsTrayTasks.Domain.Tests.SortOrderMathTests.NeedsRenumber_GapBelowMinimum_ReturnsTrue" storage="c:\users\frsks\onedrive\desktop\repositories\todo-app\todo_app\tests\domain.tests\bin\debug\net9.0\windowstraytasks.domain.tests.dll" id="ed0d5a45-f068-b380-df4d-e57817df76d0">
      <Execution id="dc0621ef-fa3f-4583-84f5-a3a0f52aac39" />
      <TestMethod codeBase="C:\Users\frsks\OneDrive\Desktop\Repositories\Todo-App\Todo_App\tests\Domain.Tests\bin\Debug\net9.0\WindowsTrayTasks.Domain.Tests.dll" adapterTypeName="executor://xunit/VsTestRunner2/netcoreapp" className="WindowsTrayTasks.Domain.Tests.SortOrderMathTests" name="NeedsRenumber_GapBelowMinimum_ReturnsTrue" />
    </UnitTest>
    <UnitTest name="WindowsTrayTasks.Domain.Tests.TaskFilterTests.Apply_OverdueMode_ReturnsTasksWithDueReminder" storage="c:\users\frsks\onedrive\desktop\repositories\todo-app\todo_app\tests\domain.tests\bin\debug\net9.0\windowstraytasks.domain.tests.dll" id="3d63889b-8e9e-dd22-256d-cec2ceb5d0bd">
      <Execution id="6227c72d-2034-4828-b1c3-d1375cd366d1" />
      <TestMethod codeBase="C:\Users\frsks\OneDrive\Desktop\Repositories\Todo-App\Todo_App\tests\Domain.Tests\bin\Debug\net9.0\WindowsTrayTasks.Domain.Tests.dll" adapterTypeName="executor://xunit/VsTestRunner2/netcoreapp" className="WindowsTrayTasks.Domain.Tests.TaskFilterTests" name="Apply_OverdueMode_ReturnsTasksWithDueReminder" />
    </UnitTest>
    <UnitTest name="WindowsTrayTasks.Domain.Tests.SortOrderMathTests.Between_TwoNeighbors_ReturnsMidpoint" storage="c:\users\frsks\onedrive\desktop\repositories\todo-app\todo_app\tests\domain.tests\bin\debug\net9.0\windowstraytasks.domain.tests.dll" id="304d4931-fbeb-f69b-5a95-e3eb45af097d">
      <Execution id="7b3f8d28-16e7-4db9-9bd3-69160a37668d" />
      <TestMethod codeBase="C:\Users\frsks\OneDrive\Desktop\Repositories\Todo-App\Todo_App\tests\Domain.Tests\bin\Debug\net9.0\WindowsTrayTasks.Domain.Tests.dll" adapterTypeName="executor://xunit/VsTestRunner2/netcoreapp" className="WindowsTrayTasks.Domain.Tests.SortOrderMathTests" name="Between_TwoNeighbors_ReturnsMidpoint" />
    </UnitTest>
    <UnitTest name="WindowsTrayTasks.Domain.Tests.TaskFilterTests.Apply_ComposedFilter_AndsPageStateDateSearchAndTags" storage="c:\users\frsks\onedrive\desktop\repositories\todo-app\todo_app\tests\domain.tests\bin\debug\net9.0\windowstraytasks.domain.tests.dll" id="1f3942f7-881d-7016-1c35-941acc2d38b0">
      <Execution id="fe6a1a30-2fbe-480e-a1ca-6f0e2d1e91c3" />
      <TestMethod codeBase="C:\Users\frsks\OneDrive\Desktop\Repositories\Todo-App\Todo_App\tests\Domain.Tests\bin\Debug\net9.0\WindowsTrayTasks.Domain.Tests.dll" adapterTypeName="executor://xunit/VsTestRunner2/netcoreapp" className="WindowsTrayTasks.Domain.Tests.TaskFilterTests" name="Apply_ComposedFilter_AndsPageStateDateSearchAndTags" />
    </UnitTest>
    <UnitTest name="WindowsTrayTasks.Domain.Tests.DateInputParserTests.Parse_NullInput_ReturnsNull" storage="c:\users\frsks\onedrive\desktop\repositories\todo-app\todo_app\tests\domain.tests\bin\debug\net9.0\windowstraytasks.domain.tests.dll" id="3288e09c-5fe6-6166-5194-cdc7454dae9c">
      <Execution id="f85b61b2-f05a-452f-b33f-4a7a5a81f1bd" />
      <TestMethod codeBase="C:\Users\frsks\OneDrive\Desktop\Repositories\Todo-App\Todo_App\tests\Domain.Tests\bin\Debug\net9.0\WindowsTrayTasks.Domain.Tests.dll" adapterTypeName="executor://xunit/VsTestRunner2/netcoreapp" className="WindowsTrayTasks.Domain.Tests.DateInputParserTests" name="Parse_NullInput_ReturnsNull" />
    </UnitTest>
    <UnitTest name="WindowsTrayTasks.Domain.Tests.EntityFactoryTests.CreateTask_UsesInjectedClockAndIds" storage="c:\users\frsks\onedrive\desktop\repositories\todo-app\todo_app\tests\domain.tests\bin\debug\net9.0\windowstraytasks.domain.tests.dll" id="c5a6f463-4dc2-6f5f-57dd-9810b94e4f28">
      <Execution id="870491b0-32a5-4dd5-9416-7c5ce32b53cf" />
      <TestMethod codeBase="C:\Users\frsks\OneDrive\Desktop\Repositories\Todo-App\Todo_App\tests\Domain.Tests\bin\Debug\net9.0\WindowsTrayTasks.Domain.Tests.dll" adapterTypeName="executor://xunit/VsTestRunner2/netcoreapp" className="WindowsTrayTasks.Domain.Tests.EntityFactoryTests" name="CreateTask_UsesInjectedClockAndIds" />
    </UnitTest>
    <UnitTest name="WindowsTrayTasks.Domain.Tests.TaskFilterTests.Apply_UntaggedOnly_ExcludesTaggedTasks" storage="c:\users\frsks\onedrive\desktop\repositories\todo-app\todo_app\tests\domain.tests\bin\debug\net9.0\windowstraytasks.domain.tests.dll" id="e0eca087-bd43-51e0-4a4e-379638fa5b61">
      <Execution id="26d89647-cdb6-469b-b39a-77db87b2d385" />
      <TestMethod codeBase="C:\Users\frsks\OneDrive\Desktop\Repositories\Todo-App\Todo_App\tests\Domain.Tests\bin\Debug\net9.0\WindowsTrayTasks.Domain.Tests.dll" adapterTypeName="executor://xunit/VsTestRunner2/netcoreapp" className="WindowsTrayTasks.Domain.Tests.TaskFilterTests" name="Apply_UntaggedOnly_ExcludesTaggedTasks" />
    </UnitTest>
    <UnitTest name="WindowsTrayTasks.Domain.Tests.TagExtractorTests.ExtractTags_TrailingPunctuation_StripsPunctuation" storage="c:\users\frsks\onedrive\desktop\repositories\todo-app\todo_app\tests\domain.tests\bin\debug\net9.0\windowstraytasks.domain.tests.dll" id="57378ada-ada7-c794-56ad-5e87dfdc5204">
      <Execution id="29e9140c-ef7e-4e3c-af5b-4b4951f839ce" />
      <TestMethod codeBase="C:\Users\frsks\OneDrive\Desktop\Repositories\Todo-App\Todo_App\tests\Domain.Tests\bin\Debug\net9.0\WindowsTrayTasks.Domain.Tests.dll" adapterTypeName="executor://xunit/VsTestRunner2/netcoreapp" className="WindowsTrayTasks.Domain.Tests.TagExtractorTests" name="ExtractTags_TrailingPunctuation_StripsPunctuation" />
    </UnitTest>
    <UnitTest name="WindowsTrayTasks.Domain.Tests.TagExtractorTests.ExtractTags_EmailAddress_IsNotExtracted" storage="c:\users\frsks\onedrive\desktop\repositories\todo-app\todo_app\tests\domain.tests\bin\debug\net9.0\windowstraytasks.domain.tests.dll" id="7d09d2bb-20de-f555-181c-13f94c39a9c6">
      <Execution id="15877268-a95d-4ae4-8944-9948f36f160c" />
      <TestMethod codeBase="C:\Users\frsks\OneDrive\Desktop\Repositories\Todo-App\Todo_App\tests\Domain.Tests\bin\Debug\net9.0\WindowsTrayTasks.Domain.Tests.dll" adapterTypeName="executor://xunit/VsTestRunner2/netcoreapp" className="WindowsTrayTasks.Domain.Tests.TagExtractorTests" name="ExtractTags_EmailAddress_IsNotExtracted" />
    </UnitTest>
    <UnitTest name="WindowsTrayTasks.Domain.Tests.SortOrderMathTests.Between_BottomOfList_ReturnsHigherThanPrevious" storage="c:\users\frsks\onedrive\desktop\repositories\todo-app\todo_app\tests\domain.tests\bin\debug\net9.0\windowstraytasks.domain.tests.dll" id="c50e4d8a-281e-a1c7-5f68-acd2ce0cc207">
      <Execution id="53b852df-4c23-482c-a185-b095e4ae8721" />
      <TestMethod codeBase="C:\Users\frsks\OneDrive\Desktop\Repositories\Todo-App\Todo_App\tests\Domain.Tests\bin\Debug\net9.0\WindowsTrayTasks.Domain.Tests.dll" adapterTypeName="executor://xunit/VsTestRunner2/netcoreapp" className="WindowsTrayTasks.Domain.Tests.SortOrderMathTests" name="Between_BottomOfList_ReturnsHigherThanPrevious" />
    </UnitTest>
    <UnitTest name="WindowsTrayTasks.Domain.Tests.DateInputParserTests.Parse_ExplicitDateTime_ReturnsUtcInstant" storage="c:\users\frsks\onedrive\desktop\repositories\todo-app\todo_app\tests\domain.tests\bin\debug\net9.0\windowstraytasks.domain.tests.dll" id="87566720-db73-d387-ec6b-3f003dc0740c">
      <Execution id="3aaa1c93-5290-423c-8fd9-1ee58986d92a" />
      <TestMethod codeBase="C:\Users\frsks\OneDrive\Desktop\Repositories\Todo-App\Todo_App\tests\Domain.Tests\bin\Debug\net9.0\WindowsTrayTasks.Domain.Tests.dll" adapterTypeName="executor://xunit/VsTestRunner2/netcoreapp" className="WindowsTrayTasks.Domain.Tests.DateInputParserTests" name="Parse_ExplicitDateTime_ReturnsUtcInstant" />
    </UnitTest>
    <UnitTest name="WindowsTrayTasks.Domain.Tests.ReminderScannerTests.Scan_MultiplePastReminders_CoalescesIntoOneResultList" storage="c:\users\frsks\onedrive\desktop\repositories\todo-app\todo_app\tests\domain.tests\bin\debug\net9.0\windowstraytasks.domain.tests.dll" id="5e6327bd-dbc0-1fae-524d-b8a361315e30">
      <Execution id="1020f1bf-4c23-48e4-a6e0-3cd03cf492e4" />
      <TestMethod codeBase="C:\Users\frsks\OneDrive\Desktop\Repositories\Todo-App\Todo_App\tests\Domain.Tests\bin\Debug\net9.0\WindowsTrayTasks.Domain.Tests.dll" adapterTypeName="executor://xunit/VsTestRunner2/netcoreapp" className="WindowsTrayTasks.Domain.Tests.ReminderScannerTests" name="Scan_MultiplePastReminders_CoalescesIntoOneResultList" />
    </UnitTest>
    <UnitTest name="WindowsTrayTasks.Domain.Tests.DateInputParserTests.Parse_RelativeInput_ReturnsNowPlusOffset(input: &quot;+5m&quot;, hours: 0, minutes: 5, seconds: 0)" storage="c:\users\frsks\onedrive\desktop\repositories\todo-app\todo_app\tests\domain.tests\bin\debug\net9.0\windowstraytasks.domain.tests.dll" id="d921263b-db6d-5c94-5237-19665d547c21">
      <Execution id="4b79f5bf-df7e-4920-8c26-99830ff73e15" />
      <TestMethod codeBase="C:\Users\frsks\OneDrive\Desktop\Repositories\Todo-App\Todo_App\tests\Domain.Tests\bin\Debug\net9.0\WindowsTrayTasks.Domain.Tests.dll" adapterTypeName="executor://xunit/VsTestRunner2/netcoreapp" className="WindowsTrayTasks.Domain.Tests.DateInputParserTests" name="Parse_RelativeInput_ReturnsNowPlusOffset" />
    </UnitTest>
    <UnitTest name="WindowsTrayTasks.Domain.Tests.EntityFactoryTests.SequentialIdGenerator_NewId_ReturnsStableIncreasingIds" storage="c:\users\frsks\onedrive\desktop\repositories\todo-app\todo_app\tests\domain.tests\bin\debug\net9.0\windowstraytasks.domain.tests.dll" id="18f81a39-e655-1908-c3c1-18df6036603f">
      <Execution id="ff29c8ad-cbbd-470a-b7e5-84e2764edbee" />
      <TestMethod codeBase="C:\Users\frsks\OneDrive\Desktop\Repositories\Todo-App\Todo_App\tests\Domain.Tests\bin\Debug\net9.0\WindowsTrayTasks.Domain.Tests.dll" adapterTypeName="executor://xunit/VsTestRunner2/netcoreapp" className="WindowsTrayTasks.Domain.Tests.EntityFactoryTests" name="SequentialIdGenerator_NewId_ReturnsStableIncreasingIds" />
    </UnitTest>
  </TestDefinitions>
  <TestEntries>
    <TestEntry testId="d839afc7-5936-9fce-27f9-0cd1dce2a4a2" executionId="4218592c-8bfc-452e-9f36-5ab54f1d40ca" testListId="8c84fa94-04c1-424b-9868-57a2d4851a1d" />
    <TestEntry testId="87e75758-7345-11c6-12cb-8ed4fab552d3" executionId="a6441d89-aa74-48ad-ac84-34785fa4b4ba" testListId="8c84fa94-04c1-424b-9868-57a2d4851a1d" />
    <TestEntry testId="d052a780-ffc9-f2b1-2092-4ba16518aca4" executionId="0f3cfe8d-e299-450e-9072-c1d71716bfc6" testListId="8c84fa94-04c1-424b-9868-57a2d4851a1d" />
    <TestEntry testId="5cc03db7-2b40-cad3-7fdf-2402287b685a" executionId="5fbadd41-1f23-47a5-a420-387334002eb1" testListId="8c84fa94-04c1-424b-9868-57a2d4851a1d" />
    <TestEntry testId="1f3942f7-881d-7016-1c35-941acc2d38b0" executionId="fe6a1a30-2fbe-480e-a1ca-6f0e2d1e91c3" testListId="8c84fa94-04c1-424b-9868-57a2d4851a1d" />
    <TestEntry testId="3d63889b-8e9e-dd22-256d-cec2ceb5d0bd" executionId="6227c72d-2034-4828-b1c3-d1375cd366d1" testListId="8c84fa94-04c1-424b-9868-57a2d4851a1d" />
    <TestEntry testId="5e6327bd-dbc0-1fae-524d-b8a361315e30" executionId="1020f1bf-4c23-48e4-a6e0-3cd03cf492e4" testListId="8c84fa94-04c1-424b-9868-57a2d4851a1d" />
    <TestEntry testId="e0eca087-bd43-51e0-4a4e-379638fa5b61" executionId="26d89647-cdb6-469b-b39a-77db87b2d385" testListId="8c84fa94-04c1-424b-9868-57a2d4851a1d" />
    <TestEntry testId="9f326d94-8299-2b6f-d84a-463509fdd83e" executionId="598b2d69-f77e-4311-a3d0-77a561393a60" testListId="8c84fa94-04c1-424b-9868-57a2d4851a1d" />
    <TestEntry testId="c50e4d8a-281e-a1c7-5f68-acd2ce0cc207" executionId="53b852df-4c23-482c-a185-b095e4ae8721" testListId="8c84fa94-04c1-424b-9868-57a2d4851a1d" />
    <TestEntry testId="57378ada-ada7-c794-56ad-5e87dfdc5204" executionId="29e9140c-ef7e-4e3c-af5b-4b4951f839ce" testListId="8c84fa94-04c1-424b-9868-57a2d4851a1d" />
    <TestEntry testId="8d2a6f42-8485-ce0d-6b3b-6be233f90474" executionId="0c9f1b10-4ff7-4be8-88c6-d448e28c8e32" testListId="8c84fa94-04c1-424b-9868-57a2d4851a1d" />
    <TestEntry testId="18f81a39-e655-1908-c3c1-18df6036603f" executionId="ff29c8ad-cbbd-470a-b7e5-84e2764edbee" testListId="8c84fa94-04c1-424b-9868-57a2d4851a1d" />
    <TestEntry testId="16ca371b-962a-5c71-577d-0dcc89d60b59" executionId="9b813d1f-753a-46ee-93c8-31cf8d650098" testListId="8c84fa94-04c1-424b-9868-57a2d4851a1d" />
    <TestEntry testId="c5a6f463-4dc2-6f5f-57dd-9810b94e4f28" executionId="870491b0-32a5-4dd5-9416-7c5ce32b53cf" testListId="8c84fa94-04c1-424b-9868-57a2d4851a1d" />
    <TestEntry testId="2d1c1d64-edef-3e88-7818-84df5ae5a509" executionId="151554c2-e8c7-47ab-a113-4d42eb28888e" testListId="8c84fa94-04c1-424b-9868-57a2d4851a1d" />
    <TestEntry testId="ed0d5a45-f068-b380-df4d-e57817df76d0" executionId="dc0621ef-fa3f-4583-84f5-a3a0f52aac39" testListId="8c84fa94-04c1-424b-9868-57a2d4851a1d" />
    <TestEntry testId="26231397-8218-75bf-a020-90a39229e24c" executionId="9ced590b-17eb-49ae-809b-f8a38645bbf9" testListId="8c84fa94-04c1-424b-9868-57a2d4851a1d" />
    <TestEntry testId="304d4931-fbeb-f69b-5a95-e3eb45af097d" executionId="7b3f8d28-16e7-4db9-9bd3-69160a37668d" testListId="8c84fa94-04c1-424b-9868-57a2d4851a1d" />
    <TestEntry testId="744ff5cb-0fef-f886-21e5-71298126b0e7" executionId="859eb211-e56e-4045-8e4f-86b39bfc6670" testListId="8c84fa94-04c1-424b-9868-57a2d4851a1d" />
    <TestEntry testId="d921263b-db6d-5c94-5237-19665d547c21" executionId="4b79f5bf-df7e-4920-8c26-99830ff73e15" testListId="8c84fa94-04c1-424b-9868-57a2d4851a1d" />
    <TestEntry testId="ecd2a25e-e216-2b3d-6ed8-84776255cdeb" executionId="473319a9-22a7-42cc-a9e5-bb009073be2a" testListId="8c84fa94-04c1-424b-9868-57a2d4851a1d" />
    <TestEntry testId="3167c69e-917f-400e-49f4-bfc38ab25875" executionId="7e38d05c-d676-4f0a-aa89-d5a14a667097" testListId="8c84fa94-04c1-424b-9868-57a2d4851a1d" />
    <TestEntry testId="e399cea5-b2dd-f1ef-9385-2a0f0e37729d" executionId="2abafcbd-ed73-485f-82de-0e92a352682b" testListId="8c84fa94-04c1-424b-9868-57a2d4851a1d" />
    <TestEntry testId="80604154-3edc-7af6-f14b-5f6e650d6091" executionId="50080069-ae1f-40e2-8b39-b0ca0183d415" testListId="8c84fa94-04c1-424b-9868-57a2d4851a1d" />
    <TestEntry testId="7d09d2bb-20de-f555-181c-13f94c39a9c6" executionId="15877268-a95d-4ae4-8944-9948f36f160c" testListId="8c84fa94-04c1-424b-9868-57a2d4851a1d" />
    <TestEntry testId="3288e09c-5fe6-6166-5194-cdc7454dae9c" executionId="f85b61b2-f05a-452f-b33f-4a7a5a81f1bd" testListId="8c84fa94-04c1-424b-9868-57a2d4851a1d" />
    <TestEntry testId="7e9defaf-985b-b6eb-9d89-ef38b7af6a93" executionId="f417518e-51cc-47d6-ab2c-101d20b02b9e" testListId="8c84fa94-04c1-424b-9868-57a2d4851a1d" />
    <TestEntry testId="87566720-db73-d387-ec6b-3f003dc0740c" executionId="3aaa1c93-5290-423c-8fd9-1ee58986d92a" testListId="8c84fa94-04c1-424b-9868-57a2d4851a1d" />
    <TestEntry testId="6415fa25-b3e0-b9ff-a2de-91164561c095" executionId="7b0f2956-a482-4e87-87cd-678513f1dc16" testListId="8c84fa94-04c1-424b-9868-57a2d4851a1d" />
  </TestEntries>
  <TestLists>
    <TestList name="Results Not in a List" id="8c84fa94-04c1-424b-9868-57a2d4851a1d" />
    <TestList name="All Loaded Results" id="19431567-8539-422a-85d7-44ee4e166bda" />
  </TestLists>
  <ResultSummary outcome="Completed">
    <Counters total="30" executed="30" passed="30" failed="0" error="0" timeout="0" aborted="0" inconclusive="0" passedButRunAborted="0" notRunnable="0" notExecuted="0" disconnected="0" warning="0" completed="0" inProgress="0" pending="0" />
    <Output>
      <StdOut>[xUnit.net 00:00:00.00] xUnit.net VSTest Adapter v2.8.2+699d445a1a (64-bit .NET 9.0.4)&#xD;
[xUnit.net 00:00:00.05]   Discovering: WindowsTrayTasks.Domain.Tests&#xD;
[xUnit.net 00:00:00.09]   Discovered:  WindowsTrayTasks.Domain.Tests&#xD;
[xUnit.net 00:00:00.09]   Starting:    WindowsTrayTasks.Domain.Tests&#xD;
[xUnit.net 00:00:00.17]   Finished:    WindowsTrayTasks.Domain.Tests&#xD;
</StdOut>
    </Output>
  </ResultSummary>
</TestRun>