<?xml version="1.0" encoding="utf-8"?>
<TestRun id="b7be5881-2430-4f53-8308-9a43b3f1bf6d" name="frsks@WORKSTATION 2026-05-01 16:32:48" runUser="WORKSTATION\frsks" xmlns="http://microsoft.com/schemas/VisualStudio/TeamTest/2010">
  <Times creation="2026-05-01T16:32:48.6561074+02:00" queuing="2026-05-01T16:32:48.6561078+02:00" start="2026-05-01T16:32:48.1899564+02:00" finish="2026-05-01T16:32:48.6833787+02:00" />
  <TestSettings name="default" id="73ba62ef-6bf8-48dd-9d77-763bb125a4c6">
    <Deployment runDeploymentRoot="frsks_WORKSTATION_2026-05-01_16_32_48" />
  </TestSettings>
  <Results>
    <UnitTestResult executionId="12197dcf-d4db-4758-80f7-33217c9f4525" testId="87e75758-7345-11c6-12cb-8ed4fab552d3" testName="WindowsTrayTasks.Domain.Tests.TaskFilterTests.Apply_StateMode_ReturnsOnlyMatchingState" computerName="WORKSTATION" duration="00:00:00.0002011" startTime="2026-05-01T16:32:48.6370011+02:00" endTime="2026-05-01T16:32:48.6370011+02:00" testType="13cdc9d9-ddb5-4fa4-a97d-d965ccfc6d4b" outcome="Passed" testListId="8c84fa94-04c1-424b-9868-57a2d4851a1d" relativeResultsDirectory="12197dcf-d4db-4758-80f7-33217c9f4525" />
    <UnitTestResult executionId="df0dfb4f-68f1-4362-b63e-05d6426012cf" testId="18f81a39-e655-1908-c3c1-18df6036603f" testName="WindowsTrayTasks.Domain.Tests.EntityFactoryTests.SequentialIdGenerator_NewId_ReturnsStableIncreasingIds" computerName="WORKSTATION" duration="00:00:00.0021356" startTime="2026-05-01T16:32:48.6354747+02:00" endTime="2026-05-01T16:32:48.6354747+02:00" testType="13cdc9d9-ddb5-4fa4-a97d-d965ccfc6d4b" outcome="Passed" testListId="8c84fa94-04c1-424b-9868-57a2d4851a1d" relativeResultsDirectory="df0dfb4f-68f1-4362-b63e-05d6426012cf" />
    <UnitTestResult executionId="dde6ead7-864e-4164-8338-883a60fa0f1e" testId="16ca371b-962a-5c71-577d-0dcc89d60b59" testName="WindowsTrayTasks.Domain.Tests.ReminderScannerTests.Scan_FutureNextFireAt_DoesNotFire" computerName="WORKSTATION" duration="00:00:00.0002376" startTime="2026-05-01T16:32:48.6370501+02:00" endTime="2026-05-01T16:32:48.6370501+02:00" testType="13cdc9d9-ddb5-4fa4-a97d-d965ccfc6d4b" outcome="Passed" testListId="8c84fa94-04c1-424b-9868-57a2d4851a1d" relativeResultsDirectory="dde6ead7-864e-4164-8338-883a60fa0f1e" />
    <UnitTestResult executionId="38d516f5-0ee5-41f9-afae-0be9fcd92cc3" testId="80604154-3edc-7af6-f14b-5f6e650d6091" testName="WindowsTrayTasks.Domain.Tests.EntityFactoryTests.FakeClock_AdvanceAndSet_ControlsUtcNow" computerName="WORKSTATION" duration="00:00:00.0039731" startTime="2026-05-01T16:32:48.6097377+02:00" endTime="2026-05-01T16:32:48.6097530+02:00" testType="13cdc9d9-ddb5-4fa4-a97d-d965ccfc6d4b" outcome="Passed" testListId="8c84fa94-04c1-424b-9868-57a2d4851a1d" relativeResultsDirectory="38d516f5-0ee5-41f9-afae-0be9fcd92cc3" />
    <UnitTestResult executionId="69a72bf4-2245-4fed-b5e4-bf257b5f65b3" testId="1f3942f7-881d-7016-1c35-941acc2d38b0" testName="WindowsTrayTasks.Domain.Tests.TaskFilterTests.Apply_ComposedFilter_AndsPageStateDateSearchAndTags" computerName="WORKSTATION" duration="00:00:00.0012430" startTime="2026-05-01T16:32:48.6366026+02:00" endTime="2026-05-01T16:32:48.6366026+02:00" testType="13cdc9d9-ddb5-4fa4-a97d-d965ccfc6d4b" outcome="Passed" testListId="8c84fa94-04c1-424b-9868-57a2d4851a1d" relativeResultsDirectory="69a72bf4-2245-4fed-b5e4-bf257b5f65b3" />
    <UnitTestResult executionId="4d10d337-69b7-437f-9ce7-5ad3789099ce" testId="744ff5cb-0fef-f886-21e5-71298126b0e7" testName="WindowsTrayTasks.Domain.Tests.TagExtractorTests.ExtractTags_Duplicates_AreReturnedOnce" computerName="WORKSTATION" duration="00:00:00.0000823" startTime="2026-05-01T16:32:48.6374396+02:00" endTime="2026-05-01T16:32:48.6374396+02:00" testType="13cdc9d9-ddb5-4fa4-a97d-d965ccfc6d4b" outcome="Passed" testListId="8c84fa94-04c1-424b-9868-57a2d4851a1d" relativeResultsDirectory="4d10d337-69b7-437f-9ce7-5ad3789099ce" />
    <UnitTestResult executionId="21a8ef8a-2ea4-4c24-9897-5e6dfd5ab2d6" testId="9f326d94-8299-2b6f-d84a-463509fdd83e" testName="WindowsTrayTasks.Domain.Tests.DateInputParserTests.Parse_RelativeInput_ReturnsNowPlusOffset(input: &quot;+2h&quot;, hours: 2, minutes: 0, seconds: 0)" computerName="WORKSTATION" duration="00:00:00.0000072" startTime="2026-05-01T16:32:48.6364902+02:00" endTime="2026-05-01T16:32:48.6364903+02:00" testType="13cdc9d9-ddb5-4fa4-a97d-d965ccfc6d4b" outcome="Passed" testListId="8c84fa94-04c1-424b-9868-57a2d4851a1d" relativeResultsDirectory="21a8ef8a-2ea4-4c24-9897-5e6dfd5ab2d6" />
    <UnitTestResult executionId="1d6c542a-f3d5-4c8f-bdb4-f4f7183812c7" testId="26231397-8218-75bf-a020-90a39229e24c" testName="WindowsTrayTasks.Domain.Tests.ReminderScannerTests.Scan_DisabledReminder_DoesNotFire" computerName="WORKSTATION" duration="00:00:00.0003756" startTime="2026-05-01T16:32:48.6369723+02:00" endTime="2026-05-01T16:32:48.6369723+02:00" testType="13cdc9d9-ddb5-4fa4-a97d-d965ccfc6d4b" outcome="Passed" testListId="8c84fa94-04c1-424b-9868-57a2d4851a1d" relativeResultsDirectory="1d6c542a-f3d5-4c8f-bdb4-f4f7183812c7" />
    <UnitTestResult executionId="6a5c2e19-1d48-48a0-a41e-cbf09d5465ad" testId="2d1c1d64-edef-3e88-7818-84df5ae5a509" testName="WindowsTrayTasks.Domain.Tests.TagExtractorTests.Normalize_TrimsAtSignAndLowercases" computerName="WORKSTATION" duration="00:00:00.0005414" startTime="2026-05-01T16:32:48.6370710+02:00" endTime="2026-05-01T16:32:48.6370710+02:00" testType="13cdc9d9-ddb5-4fa4-a97d-d965ccfc6d4b" outcome="Passed" testListId="8c84fa94-04c1-424b-9868-57a2d4851a1d" relativeResultsDirectory="6a5c2e19-1d48-48a0-a41e-cbf09d5465ad" />
    <UnitTestResult executionId="ca12737c-1c99-4acd-a33c-1cf7a1f85651" testId="8d2a6f42-8485-ce0d-6b3b-6be233f90474" testName="WindowsTrayTasks.Domain.Tests.DateInputParserTests.Parse_EmptyInput_ReturnsNull(input: &quot;   &quot;)" computerName="WORKSTATION" duration="00:00:00.0039482" startTime="2026-05-01T16:32:48.6118865+02:00" endTime="2026-05-01T16:32:48.6118865+02:00" testType="13cdc9d9-ddb5-4fa4-a97d-d965ccfc6d4b" outcome="Passed" testListId="8c84fa94-04c1-424b-9868-57a2d4851a1d" relativeResultsDirectory="ca12737c-1c99-4acd-a33c-1cf7a1f85651" />
    <UnitTestResult executionId="e1b3422b-9fb1-48d5-98c9-2c6567a06539" testId="87566720-db73-d387-ec6b-3f003dc0740c" testName="WindowsTrayTasks.Domain.Tests.DateInputParserTests.Parse_ExplicitDateTime_ReturnsUtcInstant" computerName="WORKSTATION" duration="00:00:00.0019658" startTime="2026-05-01T16:32:48.6369287+02:00" endTime="2026-05-01T16:32:48.6369287+02:00" testType="13cdc9d9-ddb5-4fa4-a97d-d965ccfc6d4b" outcome="Passed" testListId="8c84fa94-04c1-424b-9868-57a2d4851a1d" relativeResultsDirectory="e1b3422b-9fb1-48d5-98c9-2c6567a06539" />
    <UnitTestResult executionId="bbc549a1-f9af-4971-a1fa-60d30d549864" testId="e0eca087-bd43-51e0-4a4e-379638fa5b61" testName="WindowsTrayTasks.Domain.Tests.TaskFilterTests.Apply_UntaggedOnly_ExcludesTaggedTasks" computerName="WORKSTATION" duration="00:00:00.0084555" startTime="2026-05-01T16:32:48.6354616+02:00" endTime="2026-05-01T16:32:48.6354617+02:00" testType="13cdc9d9-ddb5-4fa4-a97d-d965ccfc6d4b" outcome="Passed" testListId="8c84fa94-04c1-424b-9868-57a2d4851a1d" relativeResultsDirectory="bbc549a1-f9af-4971-a1fa-60d30d549864" />
    <UnitTestResult executionId="b44f802f-8f5a-4fe8-b89a-d36427be2ad3" testId="d052a780-ffc9-f2b1-2092-4ba16518aca4" testName="WindowsTrayTasks.Domain.Tests.DateInputParserTests.Parse_InvalidRelativeUnit_ReturnsNull" computerName="WORKSTATION" duration="00:00:00.0001035" startTime="2026-05-01T16:32:48.6365205+02:00" endTime="2026-05-01T16:32:48.6365205+02:00" testType="13cdc9d9-ddb5-4fa4-a97d-d965ccfc6d4b" outcome="Passed" testListId="8c84fa94-04c1-424b-9868-57a2d4851a1d" relativeResultsDirectory="b44f802f-8f5a-4fe8-b89a-d36427be2ad3" />
    <UnitTestResult executionId="9e92fcf4-168a-42ca-a074-60a6ba7ac69c" testId="3288e09c-5fe6-6166-5194-cdc7454dae9c" testName="WindowsTrayTasks.Domain.Tests.DateInputParserTests.Parse_NullInput_ReturnsNull" computerName="WORKSTATION" duration="00:00:00.0000742" startTime="2026-05-01T16:32:48.6365447+02:00" endTime="2026-05-01T16:32:48.6365447+02:00" testType="13cdc9d9-ddb5-4fa4-a97d-d965ccfc6d4b" outcome="Passed" testListId="8c84fa94-04c1-424b-9868-57a2d4851a1d" relativeResultsDirectory="9e92fcf4-168a-42ca-a074-60a6ba7ac69c" />
    <UnitTestResult executionId="833a9aa5-7d99-42ce-9535-3026eb1f52b0" testId="304d4931-fbeb-f69b-5a95-e3eb45af097d" testName="WindowsTrayTasks.Domain.Tests.SortOrderMathTests.Between_TwoNeighbors_ReturnsMidpoint" computerName="WORKSTATION" duration="00:00:00.0001068" startTime="2026-05-01T16:32:48.6353881+02:00" endTime="2026-05-01T16:32:48.6353881+02:00" testType="13cdc9d9-ddb5-4fa4-a97d-d965ccfc6d4b" outcome="Passed" testListId="8c84fa94-04c1-424b-9868-57a2d4851a1d" relativeResultsDirectory="833a9aa5-7d99-42ce-9535-3026eb1f52b0" />
    <UnitTestResult executionId="ee5f2ca5-79ca-44d0-af40-7c5671f0eefb" testId="3d63889b-8e9e-dd22-256d-cec2ceb5d0bd" testName="WindowsTrayTasks.Domain.Tests.TaskFilterTests.Apply_OverdueMode_ReturnsTasksWithDueReminder" computerName="WORKSTATION" duration="00:00:00.0009955" startTime="2026-05-01T16:32:48.6365744+02:00" endTime="2026-05-01T16:32:48.6365745+02:00" testType="13cdc9d9-ddb5-4fa4-a97d-d965ccfc6d4b" outcome="Passed" testListId="8c84fa94-04c1-424b-9868-57a2d4851a1d" relativeResultsDirectory="ee5f2ca5-79ca-44d0-af40-7c5671f0eefb" />
    <UnitTestResult executionId="7315f985-9140-4947-bb93-907692402a52" testId="e399cea5-b2dd-f1ef-9385-2a0f0e37729d" testName="WindowsTrayTasks.Domain.Tests.SortOrderMathTests.Between_TopOfList_ReturnsLowerThanNext" computerName="WORKSTATION" duration="00:00:00.0059846" startTime="2026-05-01T16:32:48.6128724+02:00" endTime="2026-05-01T16:32:48.6128725+02:00" testType="13cdc9d9-ddb5-4fa4-a97d-d965ccfc6d4b" outcome="Passed" testListId="8c84fa94-04c1-424b-9868-57a2d4851a1d" relativeResultsDirectory="7315f985-9140-4947-bb93-907692402a52" />
    <UnitTestResult executionId="38242fae-8abc-494c-aa06-b4549ae36d57" testId="d921263b-db6d-5c94-5237-19665d547c21" testName="WindowsTrayTasks.Domain.Tests.DateInputParserTests.Parse_RelativeInput_ReturnsNowPlusOffset(input: &quot;+5m&quot;, hours: 0, minutes: 5, seconds: 0)" computerName="WORKSTATION" duration="00:00:00.0002794" startTime="2026-05-01T16:32:48.6364573+02:00" endTime="2026-05-01T16:32:48.6364573+02:00" testType="13cdc9d9-ddb5-4fa4-a97d-d965ccfc6d4b" outcome="Passed" testListId="8c84fa94-04c1-424b-9868-57a2d4851a1d" relativeResultsDirectory="38242fae-8abc-494c-aa06-b4549ae36d57" />
    <UnitTestResult executionId="97d7a9a8-d1c6-4092-995a-1a44cc4643f2" testId="3167c69e-917f-400e-49f4-bfc38ab25875" testName="WindowsTrayTasks.Domain.Tests.DateInputParserTests.Parse_EmptyInput_ReturnsNull(input: &quot;&quot;)" computerName="WORKSTATION" duration="00:00:00.0001449" startTime="2026-05-01T16:32:48.6129264+02:00" endTime="2026-05-01T16:32:48.6129264+02:00" testType="13cdc9d9-ddb5-4fa4-a97d-d965ccfc6d4b" outcome="Passed" testListId="8c84fa94-04c1-424b-9868-57a2d4851a1d" relativeResultsDirectory="97d7a9a8-d1c6-4092-995a-1a44cc4643f2" />
    <UnitTestResult executionId="fa0f4ecd-5d6f-418b-aaef-4286ba84f6d7" testId="5cc03db7-2b40-cad3-7fdf-2402287b685a" testName="WindowsTrayTasks.Domain.Tests.TaskFilterTests.Apply_SearchText_MatchesTitleAndNotes" computerName="WORKSTATION" duration="00:00:00.0003104" startTime="2026-05-01T16:32:48.6368986+02:00" endTime="2026-05-01T16:32:48.6368986+02:00" testType="13cdc9d9-ddb5-4fa4-a97d-d965ccfc6d4b" outcome="Passed" testListId="8c84fa94-04c1-424b-9868-57a2d4851a1d" relativeResultsDirectory="fa0f4ecd-5d6f-418b-aaef-4286ba84f6d7" />
    <UnitTestResult executionId="f0568ddf-31c9-4c81-8f9b-5d112a1d0240" testId="ed0d5a45-f068-b380-df4d-e57817df76d0" testName="WindowsTrayTasks.Domain.Tests.SortOrderMathTests.NeedsRenumber_GapBelowMinimum_ReturnsTrue" computerName="WORKSTATION" duration="00:00:00.0002342" startTime="2026-05-01T16:32:48.6352375+02:00" endTime="2026-05-01T16:32:48.6352375+02:00" testType="13cdc9d9-ddb5-4fa4-a97d-d965ccfc6d4b" outcome="Passed" testListId="8c84fa94-04c1-424b-9868-57a2d4851a1d" relativeResultsDirectory="f0568ddf-31c9-4c81-8f9b-5d112a1d0240" />
    <UnitTestResult executionId="dc163ded-ef7d-49be-8f4f-b1cc16d1c1f4" testId="c50e4d8a-281e-a1c7-5f68-acd2ce0cc207" testName="WindowsTrayTasks.Domain.Tests.SortOrderMathTests.Between_BottomOfList_ReturnsHigherThanPrevious" computerName="WORKSTATION" duration="00:00:00.0000829" startTime="2026-05-01T16:32:48.6354231+02:00" endTime="2026-05-01T16:32:48.6354231+02:00" testType="13cdc9d9-ddb5-4fa4-a97d-d965ccfc6d4b" outcome="Passed" testListId="8c84fa94-04c1-424b-9868-57a2d4851a1d" relativeResultsDirectory="dc163ded-ef7d-49be-8f4f-b1cc16d1c1f4" />
    <UnitTestResult executionId="c445b61b-455a-44f7-b5ca-72655257b532" testId="c5a6f463-4dc2-6f5f-57dd-9810b94e4f28" testName="WindowsTrayTasks.Domain.Tests.EntityFactoryTests.CreateTask_UsesInjectedClockAndIds" computerName="WORKSTATION" duration="00:00:00.0026326" startTime="2026-05-01T16:32:48.6369087+02:00" endTime="2026-05-01T16:32:48.6369087+02:00" testType="13cdc9d9-ddb5-4fa4-a97d-d965ccfc6d4b" outcome="Passed" testListId="8c84fa94-04c1-424b-9868-57a2d4851a1d" relativeResultsDirectory="c445b61b-455a-44f7-b5ca-72655257b532" />
    <UnitTestResult executionId="82f0dcc3-978f-4fbe-86cc-c6bc90172871" testId="ecd2a25e-e216-2b3d-6ed8-84776255cdeb" testName="WindowsTrayTasks.Domain.Tests.DateInputParserTests.Parse_RelativeInput_ReturnsNowPlusOffset(input: &quot;+1d&quot;, hours: 24, minutes: 0, seconds: 0)" computerName="WORKSTATION" duration="00:00:00.0021607" startTime="2026-05-01T16:32:48.6355198+02:00" endTime="2026-05-01T16:32:48.6355198+02:00" testType="13cdc9d9-ddb5-4fa4-a97d-d965ccfc6d4b" outcome="Passed" testListId="8c84fa94-04c1-424b-9868-57a2d4851a1d" relativeResultsDirectory="82f0dcc3-978f-4fbe-86cc-c6bc90172871" />
    <UnitTestResult executionId="e0f1e024-b12b-42e6-983d-63a64fa07f57" testId="7e9defaf-985b-b6eb-9d89-ef38b7af6a93" testName="WindowsTrayTasks.Domain.Tests.ReminderScannerTests.Scan_PastNextFireAt_MarksOverdueAndAdvances" computerName="WORKSTATION" duration="00:00:00.0085741" startTime="2026-05-01T16:32:48.6355558+02:00" endTime="2026-05-01T16:32:48.6355558+02:00" testType="13cdc9d9-ddb5-4fa4-a97d-d965ccfc6d4b" outcome="Passed" testListId="8c84fa94-04c1-424b-9868-57a2d4851a1d" relativeResultsDirectory="e0f1e024-b12b-42e6-983d-63a64fa07f57" />
    <UnitTestResult executionId="4cec8033-cb14-41ab-bd54-9777459aa26a" testId="5e6327bd-dbc0-1fae-524d-b8a361315e30" testName="WindowsTrayTasks.Domain.Tests.ReminderScannerTests.Scan_MultiplePastReminders_CoalescesIntoOneResultList" computerName="WORKSTATION" duration="00:00:00.0022226" startTime="2026-05-01T16:32:48.6366301+02:00" endTime="2026-05-01T16:32:48.6366301+02:00" testType="13cdc9d9-ddb5-4fa4-a97d-d965ccfc6d4b" outcome="Passed" testListId="8c84fa94-04c1-424b-9868-57a2d4851a1d" relativeResultsDirectory="4cec8033-cb14-41ab-bd54-9777459aa26a" />
    <UnitTestResult executionId="267db239-a454-42f4-a530-95498b82af47" testId="7d09d2bb-20de-f555-181c-13f94c39a9c6" testName="WindowsTrayTasks.Domain.Tests.TagExtractorTests.ExtractTags_EmailAddress_IsNotExtracted" computerName="WORKSTATION" duration="00:00:00.0001059" startTime="2026-05-01T16:32:48.6373782+02:00" endTime="2026-05-01T16:32:48.6373782+02:00" testType="13cdc9d9-ddb5-4fa4-a97d-d965ccfc6d4b" outcome="Passed" testListId="8c84fa94-04c1-424b-9868-57a2d4851a1d" relativeResultsDirectory="267db239-a454-42f4-a530-95498b82af47" />
    <UnitTestResult executionId="92592efb-ef88-46b7-8724-a2ff66628163" testId="d839afc7-5936-9fce-27f9-0cd1dce2a4a2" testName="WindowsTrayTasks.Domain.Tests.TagExtractorTests.ExtractTags_HyphenUnderscoreDot_AreAllowedInsideToken" computerName="WORKSTATION" duration="00:00:00.0113695" startTime="2026-05-01T16:32:48.6370171+02:00" endTime="2026-05-01T16:32:48.6370172+02:00" testType="13cdc9d9-ddb5-4fa4-a97d-d965ccfc6d4b" outcome="Passed" testListId="8c84fa94-04c1-424b-9868-57a2d4851a1d" relativeResultsDirectory="92592efb-ef88-46b7-8724-a2ff66628163" />
    <UnitTestResult executionId="a3c259fb-19f9-4906-be85-924ad2d0c081" testId="6415fa25-b3e0-b9ff-a2de-91164561c095" testName="WindowsTrayTasks.Domain.Tests.TagExtractorTests.ExtractTags_AtHome_ReturnsHome" computerName="WORKSTATION" duration="00:00:00.0001270" startTime="2026-05-01T16:32:48.6370941+02:00" endTime="2026-05-01T16:32:48.6370942+02:00" testType="13cdc9d9-ddb5-4fa4-a97d-d965ccfc6d4b" outcome="Passed" testListId="8c84fa94-04c1-424b-9868-57a2d4851a1d" relativeResultsDirectory="a3c259fb-19f9-4906-be85-924ad2d0c081" />
    <UnitTestResult executionId="183ac6ee-6ab9-4385-90dc-4c84a4a3cfdd" testId="57378ada-ada7-c794-56ad-5e87dfdc5204" testName="WindowsTrayTasks.Domain.Tests.TagExtractorTests.ExtractTags_TrailingPunctuation_StripsPunctuation" computerName="WORKSTATION" duration="00:00:00.0000816" startTime="2026-05-01T16:32:48.6374116+02:00" endTime="2026-05-01T16:32:48.6374116+02:00" testType="13cdc9d9-ddb5-4fa4-a97d-d965ccfc6d4b" outcome="Passed" testListId="8c84fa94-04c1-424b-9868-57a2d4851a1d" relativeResultsDirectory="183ac6ee-6ab9-4385-90dc-4c84a4a3cfdd" />
  </Results>
  <TestDefinitions>
    <UnitTest name="WindowsTrayTasks.Domain.Tests.TaskFilterTests.Apply_StateMode_ReturnsOnlyMatchingState" storage="c:\users\frsks\onedrive\desktop\repositories\todo-app\todo_app\tests\domain.tests\bin\debug\net9.0\windowstraytasks.domain.tests.dll" id="87e75758-7345-11c6-12cb-8ed4fab552d3">
      <Execution id="12197dcf-d4db-4758-80f7-33217c9f4525" />
      <TestMethod codeBase="C:\Users\frsks\OneDrive\Desktop\Repositories\Todo-App\Todo_App\tests\Domain.Tests\bin\Debug\net9.0\WindowsTrayTasks.Domain.Tests.dll" adapterTypeName="executor://xunit/VsTestRunner2/netcoreapp" className="WindowsTrayTasks.Domain.Tests.TaskFilterTests" name="Apply_StateMode_ReturnsOnlyMatchingState" />
    </UnitTest>
    <UnitTest name="WindowsTrayTasks.Domain.Tests.DateInputParserTests.Parse_EmptyInput_ReturnsNull(input: &quot;   &quot;)" storage="c:\users\frsks\onedrive\desktop\repositories\todo-app\todo_app\tests\domain.tests\bin\debug\net9.0\windowstraytasks.domain.tests.dll" id="8d2a6f42-8485-ce0d-6b3b-6be233f90474">
      <Execution id="ca12737c-1c99-4acd-a33c-1cf7a1f85651" />
      <TestMethod codeBase="C:\Users\frsks\OneDrive\Desktop\Repositories\Todo-App\Todo_App\tests\Domain.Tests\bin\Debug\net9.0\WindowsTrayTasks.Domain.Tests.dll" adapterTypeName="executor://xunit/VsTestRunner2/netcoreapp" className="WindowsTrayTasks.Domain.Tests.DateInputParserTests" name="Parse_EmptyInput_ReturnsNull" />
    </UnitTest>
    <UnitTest name="WindowsTrayTasks.Domain.Tests.DateInputParserTests.Parse_RelativeInput_ReturnsNowPlusOffset(input: &quot;+1d&quot;, hours: 24, minutes: 0, seconds: 0)" storage="c:\users\frsks\onedrive\desktop\repositories\todo-app\todo_app\tests\domain.tests\bin\debug\net9.0\windowstraytasks.domain.tests.dll" id="ecd2a25e-e216-2b3d-6ed8-84776255cdeb">
      <Execution id="82f0dcc3-978f-4fbe-86cc-c6bc90172871" />
      <TestMethod codeBase="C:\Users\frsks\OneDrive\Desktop\Repositories\Todo-App\Todo_App\tests\Domain.Tests\bin\Debug\net9.0\WindowsTrayTasks.Domain.Tests.dll" adapterTypeName="executor://xunit/VsTestRunner2/netcoreapp" className="WindowsTrayTasks.Domain.Tests.DateInputParserTests" name="Parse_RelativeInput_ReturnsNowPlusOffset" />
    </UnitTest>
    <UnitTest name="WindowsTrayTasks.Domain.Tests.TaskFilterTests.Apply_SearchText_MatchesTitleAndNotes" storage="c:\users\frsks\onedrive\desktop\repositories\todo-app\todo_app\tests\domain.tests\bin\debug\net9.0\windowstraytasks.domain.tests.dll" id="5cc03db7-2b40-cad3-7fdf-2402287b685a">
      <Execution id="fa0f4ecd-5d6f-418b-aaef-4286ba84f6d7" />
      <TestMethod codeBase="C:\Users\frsks\OneDrive\Desktop\Repositories\Todo-App\Todo_App\tests\Domain.Tests\bin\Debug\net9.0\WindowsTrayTasks.Domain.Tests.dll" adapterTypeName="executor://xunit/VsTestRunner2/netcoreapp" className="WindowsTrayTasks.Domain.Tests.TaskFilterTests" name="Apply_SearchText_MatchesTitleAndNotes" />
    </UnitTest>
    <UnitTest name="WindowsTrayTasks.Domain.Tests.TagExtractorTests.Normalize_TrimsAtSignAndLowercases" storage="c:\users\frsks\onedrive\desktop\repositories\todo-app\todo_app\tests\domain.tests\bin\debug\net9.0\windowstraytasks.domain.tests.dll" id="2d1c1d64-edef-3e88-7818-84df5ae5a509">
      <Execution id="6a5c2e19-1d48-48a0-a41e-cbf09d5465ad" />
      <TestMethod codeBase="C:\Users\frsks\OneDrive\Desktop\Repositories\Todo-App\Todo_App\tests\Domain.Tests\bin\Debug\net9.0\WindowsTrayTasks.Domain.Tests.dll" adapterTypeName="executor://xunit/VsTestRunner2/netcoreapp" className="WindowsTrayTasks.Domain.Tests.TagExtractorTests" name="Normalize_TrimsAtSignAndLowercases" />
    </UnitTest>
    <UnitTest name="WindowsTrayTasks.Domain.Tests.EntityFactoryTests.FakeClock_AdvanceAndSet_ControlsUtcNow" storage="c:\users\frsks\onedrive\desktop\repositories\todo-app\todo_app\tests\domain.tests\bin\debug\net9.0\windowstraytasks.domain.tests.dll" id="80604154-3edc-7af6-f14b-5f6e650d6091">
      <Execution id="38d516f5-0ee5-41f9-afae-0be9fcd92cc3" />
      <TestMethod codeBase="C:\Users\frsks\OneDrive\Desktop\Repositories\Todo-App\Todo_App\tests\Domain.Tests\bin\Debug\net9.0\WindowsTrayTasks.Domain.Tests.dll" adapterTypeName="executor://xunit/VsTestRunner2/netcoreapp" className="WindowsTrayTasks.Domain.Tests.EntityFactoryTests" name="FakeClock_AdvanceAndSet_ControlsUtcNow" />
    </UnitTest>
    <UnitTest name="WindowsTrayTasks.Domain.Tests.TagExtractorTests.ExtractTags_Duplicates_AreReturnedOnce" storage="c:\users\frsks\onedrive\desktop\repositories\todo-app\todo_app\tests\domain.tests\bin\debug\net9.0\windowstraytasks.domain.tests.dll" id="744ff5cb-0fef-f886-21e5-71298126b0e7">
      <Execution id="4d10d337-69b7-437f-9ce7-5ad3789099ce" />
      <TestMethod codeBase="C:\Users\frsks\OneDrive\Desktop\Repositories\Todo-App\Todo_App\tests\Domain.Tests\bin\Debug\net9.0\WindowsTrayTasks.Domain.Tests.dll" adapterTypeName="executor://xunit/VsTestRunner2/netcoreapp" className="WindowsTrayTasks.Domain.Tests.TagExtractorTests" name="ExtractTags_Duplicates_AreReturnedOnce" />
    </UnitTest>
    <UnitTest name="WindowsTrayTasks.Domain.Tests.DateInputParserTests.Parse_EmptyInput_ReturnsNull(input: &quot;&quot;)" storage="c:\users\frsks\onedrive\desktop\repositories\todo-app\todo_app\tests\domain.tests\bin\debug\net9.0\windowstraytasks.domain.tests.dll" id="3167c69e-917f-400e-49f4-bfc38ab25875">
      <Execution id="97d7a9a8-d1c6-4092-995a-1a44cc4643f2" />
      <TestMethod codeBase="C:\Users\frsks\OneDrive\Desktop\Repositories\Todo-App\Todo_App\tests\Domain.Tests\bin\Debug\net9.0\WindowsTrayTasks.Domain.Tests.dll" adapterTypeName="executor://xunit/VsTestRunner2/netcoreapp" className="WindowsTrayTasks.Domain.Tests.DateInputParserTests" name="Parse_EmptyInput_ReturnsNull" />
    </UnitTest>
    <UnitTest name="WindowsTrayTasks.Domain.Tests.DateInputParserTests.Parse_RelativeInput_ReturnsNowPlusOffset(input: &quot;+2h&quot;, hours: 2, minutes: 0, seconds: 0)" storage="c:\users\frsks\onedrive\desktop\repositories\todo-app\todo_app\tests\domain.tests\bin\debug\net9.0\windowstraytasks.domain.tests.dll" id="9f326d94-8299-2b6f-d84a-463509fdd83e">
      <Execution id="21a8ef8a-2ea4-4c24-9897-5e6dfd5ab2d6" />
      <TestMethod codeBase="C:\Users\frsks\OneDrive\Desktop\Repositories\Todo-App\Todo_App\tests\Domain.Tests\bin\Debug\net9.0\WindowsTrayTasks.Domain.Tests.dll" adapterTypeName="executor://xunit/VsTestRunner2/netcoreapp" className="WindowsTrayTasks.Domain.Tests.DateInputParserTests" name="Parse_RelativeInput_ReturnsNowPlusOffset" />
    </UnitTest>
    <UnitTest name="WindowsTrayTasks.Domain.Tests.ReminderScannerTests.Scan_PastNextFireAt_MarksOverdueAndAdvances" storage="c:\users\frsks\onedrive\desktop\repositories\todo-app\todo_app\tests\domain.tests\bin\debug\net9.0\windowstraytasks.domain.tests.dll" id="7e9defaf-985b-b6eb-9d89-ef38b7af6a93">
      <Execution id="e0f1e024-b12b-42e6-983d-63a64fa07f57" />
      <TestMethod codeBase="C:\Users\frsks\OneDrive\Desktop\Repositories\Todo-App\Todo_App\tests\Domain.Tests\bin\Debug\net9.0\WindowsTrayTasks.Domain.Tests.dll" adapterTypeName="executor://xunit/VsTestRunner2/netcoreapp" className="WindowsTrayTasks.Domain.Tests.ReminderScannerTests" name="Scan_PastNextFireAt_MarksOverdueAndAdvances" />
    </UnitTest>
    <UnitTest name="WindowsTrayTasks.Domain.Tests.TagExtractorTests.ExtractTags_HyphenUnderscoreDot_AreAllowedInsideToken" storage="c:\users\frsks\onedrive\desktop\repositories\todo-app\todo_app\tests\domain.tests\bin\debug\net9.0\windowstraytasks.domain.tests.dll" id="d839afc7-5936-9fce-27f9-0cd1dce2a4a2">
      <Execution id="92592efb-ef88-46b7-8724-a2ff66628163" />
      <TestMethod codeBase="C:\Users\frsks\OneDrive\Desktop\Repositories\Todo-App\Todo_App\tests\Domain.Tests\bin\Debug\net9.0\WindowsTrayTasks.Domain.Tests.dll" adapterTypeName="executor://xunit/VsTestRunner2/netcoreapp" className="WindowsTrayTasks.Domain.Tests.TagExtractorTests" name="ExtractTags_HyphenUnderscoreDot_AreAllowedInsideToken" />
    </UnitTest>
    <UnitTest name="WindowsTrayTasks.Domain.Tests.ReminderScannerTests.Scan_DisabledReminder_DoesNotFire" storage="c:\users\frsks\onedrive\desktop\repositories\todo-app\todo_app\tests\domain.tests\bin\debug\net9.0\windowstraytasks.domain.tests.dll" id="26231397-8218-75bf-a020-90a39229e24c">
      <Execution id="1d6c542a-f3d5-4c8f-bdb4-f4f7183812c7" />
      <TestMethod codeBase="C:\Users\frsks\OneDrive\Desktop\Repositories\Todo-App\Todo_App\tests\Domain.Tests\bin\Debug\net9.0\WindowsTrayTasks.Domain.Tests.dll" adapterTypeName="executor://xunit/VsTestRunner2/netcoreapp" className="WindowsTrayTasks.Domain.Tests.ReminderScannerTests" name="Scan_DisabledReminder_DoesNotFire" />
    </UnitTest>
    <UnitTest name="WindowsTrayTasks.Domain.Tests.DateInputParserTests.Parse_InvalidRelativeUnit_ReturnsNull" storage="c:\users\frsks\onedrive\desktop\repositories\todo-app\todo_app\tests\domain.tests\bin\debug\net9.0\windowstraytasks.domain.tests.dll" id="d052a780-ffc9-f2b1-2092-4ba16518aca4">
      <Execution id="b44f802f-8f5a-4fe8-b89a-d36427be2ad3" />
      <TestMethod codeBase="C:\Users\frsks\OneDrive\Desktop\Repositories\Todo-App\Todo_App\tests\Domain.Tests\bin\Debug\net9.0\WindowsTrayTasks.Domain.Tests.dll" adapterTypeName="executor://xunit/VsTestRunner2/netcoreapp" className="WindowsTrayTasks.Domain.Tests.DateInputParserTests" name="Parse_InvalidRelativeUnit_ReturnsNull" />
    </UnitTest>
    <UnitTest name="WindowsTrayTasks.Domain.Tests.SortOrderMathTests.Between_TopOfList_ReturnsLowerThanNext" storage="c:\users\frsks\onedrive\desktop\repositories\todo-app\todo_app\tests\domain.tests\bin\debug\net9.0\windowstraytasks.domain.tests.dll" id="e399cea5-b2dd-f1ef-9385-2a0f0e37729d">
      <Execution id="7315f985-9140-4947-bb93-907692402a52" />
      <TestMethod codeBase="C:\Users\frsks\OneDrive\Desktop\Repositories\Todo-App\Todo_App\tests\Domain.Tests\bin\Debug\net9.0\WindowsTrayTasks.Domain.Tests.dll" adapterTypeName="executor://xunit/VsTestRunner2/netcoreapp" className="WindowsTrayTasks.Domain.Tests.SortOrderMathTests" name="Between_TopOfList_ReturnsLowerThanNext" />
    </UnitTest>
    <UnitTest name="WindowsTrayTasks.Domain.Tests.ReminderScannerTests.Scan_FutureNextFireAt_DoesNotFire" storage="c:\users\frsks\onedrive\desktop\repositories\todo-app\todo_app\tests\domain.tests\bin\debug\net9.0\windowstraytasks.domain.tests.dll" id="16ca371b-962a-5c71-577d-0dcc89d60b59">
      <Execution id="dde6ead7-864e-4164-8338-883a60fa0f1e" />
      <TestMethod codeBase="C:\Users\frsks\OneDrive\Desktop\Repositories\Todo-App\Todo_App\tests\Domain.Tests\bin\Debug\net9.0\WindowsTrayTasks.Domain.Tests.dll" adapterTypeName="executor://xunit/VsTestRunner2/netcoreapp" className="WindowsTrayTasks.Domain.Tests.ReminderScannerTests" name="Scan_FutureNextFireAt_DoesNotFire" />
    </UnitTest>
    <UnitTest name="WindowsTrayTasks.Domain.Tests.TagExtractorTests.ExtractTags_AtHome_ReturnsHome" storage="c:\users\frsks\onedrive\desktop\repositories\todo-app\todo_app\tests\domain.tests\bin\debug\net9.0\windowstraytasks.domain.tests.dll" id="6415fa25-b3e0-b9ff-a2de-91164561c095">
      <Execution id="a3c259fb-19f9-4906-be85-924ad2d0c081" />
      <TestMethod codeBase="C:\Users\frsks\OneDrive\Desktop\Repositories\Todo-App\Todo_App\tests\Domain.Tests\bin\Debug\net9.0\WindowsTrayTasks.Domain.Tests.dll" adapterTypeName="executor://xunit/VsTestRunner2/netcoreapp" className="WindowsTrayTasks.Domain.Tests.TagExtractorTests" name="ExtractTags_AtHome_ReturnsHome" />
    </UnitTest>
    <UnitTest name="WindowsTrayTasks.Domain.Tests.SortOrderMathTests.NeedsRenumber_GapBelowMinimum_ReturnsTrue" storage="c:\users\frsks\onedrive\desktop\repositories\todo-app\todo_app\tests\domain.tests\bin\debug\net9.0\windowstraytasks.domain.tests.dll" id="ed0d5a45-f068-b380-df4d-e57817df76d0">
      <Execution id="f0568ddf-31c9-4c81-8f9b-5d112a1d0240" />
      <TestMethod codeBase="C:\Users\frsks\OneDrive\Desktop\Repositories\Todo-App\Todo_App\tests\Domain.Tests\bin\Debug\net9.0\WindowsTrayTasks.Domain.Tests.dll" adapterTypeName="executor://xunit/VsTestRunner2/netcoreapp" className="WindowsTrayTasks.Domain.Tests.SortOrderMathTests" name="NeedsRenumber_GapBelowMinimum_ReturnsTrue" />
    </UnitTest>
    <UnitTest name="WindowsTrayTasks.Domain.Tests.TaskFilterTests.Apply_OverdueMode_ReturnsTasksWithDueReminder" storage="c:\users\frsks\onedrive\desktop\repositories\todo-app\todo_app\tests\domain.tests\bin\debug\net9.0\windowstraytasks.domain.tests.dll" id="3d63889b-8e9e-dd22-256d-cec2ceb5d0bd">
      <Execution id="ee5f2ca5-79ca-44d0-af40-7c5671f0eefb" />
      <TestMethod codeBase="C:\Users\frsks\OneDrive\Desktop\Repositories\Todo-App\Todo_App\tests\Domain.Tests\bin\Debug\net9.0\WindowsTrayTasks.Domain.Tests.dll" adapterTypeName="executor://xunit/VsTestRunner2/netcoreapp" className="WindowsTrayTasks.Domain.Tests.TaskFilterTests" name="Apply_OverdueMode_ReturnsTasksWithDueReminder" />
    </UnitTest>
    <UnitTest name="WindowsTrayTasks.Domain.Tests.SortOrderMathTests.Between_TwoNeighbors_ReturnsMidpoint" storage="c:\users\frsks\onedrive\desktop\repositories\todo-app\todo_app\tests\domain.tests\bin\debug\net9.0\windowstraytasks.domain.tests.dll" id="304d4931-fbeb-f69b-5a95-e3eb45af097d">
      <Execution id="833a9aa5-7d99-42ce-9535-3026eb1f52b0" />
      <TestMethod codeBase="C:\Users\frsks\OneDrive\Desktop\Repositories\Todo-App\Todo_App\tests\Domain.Tests\bin\Debug\net9.0\WindowsTrayTasks.Domain.Tests.dll" adapterTypeName="executor://xunit/VsTestRunner2/netcoreapp" className="WindowsTrayTasks.Domain.Tests.SortOrderMathTests" name="Between_TwoNeighbors_ReturnsMidpoint" />
    </UnitTest>
    <UnitTest name="WindowsTrayTasks.Domain.Tests.TaskFilterTests.Apply_ComposedFilter_AndsPageStateDateSearchAndTags" storage="c:\users\frsks\onedrive\desktop\repositories\todo-app\todo_app\tests\domain.tests\bin\debug\net9.0\windowstraytasks.domain.tests.dll" id="1f3942f7-881d-7016-1c35-941acc2d38b0">
      <Execution id="69a72bf4-2245-4fed-b5e4-bf257b5f65b3" />
      <TestMethod codeBase="C:\Users\frsks\OneDrive\Desktop\Repositories\Todo-App\Todo_App\tests\Domain.Tests\bin\Debug\net9.0\WindowsTrayTasks.Domain.Tests.dll" adapterTypeName="executor://xunit/VsTestRunner2/netcoreapp" className="WindowsTrayTasks.Domain.Tests.TaskFilterTests" name="Apply_ComposedFilter_AndsPageStateDateSearchAndTags" />
    </UnitTest>
    <UnitTest name="WindowsTrayTasks.Domain.Tests.DateInputParserTests.Parse_NullInput_ReturnsNull" storage="c:\users\frsks\onedrive\desktop\repositories\todo-app\todo_app\tests\domain.tests\bin\debug\net9.0\windowstraytasks.domain.tests.dll" id="3288e09c-5fe6-6166-5194-cdc7454dae9c">
      <Execution id="9e92fcf4-168a-42ca-a074-60a6ba7ac69c" />
      <TestMethod codeBase="C:\Users\frsks\OneDrive\Desktop\Repositories\Todo-App\Todo_App\tests\Domain.Tests\bin\Debug\net9.0\WindowsTrayTasks.Domain.Tests.dll" adapterTypeName="executor://xunit/VsTestRunner2/netcoreapp" className="WindowsTrayTasks.Domain.Tests.DateInputParserTests" name="Parse_NullInput_ReturnsNull" />
    </UnitTest>
    <UnitTest name="WindowsTrayTasks.Domain.Tests.EntityFactoryTests.CreateTask_UsesInjectedClockAndIds" storage="c:\users\frsks\onedrive\desktop\repositories\todo-app\todo_app\tests\domain.tests\bin\debug\net9.0\windowstraytasks.domain.tests.dll" id="c5a6f463-4dc2-6f5f-57dd-9810b94e4f28">
      <Execution id="c445b61b-455a-44f7-b5ca-72655257b532" />
      <TestMethod codeBase="C:\Users\frsks\OneDrive\Desktop\Repositories\Todo-App\Todo_App\tests\Domain.Tests\bin\Debug\net9.0\WindowsTrayTasks.Domain.Tests.dll" adapterTypeName="executor://xunit/VsTestRunner2/netcoreapp" className="WindowsTrayTasks.Domain.Tests.EntityFactoryTests" name="CreateTask_UsesInjectedClockAndIds" />
    </UnitTest>
    <UnitTest name="WindowsTrayTasks.Domain.Tests.TaskFilterTests.Apply_UntaggedOnly_ExcludesTaggedTasks" storage="c:\users\frsks\onedrive\desktop\repositories\todo-app\todo_app\tests\domain.tests\bin\debug\net9.0\windowstraytasks.domain.tests.dll" id="e0eca087-bd43-51e0-4a4e-379638fa5b61">
      <Execution id="bbc549a1-f9af-4971-a1fa-60d30d549864" />
      <TestMethod codeBase="C:\Users\frsks\OneDrive\Desktop\Repositories\Todo-App\Todo_App\tests\Domain.Tests\bin\Debug\net9.0\WindowsTrayTasks.Domain.Tests.dll" adapterTypeName="executor://xunit/VsTestRunner2/netcoreapp" className="WindowsTrayTasks.Domain.Tests.TaskFilterTests" name="Apply_UntaggedOnly_ExcludesTaggedTasks" />
    </UnitTest>
    <UnitTest name="WindowsTrayTasks.Domain.Tests.TagExtractorTests.ExtractTags_TrailingPunctuation_StripsPunctuation" storage="c:\users\frsks\onedrive\desktop\repositories\todo-app\todo_app\tests\domain.tests\bin\debug\net9.0\windowstraytasks.domain.tests.dll" id="57378ada-ada7-c794-56ad-5e87dfdc5204">
      <Execution id="183ac6ee-6ab9-4385-90dc-4c84a4a3cfdd" />
      <TestMethod codeBase="C:\Users\frsks\OneDrive\Desktop\Repositories\Todo-App\Todo_App\tests\Domain.Tests\bin\Debug\net9.0\WindowsTrayTasks.Domain.Tests.dll" adapterTypeName="executor://xunit/VsTestRunner2/netcoreapp" className="WindowsTrayTasks.Domain.Tests.TagExtractorTests" name="ExtractTags_TrailingPunctuation_StripsPunctuation" />
    </UnitTest>
    <UnitTest name="WindowsTrayTasks.Domain.Tests.TagExtractorTests.ExtractTags_EmailAddress_IsNotExtracted" storage="c:\users\frsks\onedrive\desktop\repositories\todo-app\todo_app\tests\domain.tests\bin\debug\net9.0\windowstraytasks.domain.tests.dll" id="7d09d2bb-20de-f555-181c-13f94c39a9c6">
      <Execution id="267db239-a454-42f4-a530-95498b82af47" />
      <TestMethod codeBase="C:\Users\frsks\OneDrive\Desktop\Repositories\Todo-App\Todo_App\tests\Domain.Tests\bin\Debug\net9.0\WindowsTrayTasks.Domain.Tests.dll" adapterTypeName="executor://xunit/VsTestRunner2/netcoreapp" className="WindowsTrayTasks.Domain.Tests.TagExtractorTests" name="ExtractTags_EmailAddress_IsNotExtracted" />
    </UnitTest>
    <UnitTest name="WindowsTrayTasks.Domain.Tests.SortOrderMathTests.Between_BottomOfList_ReturnsHigherThanPrevious" storage="c:\users\frsks\onedrive\desktop\repositories\todo-app\todo_app\tests\domain.tests\bin\debug\net9.0\windowstraytasks.domain.tests.dll" id="c50e4d8a-281e-a1c7-5f68-acd2ce0cc207">
      <Execution id="dc163ded-ef7d-49be-8f4f-b1cc16d1c1f4" />
      <TestMethod codeBase="C:\Users\frsks\OneDrive\Desktop\Repositories\Todo-App\Todo_App\tests\Domain.Tests\bin\Debug\net9.0\WindowsTrayTasks.Domain.Tests.dll" adapterTypeName="executor://xunit/VsTestRunner2/netcoreapp" className="WindowsTrayTasks.Domain.Tests.SortOrderMathTests" name="Between_BottomOfList_ReturnsHigherThanPrevious" />
    </UnitTest>
    <UnitTest name="WindowsTrayTasks.Domain.Tests.DateInputParserTests.Parse_ExplicitDateTime_ReturnsUtcInstant" storage="c:\users\frsks\onedrive\desktop\repositories\todo-app\todo_app\tests\domain.tests\bin\debug\net9.0\windowstraytasks.domain.tests.dll" id="87566720-db73-d387-ec6b-3f003dc0740c">
      <Execution id="e1b3422b-9fb1-48d5-98c9-2c6567a06539" />
      <TestMethod codeBase="C:\Users\frsks\OneDrive\Desktop\Repositories\Todo-App\Todo_App\tests\Domain.Tests\bin\Debug\net9.0\WindowsTrayTasks.Domain.Tests.dll" adapterTypeName="executor://xunit/VsTestRunner2/netcoreapp" className="WindowsTrayTasks.Domain.Tests.DateInputParserTests" name="Parse_ExplicitDateTime_ReturnsUtcInstant" />
    </UnitTest>
    <UnitTest name="WindowsTrayTasks.Domain.Tests.ReminderScannerTests.Scan_MultiplePastReminders_CoalescesIntoOneResultList" storage="c:\users\frsks\onedrive\desktop\repositories\todo-app\todo_app\tests\domain.tests\bin\debug\net9.0\windowstraytasks.domain.tests.dll" id="5e6327bd-dbc0-1fae-524d-b8a361315e30">
      <Execution id="4cec8033-cb14-41ab-bd54-9777459aa26a" />
      <TestMethod codeBase="C:\Users\frsks\OneDrive\Desktop\Repositories\Todo-App\Todo_App\tests\Domain.Tests\bin\Debug\net9.0\WindowsTrayTasks.Domain.Tests.dll" adapterTypeName="executor://xunit/VsTestRunner2/netcoreapp" className="WindowsTrayTasks.Domain.Tests.ReminderScannerTests" name="Scan_MultiplePastReminders_CoalescesIntoOneResultList" />
    </UnitTest>
    <UnitTest name="WindowsTrayTasks.Domain.Tests.DateInputParserTests.Parse_RelativeInput_ReturnsNowPlusOffset(input: &quot;+5m&quot;, hours: 0, minutes: 5, seconds: 0)" storage="c:\users\frsks\onedrive\desktop\repositories\todo-app\todo_app\tests\domain.tests\bin\debug\net9.0\windowstraytasks.domain.tests.dll" id="d921263b-db6d-5c94-5237-19665d547c21">
      <Execution id="38242fae-8abc-494c-aa06-b4549ae36d57" />
      <TestMethod codeBase="C:\Users\frsks\OneDrive\Desktop\Repositories\Todo-App\Todo_App\tests\Domain.Tests\bin\Debug\net9.0\WindowsTrayTasks.Domain.Tests.dll" adapterTypeName="executor://xunit/VsTestRunner2/netcoreapp" className="WindowsTrayTasks.Domain.Tests.DateInputParserTests" name="Parse_RelativeInput_ReturnsNowPlusOffset" />
    </UnitTest>
    <UnitTest name="WindowsTrayTasks.Domain.Tests.EntityFactoryTests.SequentialIdGenerator_NewId_ReturnsStableIncreasingIds" storage="c:\users\frsks\onedrive\desktop\repositories\todo-app\todo_app\tests\domain.tests\bin\debug\net9.0\windowstraytasks.domain.tests.dll" id="18f81a39-e655-1908-c3c1-18df6036603f">
      <Execution id="df0dfb4f-68f1-4362-b63e-05d6426012cf" />
      <TestMethod codeBase="C:\Users\frsks\OneDrive\Desktop\Repositories\Todo-App\Todo_App\tests\Domain.Tests\bin\Debug\net9.0\WindowsTrayTasks.Domain.Tests.dll" adapterTypeName="executor://xunit/VsTestRunner2/netcoreapp" className="WindowsTrayTasks.Domain.Tests.EntityFactoryTests" name="SequentialIdGenerator_NewId_ReturnsStableIncreasingIds" />
    </UnitTest>
  </TestDefinitions>
  <TestEntries>
    <TestEntry testId="87e75758-7345-11c6-12cb-8ed4fab552d3" executionId="12197dcf-d4db-4758-80f7-33217c9f4525" testListId="8c84fa94-04c1-424b-9868-57a2d4851a1d" />
    <TestEntry testId="18f81a39-e655-1908-c3c1-18df6036603f" executionId="df0dfb4f-68f1-4362-b63e-05d6426012cf" testListId="8c84fa94-04c1-424b-9868-57a2d4851a1d" />
    <TestEntry testId="16ca371b-962a-5c71-577d-0dcc89d60b59" executionId="dde6ead7-864e-4164-8338-883a60fa0f1e" testListId="8c84fa94-04c1-424b-9868-57a2d4851a1d" />
    <TestEntry testId="80604154-3edc-7af6-f14b-5f6e650d6091" executionId="38d516f5-0ee5-41f9-afae-0be9fcd92cc3" testListId="8c84fa94-04c1-424b-9868-57a2d4851a1d" />
    <TestEntry testId="1f3942f7-881d-7016-1c35-941acc2d38b0" executionId="69a72bf4-2245-4fed-b5e4-bf257b5f65b3" testListId="8c84fa94-04c1-424b-9868-57a2d4851a1d" />
    <TestEntry testId="744ff5cb-0fef-f886-21e5-71298126b0e7" executionId="4d10d337-69b7-437f-9ce7-5ad3789099ce" testListId="8c84fa94-04c1-424b-9868-57a2d4851a1d" />
    <TestEntry testId="9f326d94-8299-2b6f-d84a-463509fdd83e" executionId="21a8ef8a-2ea4-4c24-9897-5e6dfd5ab2d6" testListId="8c84fa94-04c1-424b-9868-57a2d4851a1d" />
    <TestEntry testId="26231397-8218-75bf-a020-90a39229e24c" executionId="1d6c542a-f3d5-4c8f-bdb4-f4f7183812c7" testListId="8c84fa94-04c1-424b-9868-57a2d4851a1d" />
    <TestEntry testId="2d1c1d64-edef-3e88-7818-84df5ae5a509" executionId="6a5c2e19-1d48-48a0-a41e-cbf09d5465ad" testListId="8c84fa94-04c1-424b-9868-57a2d4851a1d" />
    <TestEntry testId="8d2a6f42-8485-ce0d-6b3b-6be233f90474" executionId="ca12737c-1c99-4acd-a33c-1cf7a1f85651" testListId="8c84fa94-04c1-424b-9868-57a2d4851a1d" />
    <TestEntry testId="87566720-db73-d387-ec6b-3f003dc0740c" executionId="e1b3422b-9fb1-48d5-98c9-2c6567a06539" testListId="8c84fa94-04c1-424b-9868-57a2d4851a1d" />
    <TestEntry testId="e0eca087-bd43-51e0-4a4e-379638fa5b61" executionId="bbc549a1-f9af-4971-a1fa-60d30d549864" testListId="8c84fa94-04c1-424b-9868-57a2d4851a1d" />
    <TestEntry testId="d052a780-ffc9-f2b1-2092-4ba16518aca4" executionId="b44f802f-8f5a-4fe8-b89a-d36427be2ad3" testListId="8c84fa94-04c1-424b-9868-57a2d4851a1d" />
    <TestEntry testId="3288e09c-5fe6-6166-5194-cdc7454dae9c" executionId="9e92fcf4-168a-42ca-a074-60a6ba7ac69c" testListId="8c84fa94-04c1-424b-9868-57a2d4851a1d" />
    <TestEntry testId="304d4931-fbeb-f69b-5a95-e3eb45af097d" executionId="833a9aa5-7d99-42ce-9535-3026eb1f52b0" testListId="8c84fa94-04c1-424b-9868-57a2d4851a1d" />
    <TestEntry testId="3d63889b-8e9e-dd22-256d-cec2ceb5d0bd" executionId="ee5f2ca5-79ca-44d0-af40-7c5671f0eefb" testListId="8c84fa94-04c1-424b-9868-57a2d4851a1d" />
    <TestEntry testId="e399cea5-b2dd-f1ef-9385-2a0f0e37729d" executionId="7315f985-9140-4947-bb93-907692402a52" testListId="8c84fa94-04c1-424b-9868-57a2d4851a1d" />
    <TestEntry testId="d921263b-db6d-5c94-5237-19665d547c21" executionId="38242fae-8abc-494c-aa06-b4549ae36d57" testListId="8c84fa94-04c1-424b-9868-57a2d4851a1d" />
    <TestEntry testId="3167c69e-917f-400e-49f4-bfc38ab25875" executionId="97d7a9a8-d1c6-4092-995a-1a44cc4643f2" testListId="8c84fa94-04c1-424b-9868-57a2d4851a1d" />
    <TestEntry testId="5cc03db7-2b40-cad3-7fdf-2402287b685a" executionId="fa0f4ecd-5d6f-418b-aaef-4286ba84f6d7" testListId="8c84fa94-04c1-424b-9868-57a2d4851a1d" />
    <TestEntry testId="ed0d5a45-f068-b380-df4d-e57817df76d0" executionId="f0568ddf-31c9-4c81-8f9b-5d112a1d0240" testListId="8c84fa94-04c1-424b-9868-57a2d4851a1d" />
    <TestEntry testId="c50e4d8a-281e-a1c7-5f68-acd2ce0cc207" executionId="dc163ded-ef7d-49be-8f4f-b1cc16d1c1f4" testListId="8c84fa94-04c1-424b-9868-57a2d4851a1d" />
    <TestEntry testId="c5a6f463-4dc2-6f5f-57dd-9810b94e4f28" executionId="c445b61b-455a-44f7-b5ca-72655257b532" testListId="8c84fa94-04c1-424b-9868-57a2d4851a1d" />
    <TestEntry testId="ecd2a25e-e216-2b3d-6ed8-84776255cdeb" executionId="82f0dcc3-978f-4fbe-86cc-c6bc90172871" testListId="8c84fa94-04c1-424b-9868-57a2d4851a1d" />
    <TestEntry testId="7e9defaf-985b-b6eb-9d89-ef38b7af6a93" executionId="e0f1e024-b12b-42e6-983d-63a64fa07f57" testListId="8c84fa94-04c1-424b-9868-57a2d4851a1d" />
    <TestEntry testId="5e6327bd-dbc0-1fae-524d-b8a361315e30" executionId="4cec8033-cb14-41ab-bd54-9777459aa26a" testListId="8c84fa94-04c1-424b-9868-57a2d4851a1d" />
    <TestEntry testId="7d09d2bb-20de-f555-181c-13f94c39a9c6" executionId="267db239-a454-42f4-a530-95498b82af47" testListId="8c84fa94-04c1-424b-9868-57a2d4851a1d" />
    <TestEntry testId="d839afc7-5936-9fce-27f9-0cd1dce2a4a2" executionId="92592efb-ef88-46b7-8724-a2ff66628163" testListId="8c84fa94-04c1-424b-9868-57a2d4851a1d" />
    <TestEntry testId="6415fa25-b3e0-b9ff-a2de-91164561c095" executionId="a3c259fb-19f9-4906-be85-924ad2d0c081" testListId="8c84fa94-04c1-424b-9868-57a2d4851a1d" />
    <TestEntry testId="57378ada-ada7-c794-56ad-5e87dfdc5204" executionId="183ac6ee-6ab9-4385-90dc-4c84a4a3cfdd" testListId="8c84fa94-04c1-424b-9868-57a2d4851a1d" />
  </TestEntries>
  <TestLists>
    <TestList name="Results Not in a List" id="8c84fa94-04c1-424b-9868-57a2d4851a1d" />
    <TestList name="All Loaded Results" id="19431567-8539-422a-85d7-44ee4e166bda" />
  </TestLists>
  <ResultSummary outcome="Completed">
    <Counters total="30" executed="30" passed="30" failed="0" error="0" timeout="0" aborted="0" inconclusive="0" passedButRunAborted="0" notRunnable="0" notExecuted="0" disconnected="0" warning="0" completed="0" inProgress="0" pending="0" />
    <Output>
      <StdOut>[xUnit.net 00:00:00.00] xUnit.net VSTest Adapter v2.8.2+699d445a1a (64-bit .NET 9.0.4)&#xD;
[xUnit.net 00:00:00.05]   Discovering: WindowsTrayTasks.Domain.Tests&#xD;
[xUnit.net 00:00:00.08]   Discovered:  WindowsTrayTasks.Domain.Tests&#xD;
[xUnit.net 00:00:00.08]   Starting:    WindowsTrayTasks.Domain.Tests&#xD;
[xUnit.net 00:00:00.14]   Finished:    WindowsTrayTasks.Domain.Tests&#xD;
</StdOut>
    </Output>
  </ResultSummary>
</TestRun>