<?xml version="1.0" encoding="utf-8"?>
<TestRun id="8ab4316d-0945-4508-82c4-b33064640afe" name="frsks@WORKSTATION 2026-05-01 13:29:02" runUser="WORKSTATION\frsks" xmlns="http://microsoft.com/schemas/VisualStudio/TeamTest/2010">
  <Times creation="2026-05-01T13:29:02.2722909+02:00" queuing="2026-05-01T13:29:02.2722914+02:00" start="2026-05-01T13:29:01.7753317+02:00" finish="2026-05-01T13:29:02.2963403+02:00" />
  <TestSettings name="default" id="4267fdec-225a-4db2-8348-9f8ecb93973c">
    <Deployment runDeploymentRoot="frsks_WORKSTATION_2026-05-01_13_29_02" />
  </TestSettings>
  <Results>
    <UnitTestResult executionId="88716868-80e3-43a5-8b9b-ac52702ae7f0" testId="3167c69e-917f-400e-49f4-bfc38ab25875" testName="WindowsTrayTasks.Domain.Tests.DateInputParserTests.Parse_EmptyInput_ReturnsNull(input: &quot;&quot;)" computerName="WORKSTATION" duration="00:00:00.0001128" startTime="2026-05-01T13:29:02.2297107+02:00" endTime="2026-05-01T13:29:02.2297107+02:00" testType="13cdc9d9-ddb5-4fa4-a97d-d965ccfc6d4b" outcome="Passed" testListId="8c84fa94-04c1-424b-9868-57a2d4851a1d" relativeResultsDirectory="88716868-80e3-43a5-8b9b-ac52702ae7f0" />
    <UnitTestResult executionId="6a3e2544-f801-4d1d-bea0-c007263c887e" testId="ecd2a25e-e216-2b3d-6ed8-84776255cdeb" testName="WindowsTrayTasks.Domain.Tests.DateInputParserTests.Parse_RelativeInput_ReturnsNowPlusOffset(input: &quot;+1d&quot;, hours: 24, minutes: 0, seconds: 0)" computerName="WORKSTATION" duration="00:00:00.0025223" startTime="2026-05-01T13:29:02.2297491+02:00" endTime="2026-05-01T13:29:02.2297491+02:00" testType="13cdc9d9-ddb5-4fa4-a97d-d965ccfc6d4b" outcome="Passed" testListId="8c84fa94-04c1-424b-9868-57a2d4851a1d" relativeResultsDirectory="6a3e2544-f801-4d1d-bea0-c007263c887e" />
    <UnitTestResult executionId="73c61dec-4d3d-4107-ba80-d736288bb223" testId="80604154-3edc-7af6-f14b-5f6e650d6091" testName="WindowsTrayTasks.Domain.Tests.EntityFactoryTests.FakeClock_AdvanceAndSet_ControlsUtcNow" computerName="WORKSTATION" duration="00:00:00.0046721" startTime="2026-05-01T13:29:02.2286918+02:00" endTime="2026-05-01T13:29:02.2286918+02:00" testType="13cdc9d9-ddb5-4fa4-a97d-d965ccfc6d4b" outcome="Passed" testListId="8c84fa94-04c1-424b-9868-57a2d4851a1d" relativeResultsDirectory="73c61dec-4d3d-4107-ba80-d736288bb223" />
    <UnitTestResult executionId="bbc638f2-7fed-4930-9e2d-86bce033b8ec" testId="9f326d94-8299-2b6f-d84a-463509fdd83e" testName="WindowsTrayTasks.Domain.Tests.DateInputParserTests.Parse_RelativeInput_ReturnsNowPlusOffset(input: &quot;+2h&quot;, hours: 2, minutes: 0, seconds: 0)" computerName="WORKSTATION" duration="00:00:00.0000063" startTime="2026-05-01T13:29:02.2504258+02:00" endTime="2026-05-01T13:29:02.2504258+02:00" testType="13cdc9d9-ddb5-4fa4-a97d-d965ccfc6d4b" outcome="Passed" testListId="8c84fa94-04c1-424b-9868-57a2d4851a1d" relativeResultsDirectory="bbc638f2-7fed-4930-9e2d-86bce033b8ec" />
    <UnitTestResult executionId="80286217-016b-4271-a32e-cb507f6ce9a6" testId="18f81a39-e655-1908-c3c1-18df6036603f" testName="WindowsTrayTasks.Domain.Tests.EntityFactoryTests.SequentialIdGenerator_NewId_ReturnsStableIncreasingIds" computerName="WORKSTATION" duration="00:00:00.0026241" startTime="2026-05-01T13:29:02.2297722+02:00" endTime="2026-05-01T13:29:02.2297722+02:00" testType="13cdc9d9-ddb5-4fa4-a97d-d965ccfc6d4b" outcome="Passed" testListId="8c84fa94-04c1-424b-9868-57a2d4851a1d" relativeResultsDirectory="80286217-016b-4271-a32e-cb507f6ce9a6" />
    <UnitTestResult executionId="6efb42cf-d6cc-4f1e-99ff-67dc9a0f4767" testId="5cc03db7-2b40-cad3-7fdf-2402287b685a" testName="WindowsTrayTasks.Domain.Tests.TaskFilterTests.Apply_SearchText_MatchesTitleAndNotes" computerName="WORKSTATION" duration="00:00:00.0022462" startTime="2026-05-01T13:29:02.2505562+02:00" endTime="2026-05-01T13:29:02.2505563+02:00" testType="13cdc9d9-ddb5-4fa4-a97d-d965ccfc6d4b" outcome="Passed" testListId="8c84fa94-04c1-424b-9868-57a2d4851a1d" relativeResultsDirectory="6efb42cf-d6cc-4f1e-99ff-67dc9a0f4767" />
    <UnitTestResult executionId="725a580d-c0d0-4d28-b294-9de7f02436e1" testId="7e9defaf-985b-b6eb-9d89-ef38b7af6a93" testName="WindowsTrayTasks.Domain.Tests.ReminderScannerTests.Scan_PastNextFireAt_MarksOverdueAndAdvances" computerName="WORKSTATION" duration="00:00:00.0096372" startTime="2026-05-01T13:29:02.2297880+02:00" endTime="2026-05-01T13:29:02.2297880+02:00" testType="13cdc9d9-ddb5-4fa4-a97d-d965ccfc6d4b" outcome="Passed" testListId="8c84fa94-04c1-424b-9868-57a2d4851a1d" relativeResultsDirectory="725a580d-c0d0-4d28-b294-9de7f02436e1" />
    <UnitTestResult executionId="cfb11ce1-12bc-4546-a4b3-c36eb3a14fa4" testId="8d2a6f42-8485-ce0d-6b3b-6be233f90474" testName="WindowsTrayTasks.Domain.Tests.DateInputParserTests.Parse_EmptyInput_ReturnsNull(input: &quot;   &quot;)" computerName="WORKSTATION" duration="00:00:00.0046660" startTime="2026-05-01T13:29:02.2265407+02:00" endTime="2026-05-01T13:29:02.2265604+02:00" testType="13cdc9d9-ddb5-4fa4-a97d-d965ccfc6d4b" outcome="Passed" testListId="8c84fa94-04c1-424b-9868-57a2d4851a1d" relativeResultsDirectory="cfb11ce1-12bc-4546-a4b3-c36eb3a14fa4" />
    <UnitTestResult executionId="188e0bd8-28c0-4f85-ae41-e20f3056d1bf" testId="16ca371b-962a-5c71-577d-0dcc89d60b59" testName="WindowsTrayTasks.Domain.Tests.ReminderScannerTests.Scan_FutureNextFireAt_DoesNotFire" computerName="WORKSTATION" duration="00:00:00.0002230" startTime="2026-05-01T13:29:02.2518354+02:00" endTime="2026-05-01T13:29:02.2518355+02:00" testType="13cdc9d9-ddb5-4fa4-a97d-d965ccfc6d4b" outcome="Passed" testListId="8c84fa94-04c1-424b-9868-57a2d4851a1d" relativeResultsDirectory="188e0bd8-28c0-4f85-ae41-e20f3056d1bf" />
    <UnitTestResult executionId="86e38052-164c-4f23-9d98-6dd87d019533" testId="d052a780-ffc9-f2b1-2092-4ba16518aca4" testName="WindowsTrayTasks.Domain.Tests.DateInputParserTests.Parse_InvalidRelativeUnit_ReturnsNull" computerName="WORKSTATION" duration="00:00:00.0000720" startTime="2026-05-01T13:29:02.2504659+02:00" endTime="2026-05-01T13:29:02.2504659+02:00" testType="13cdc9d9-ddb5-4fa4-a97d-d965ccfc6d4b" outcome="Passed" testListId="8c84fa94-04c1-424b-9868-57a2d4851a1d" relativeResultsDirectory="86e38052-164c-4f23-9d98-6dd87d019533" />
    <UnitTestResult executionId="7add509a-f649-4eaa-9d67-e790444d4e96" testId="3d63889b-8e9e-dd22-256d-cec2ceb5d0bd" testName="WindowsTrayTasks.Domain.Tests.TaskFilterTests.Apply_OverdueMode_ReturnsTasksWithDueReminder" computerName="WORKSTATION" duration="00:00:00.0096075" startTime="2026-05-01T13:29:02.2297444+02:00" endTime="2026-05-01T13:29:02.2297444+02:00" testType="13cdc9d9-ddb5-4fa4-a97d-d965ccfc6d4b" outcome="Passed" testListId="8c84fa94-04c1-424b-9868-57a2d4851a1d" relativeResultsDirectory="7add509a-f649-4eaa-9d67-e790444d4e96" />
    <UnitTestResult executionId="2c8c01a1-188d-4442-b2ab-10882f5e974f" testId="87e75758-7345-11c6-12cb-8ed4fab552d3" testName="WindowsTrayTasks.Domain.Tests.TaskFilterTests.Apply_StateMode_ReturnsOnlyMatchingState" computerName="WORKSTATION" duration="00:00:00.0002860" startTime="2026-05-01T13:29:02.2517563+02:00" endTime="2026-05-01T13:29:02.2517564+02:00" testType="13cdc9d9-ddb5-4fa4-a97d-d965ccfc6d4b" outcome="Passed" testListId="8c84fa94-04c1-424b-9868-57a2d4851a1d" relativeResultsDirectory="2c8c01a1-188d-4442-b2ab-10882f5e974f" />
    <UnitTestResult executionId="aa0f5aa7-7645-4ef5-b3c5-6b8731ef51dc" testId="d921263b-db6d-5c94-5237-19665d547c21" testName="WindowsTrayTasks.Domain.Tests.DateInputParserTests.Parse_RelativeInput_ReturnsNowPlusOffset(input: &quot;+5m&quot;, hours: 0, minutes: 5, seconds: 0)" computerName="WORKSTATION" duration="00:00:00.0002312" startTime="2026-05-01T13:29:02.2502927+02:00" endTime="2026-05-01T13:29:02.2502927+02:00" testType="13cdc9d9-ddb5-4fa4-a97d-d965ccfc6d4b" outcome="Passed" testListId="8c84fa94-04c1-424b-9868-57a2d4851a1d" relativeResultsDirectory="aa0f5aa7-7645-4ef5-b3c5-6b8731ef51dc" />
    <UnitTestResult executionId="b8b016d3-ee7d-4763-a6d6-791fbcdda0ff" testId="26231397-8218-75bf-a020-90a39229e24c" testName="WindowsTrayTasks.Domain.Tests.ReminderScannerTests.Scan_DisabledReminder_DoesNotFire" computerName="WORKSTATION" duration="00:00:00.0007852" startTime="2026-05-01T13:29:02.2517861+02:00" endTime="2026-05-01T13:29:02.2517861+02:00" testType="13cdc9d9-ddb5-4fa4-a97d-d965ccfc6d4b" outcome="Passed" testListId="8c84fa94-04c1-424b-9868-57a2d4851a1d" relativeResultsDirectory="b8b016d3-ee7d-4763-a6d6-791fbcdda0ff" />
    <UnitTestResult executionId="b0125cb4-b4ac-409d-96d7-0f3b386ea019" testId="87566720-db73-d387-ec6b-3f003dc0740c" testName="WindowsTrayTasks.Domain.Tests.DateInputParserTests.Parse_ExplicitDateTime_ReturnsUtcInstant" computerName="WORKSTATION" duration="00:00:00.0021511" startTime="2026-05-01T13:29:02.2517737+02:00" endTime="2026-05-01T13:29:02.2517738+02:00" testType="13cdc9d9-ddb5-4fa4-a97d-d965ccfc6d4b" outcome="Passed" testListId="8c84fa94-04c1-424b-9868-57a2d4851a1d" relativeResultsDirectory="b0125cb4-b4ac-409d-96d7-0f3b386ea019" />
    <UnitTestResult executionId="0057f84e-c319-43e8-8670-ef245664aa80" testId="c5a6f463-4dc2-6f5f-57dd-9810b94e4f28" testName="WindowsTrayTasks.Domain.Tests.EntityFactoryTests.CreateTask_UsesInjectedClockAndIds" computerName="WORKSTATION" duration="00:00:00.0024604" startTime="2026-05-01T13:29:02.2506556+02:00" endTime="2026-05-01T13:29:02.2506557+02:00" testType="13cdc9d9-ddb5-4fa4-a97d-d965ccfc6d4b" outcome="Passed" testListId="8c84fa94-04c1-424b-9868-57a2d4851a1d" relativeResultsDirectory="0057f84e-c319-43e8-8670-ef245664aa80" />
    <UnitTestResult executionId="a93b0132-9833-402f-9088-391b359f5c6f" testId="3288e09c-5fe6-6166-5194-cdc7454dae9c" testName="WindowsTrayTasks.Domain.Tests.DateInputParserTests.Parse_NullInput_ReturnsNull" computerName="WORKSTATION" duration="00:00:00.0000712" startTime="2026-05-01T13:29:02.2505060+02:00" endTime="2026-05-01T13:29:02.2505061+02:00" testType="13cdc9d9-ddb5-4fa4-a97d-d965ccfc6d4b" outcome="Passed" testListId="8c84fa94-04c1-424b-9868-57a2d4851a1d" relativeResultsDirectory="a93b0132-9833-402f-9088-391b359f5c6f" />
    <UnitTestResult executionId="dff60a2a-6c4c-46a5-99ca-023e0ccdfdae" testId="5e6327bd-dbc0-1fae-524d-b8a361315e30" testName="WindowsTrayTasks.Domain.Tests.ReminderScannerTests.Scan_MultiplePastReminders_CoalescesIntoOneResultList" computerName="WORKSTATION" duration="00:00:00.0022877" startTime="2026-05-01T13:29:02.2506090+02:00" endTime="2026-05-01T13:29:02.2506091+02:00" testType="13cdc9d9-ddb5-4fa4-a97d-d965ccfc6d4b" outcome="Passed" testListId="8c84fa94-04c1-424b-9868-57a2d4851a1d" relativeResultsDirectory="dff60a2a-6c4c-46a5-99ca-023e0ccdfdae" />
  </Results>
  <TestDefinitions>
    <UnitTest name="WindowsTrayTasks.Domain.Tests.TaskFilterTests.Apply_StateMode_ReturnsOnlyMatchingState" storage="c:\users\frsks\onedrive\desktop\repositories\todo-app\tests\domain.tests\bin\debug\net9.0\windowstraytasks.domain.tests.dll" id="87e75758-7345-11c6-12cb-8ed4fab552d3">
      <Execution id="2c8c01a1-188d-4442-b2ab-10882f5e974f" />
      <TestMethod codeBase="C:\Users\frsks\OneDrive\Desktop\Repositories\Todo-App\tests\Domain.Tests\bin\Debug\net9.0\WindowsTrayTasks.Domain.Tests.dll" adapterTypeName="executor://xunit/VsTestRunner2/netcoreapp" className="WindowsTrayTasks.Domain.Tests.TaskFilterTests" name="Apply_StateMode_ReturnsOnlyMatchingState" />
    </UnitTest>
    <UnitTest name="WindowsTrayTasks.Domain.Tests.DateInputParserTests.Parse_EmptyInput_ReturnsNull(input: &quot;   &quot;)" storage="c:\users\frsks\onedrive\desktop\repositories\todo-app\tests\domain.tests\bin\debug\net9.0\windowstraytasks.domain.tests.dll" id="8d2a6f42-8485-ce0d-6b3b-6be233f90474">
      <Execution id="cfb11ce1-12bc-4546-a4b3-c36eb3a14fa4" />
      <TestMethod codeBase="C:\Users\frsks\OneDrive\Desktop\Repositories\Todo-App\tests\Domain.Tests\bin\Debug\net9.0\WindowsTrayTasks.Domain.Tests.dll" adapterTypeName="executor://xunit/VsTestRunner2/netcoreapp" className="WindowsTrayTasks.Domain.Tests.DateInputParserTests" name="Parse_EmptyInput_ReturnsNull" />
    </UnitTest>
    <UnitTest name="WindowsTrayTasks.Domain.Tests.DateInputParserTests.Parse_RelativeInput_ReturnsNowPlusOffset(input: &quot;+1d&quot;, hours: 24, minutes: 0, seconds: 0)" storage="c:\users\frsks\onedrive\desktop\repositories\todo-app\tests\domain.tests\bin\debug\net9.0\windowstraytasks.domain.tests.dll" id="ecd2a25e-e216-2b3d-6ed8-84776255cdeb">
      <Execution id="6a3e2544-f801-4d1d-bea0-c007263c887e" />
      <TestMethod codeBase="C:\Users\frsks\OneDrive\Desktop\Repositories\Todo-App\tests\Domain.Tests\bin\Debug\net9.0\WindowsTrayTasks.Domain.Tests.dll" adapterTypeName="executor://xunit/VsTestRunner2/netcoreapp" className="WindowsTrayTasks.Domain.Tests.DateInputParserTests" name="Parse_RelativeInput_ReturnsNowPlusOffset" />
    </UnitTest>
    <UnitTest name="WindowsTrayTasks.Domain.Tests.TaskFilterTests.Apply_SearchText_MatchesTitleAndNotes" storage="c:\users\frsks\onedrive\desktop\repositories\todo-app\tests\domain.tests\bin\debug\net9.0\windowstraytasks.domain.tests.dll" id="5cc03db7-2b40-cad3-7fdf-2402287b685a">
      <Execution id="6efb42cf-d6cc-4f1e-99ff-67dc9a0f4767" />
      <TestMethod codeBase="C:\Users\frsks\OneDrive\Desktop\Repositories\Todo-App\tests\Domain.Tests\bin\Debug\net9.0\WindowsTrayTasks.Domain.Tests.dll" adapterTypeName="executor://xunit/VsTestRunner2/netcoreapp" className="WindowsTrayTasks.Domain.Tests.TaskFilterTests" name="Apply_SearchText_MatchesTitleAndNotes" />
    </UnitTest>
    <UnitTest name="WindowsTrayTasks.Domain.Tests.EntityFactoryTests.FakeClock_AdvanceAndSet_ControlsUtcNow" storage="c:\users\frsks\onedrive\desktop\repositories\todo-app\tests\domain.tests\bin\debug\net9.0\windowstraytasks.domain.tests.dll" id="80604154-3edc-7af6-f14b-5f6e650d6091">
      <Execution id="73c61dec-4d3d-4107-ba80-d736288bb223" />
      <TestMethod codeBase="C:\Users\frsks\OneDrive\Desktop\Repositories\Todo-App\tests\Domain.Tests\bin\Debug\net9.0\WindowsTrayTasks.Domain.Tests.dll" adapterTypeName="executor://xunit/VsTestRunner2/netcoreapp" className="WindowsTrayTasks.Domain.Tests.EntityFactoryTests" name="FakeClock_AdvanceAndSet_ControlsUtcNow" />
    </UnitTest>
    <UnitTest name="WindowsTrayTasks.Domain.Tests.DateInputParserTests.Parse_EmptyInput_ReturnsNull(input: &quot;&quot;)" storage="c:\users\frsks\onedrive\desktop\repositories\todo-app\tests\domain.tests\bin\debug\net9.0\windowstraytasks.domain.tests.dll" id="3167c69e-917f-400e-49f4-bfc38ab25875">
      <Execution id="88716868-80e3-43a5-8b9b-ac52702ae7f0" />
      <TestMethod codeBase="C:\Users\frsks\OneDrive\Desktop\Repositories\Todo-App\tests\Domain.Tests\bin\Debug\net9.0\WindowsTrayTasks.Domain.Tests.dll" adapterTypeName="executor://xunit/VsTestRunner2/netcoreapp" className="WindowsTrayTasks.Domain.Tests.DateInputParserTests" name="Parse_EmptyInput_ReturnsNull" />
    </UnitTest>
    <UnitTest name="WindowsTrayTasks.Domain.Tests.DateInputParserTests.Parse_RelativeInput_ReturnsNowPlusOffset(input: &quot;+2h&quot;, hours: 2, minutes: 0, seconds: 0)" storage="c:\users\frsks\onedrive\desktop\repositories\todo-app\tests\domain.tests\bin\debug\net9.0\windowstraytasks.domain.tests.dll" id="9f326d94-8299-2b6f-d84a-463509fdd83e">
      <Execution id="bbc638f2-7fed-4930-9e2d-86bce033b8ec" />
      <TestMethod codeBase="C:\Users\frsks\OneDrive\Desktop\Repositories\Todo-App\tests\Domain.Tests\bin\Debug\net9.0\WindowsTrayTasks.Domain.Tests.dll" adapterTypeName="executor://xunit/VsTestRunner2/netcoreapp" className="WindowsTrayTasks.Domain.Tests.DateInputParserTests" name="Parse_RelativeInput_ReturnsNowPlusOffset" />
    </UnitTest>
    <UnitTest name="WindowsTrayTasks.Domain.Tests.ReminderScannerTests.Scan_PastNextFireAt_MarksOverdueAndAdvances" storage="c:\users\frsks\onedrive\desktop\repositories\todo-app\tests\domain.tests\bin\debug\net9.0\windowstraytasks.domain.tests.dll" id="7e9defaf-985b-b6eb-9d89-ef38b7af6a93">
      <Execution id="725a580d-c0d0-4d28-b294-9de7f02436e1" />
      <TestMethod codeBase="C:\Users\frsks\OneDrive\Desktop\Repositories\Todo-App\tests\Domain.Tests\bin\Debug\net9.0\WindowsTrayTasks.Domain.Tests.dll" adapterTypeName="executor://xunit/VsTestRunner2/netcoreapp" className="WindowsTrayTasks.Domain.Tests.ReminderScannerTests" name="Scan_PastNextFireAt_MarksOverdueAndAdvances" />
    </UnitTest>
    <UnitTest name="WindowsTrayTasks.Domain.Tests.ReminderScannerTests.Scan_DisabledReminder_DoesNotFire" storage="c:\users\frsks\onedrive\desktop\repositories\todo-app\tests\domain.tests\bin\debug\net9.0\windowstraytasks.domain.tests.dll" id="26231397-8218-75bf-a020-90a39229e24c">
      <Execution id="b8b016d3-ee7d-4763-a6d6-791fbcdda0ff" />
      <TestMethod codeBase="C:\Users\frsks\OneDrive\Desktop\Repositories\Todo-App\tests\Domain.Tests\bin\Debug\net9.0\WindowsTrayTasks.Domain.Tests.dll" adapterTypeName="executor://xunit/VsTestRunner2/netcoreapp" className="WindowsTrayTasks.Domain.Tests.ReminderScannerTests" name="Scan_DisabledReminder_DoesNotFire" />
    </UnitTest>
    <UnitTest name="WindowsTrayTasks.Domain.Tests.DateInputParserTests.Parse_InvalidRelativeUnit_ReturnsNull" storage="c:\users\frsks\onedrive\desktop\repositories\todo-app\tests\domain.tests\bin\debug\net9.0\windowstraytasks.domain.tests.dll" id="d052a780-ffc9-f2b1-2092-4ba16518aca4">
      <Execution id="86e38052-164c-4f23-9d98-6dd87d019533" />
      <TestMethod codeBase="C:\Users\frsks\OneDrive\Desktop\Repositories\Todo-App\tests\Domain.Tests\bin\Debug\net9.0\WindowsTrayTasks.Domain.Tests.dll" adapterTypeName="executor://xunit/VsTestRunner2/netcoreapp" className="WindowsTrayTasks.Domain.Tests.DateInputParserTests" name="Parse_InvalidRelativeUnit_ReturnsNull" />
    </UnitTest>
    <UnitTest name="WindowsTrayTasks.Domain.Tests.ReminderScannerTests.Scan_FutureNextFireAt_DoesNotFire" storage="c:\users\frsks\onedrive\desktop\repositories\todo-app\tests\domain.tests\bin\debug\net9.0\windowstraytasks.domain.tests.dll" id="16ca371b-962a-5c71-577d-0dcc89d60b59">
      <Execution id="188e0bd8-28c0-4f85-ae41-e20f3056d1bf" />
      <TestMethod codeBase="C:\Users\frsks\OneDrive\Desktop\Repositories\Todo-App\tests\Domain.Tests\bin\Debug\net9.0\WindowsTrayTasks.Domain.Tests.dll" adapterTypeName="executor://xunit/VsTestRunner2/netcoreapp" className="WindowsTrayTasks.Domain.Tests.ReminderScannerTests" name="Scan_FutureNextFireAt_DoesNotFire" />
    </UnitTest>
    <UnitTest name="WindowsTrayTasks.Domain.Tests.TaskFilterTests.Apply_OverdueMode_ReturnsTasksWithDueReminder" storage="c:\users\frsks\onedrive\desktop\repositories\todo-app\tests\domain.tests\bin\debug\net9.0\windowstraytasks.domain.tests.dll" id="3d63889b-8e9e-dd22-256d-cec2ceb5d0bd">
      <Execution id="7add509a-f649-4eaa-9d67-e790444d4e96" />
      <TestMethod codeBase="C:\Users\frsks\OneDrive\Desktop\Repositories\Todo-App\tests\Domain.Tests\bin\Debug\net9.0\WindowsTrayTasks.Domain.Tests.dll" adapterTypeName="executor://xunit/VsTestRunner2/netcoreapp" className="WindowsTrayTasks.Domain.Tests.TaskFilterTests" name="Apply_OverdueMode_ReturnsTasksWithDueReminder" />
    </UnitTest>
    <UnitTest name="WindowsTrayTasks.Domain.Tests.DateInputParserTests.Parse_NullInput_ReturnsNull" storage="c:\users\frsks\onedrive\desktop\repositories\todo-app\tests\domain.tests\bin\debug\net9.0\windowstraytasks.domain.tests.dll" id="3288e09c-5fe6-6166-5194-cdc7454dae9c">
      <Execution id="a93b0132-9833-402f-9088-391b359f5c6f" />
      <TestMethod codeBase="C:\Users\frsks\OneDrive\Desktop\Repositories\Todo-App\tests\Domain.Tests\bin\Debug\net9.0\WindowsTrayTasks.Domain.Tests.dll" adapterTypeName="executor://xunit/VsTestRunner2/netcoreapp" className="WindowsTrayTasks.Domain.Tests.DateInputParserTests" name="Parse_NullInput_ReturnsNull" />
    </UnitTest>
    <UnitTest name="WindowsTrayTasks.Domain.Tests.EntityFactoryTests.CreateTask_UsesInjectedClockAndIds" storage="c:\users\frsks\onedrive\desktop\repositories\todo-app\tests\domain.tests\bin\debug\net9.0\windowstraytasks.domain.tests.dll" id="c5a6f463-4dc2-6f5f-57dd-9810b94e4f28">
      <Execution id="0057f84e-c319-43e8-8670-ef245664aa80" />
      <TestMethod codeBase="C:\Users\frsks\OneDrive\Desktop\Repositories\Todo-App\tests\Domain.Tests\bin\Debug\net9.0\WindowsTrayTasks.Domain.Tests.dll" adapterTypeName="executor://xunit/VsTestRunner2/netcoreapp" className="WindowsTrayTasks.Domain.Tests.EntityFactoryTests" name="CreateTask_UsesInjectedClockAndIds" />
    </UnitTest>
    <UnitTest name="WindowsTrayTasks.Domain.Tests.DateInputParserTests.Parse_ExplicitDateTime_ReturnsUtcInstant" storage="c:\users\frsks\onedrive\desktop\repositories\todo-app\tests\domain.tests\bin\debug\net9.0\windowstraytasks.domain.tests.dll" id="87566720-db73-d387-ec6b-3f003dc0740c">
      <Execution id="b0125cb4-b4ac-409d-96d7-0f3b386ea019" />
      <TestMethod codeBase="C:\Users\frsks\OneDrive\Desktop\Repositories\Todo-App\tests\Domain.Tests\bin\Debug\net9.0\WindowsTrayTasks.Domain.Tests.dll" adapterTypeName="executor://xunit/VsTestRunner2/netcoreapp" className="WindowsTrayTasks.Domain.Tests.DateInputParserTests" name="Parse_ExplicitDateTime_ReturnsUtcInstant" />
    </UnitTest>
    <UnitTest name="WindowsTrayTasks.Domain.Tests.ReminderScannerTests.Scan_MultiplePastReminders_CoalescesIntoOneResultList" storage="c:\users\frsks\onedrive\desktop\repositories\todo-app\tests\domain.tests\bin\debug\net9.0\windowstraytasks.domain.tests.dll" id="5e6327bd-dbc0-1fae-524d-b8a361315e30">
      <Execution id="dff60a2a-6c4c-46a5-99ca-023e0ccdfdae" />
      <TestMethod codeBase="C:\Users\frsks\OneDrive\Desktop\Repositories\Todo-App\tests\Domain.Tests\bin\Debug\net9.0\WindowsTrayTasks.Domain.Tests.dll" adapterTypeName="executor://xunit/VsTestRunner2/netcoreapp" className="WindowsTrayTasks.Domain.Tests.ReminderScannerTests" name="Scan_MultiplePastReminders_CoalescesIntoOneResultList" />
    </UnitTest>
    <UnitTest name="WindowsTrayTasks.Domain.Tests.DateInputParserTests.Parse_RelativeInput_ReturnsNowPlusOffset(input: &quot;+5m&quot;, hours: 0, minutes: 5, seconds: 0)" storage="c:\users\frsks\onedrive\desktop\repositories\todo-app\tests\domain.tests\bin\debug\net9.0\windowstraytasks.domain.tests.dll" id="d921263b-db6d-5c94-5237-19665d547c21">
      <Execution id="aa0f5aa7-7645-4ef5-b3c5-6b8731ef51dc" />
      <TestMethod codeBase="C:\Users\frsks\OneDrive\Desktop\Repositories\Todo-App\tests\Domain.Tests\bin\Debug\net9.0\WindowsTrayTasks.Domain.Tests.dll" adapterTypeName="executor://xunit/VsTestRunner2/netcoreapp" className="WindowsTrayTasks.Domain.Tests.DateInputParserTests" name="Parse_RelativeInput_ReturnsNowPlusOffset" />
    </UnitTest>
    <UnitTest name="WindowsTrayTasks.Domain.Tests.EntityFactoryTests.SequentialIdGenerator_NewId_ReturnsStableIncreasingIds" storage="c:\users\frsks\onedrive\desktop\repositories\todo-app\tests\domain.tests\bin\debug\net9.0\windowstraytasks.domain.tests.dll" id="18f81a39-e655-1908-c3c1-18df6036603f">
      <Execution id="80286217-016b-4271-a32e-cb507f6ce9a6" />
      <TestMethod codeBase="C:\Users\frsks\OneDrive\Desktop\Repositories\Todo-App\tests\Domain.Tests\bin\Debug\net9.0\WindowsTrayTasks.Domain.Tests.dll" adapterTypeName="executor://xunit/VsTestRunner2/netcoreapp" className="WindowsTrayTasks.Domain.Tests.EntityFactoryTests" name="SequentialIdGenerator_NewId_ReturnsStableIncreasingIds" />
    </UnitTest>
  </TestDefinitions>
  <TestEntries>
    <TestEntry testId="3167c69e-917f-400e-49f4-bfc38ab25875" executionId="88716868-80e3-43a5-8b9b-ac52702ae7f0" testListId="8c84fa94-04c1-424b-9868-57a2d4851a1d" />
    <TestEntry testId="ecd2a25e-e216-2b3d-6ed8-84776255cdeb" executionId="6a3e2544-f801-4d1d-bea0-c007263c887e" testListId="8c84fa94-04c1-424b-9868-57a2d4851a1d" />
    <TestEntry testId="80604154-3edc-7af6-f14b-5f6e650d6091" executionId="73c61dec-4d3d-4107-ba80-d736288bb223" testListId="8c84fa94-04c1-424b-9868-57a2d4851a1d" />
    <TestEntry testId="9f326d94-8299-2b6f-d84a-463509fdd83e" executionId="bbc638f2-7fed-4930-9e2d-86bce033b8ec" testListId="8c84fa94-04c1-424b-9868-57a2d4851a1d" />
    <TestEntry testId="18f81a39-e655-1908-c3c1-18df6036603f" executionId="80286217-016b-4271-a32e-cb507f6ce9a6" testListId="8c84fa94-04c1-424b-9868-57a2d4851a1d" />
    <TestEntry testId="5cc03db7-2b40-cad3-7fdf-2402287b685a" executionId="6efb42cf-d6cc-4f1e-99ff-67dc9a0f4767" testListId="8c84fa94-04c1-424b-9868-57a2d4851a1d" />
    <TestEntry testId="7e9defaf-985b-b6eb-9d89-ef38b7af6a93" executionId="725a580d-c0d0-4d28-b294-9de7f02436e1" testListId="8c84fa94-04c1-424b-9868-57a2d4851a1d" />
    <TestEntry testId="8d2a6f42-8485-ce0d-6b3b-6be233f90474" executionId="cfb11ce1-12bc-4546-a4b3-c36eb3a14fa4" testListId="8c84fa94-04c1-424b-9868-57a2d4851a1d" />
    <TestEntry testId="16ca371b-962a-5c71-577d-0dcc89d60b59" executionId="188e0bd8-28c0-4f85-ae41-e20f3056d1bf" testListId="8c84fa94-04c1-424b-9868-57a2d4851a1d" />
    <TestEntry testId="d052a780-ffc9-f2b1-2092-4ba16518aca4" executionId="86e38052-164c-4f23-9d98-6dd87d019533" testListId="8c84fa94-04c1-424b-9868-57a2d4851a1d" />
    <TestEntry testId="3d63889b-8e9e-dd22-256d-cec2ceb5d0bd" executionId="7add509a-f649-4eaa-9d67-e790444d4e96" testListId="8c84fa94-04c1-424b-9868-57a2d4851a1d" />
    <TestEntry testId="87e75758-7345-11c6-12cb-8ed4fab552d3" executionId="2c8c01a1-188d-4442-b2ab-10882f5e974f" testListId="8c84fa94-04c1-424b-9868-57a2d4851a1d" />
    <TestEntry testId="d921263b-db6d-5c94-5237-19665d547c21" executionId="aa0f5aa7-7645-4ef5-b3c5-6b8731ef51dc" testListId="8c84fa94-04c1-424b-9868-57a2d4851a1d" />
    <TestEntry testId="26231397-8218-75bf-a020-90a39229e24c" executionId="b8b016d3-ee7d-4763-a6d6-791fbcdda0ff" testListId="8c84fa94-04c1-424b-9868-57a2d4851a1d" />
    <TestEntry testId="87566720-db73-d387-ec6b-3f003dc0740c" executionId="b0125cb4-b4ac-409d-96d7-0f3b386ea019" testListId="8c84fa94-04c1-424b-9868-57a2d4851a1d" />
    <TestEntry testId="c5a6f463-4dc2-6f5f-57dd-9810b94e4f28" executionId="0057f84e-c319-43e8-8670-ef245664aa80" testListId="8c84fa94-04c1-424b-9868-57a2d4851a1d" />
    <TestEntry testId="3288e09c-5fe6-6166-5194-cdc7454dae9c" executionId="a93b0132-9833-402f-9088-391b359f5c6f" testListId="8c84fa94-04c1-424b-9868-57a2d4851a1d" />
    <TestEntry testId="5e6327bd-dbc0-1fae-524d-b8a361315e30" executionId="dff60a2a-6c4c-46a5-99ca-023e0ccdfdae" testListId="8c84fa94-04c1-424b-9868-57a2d4851a1d" />
  </TestEntries>
  <TestLists>
    <TestList name="Results Not in a List" id="8c84fa94-04c1-424b-9868-57a2d4851a1d" />
    <TestList name="All Loaded Results" id="19431567-8539-422a-85d7-44ee4e166bda" />
  </TestLists>
  <ResultSummary outcome="Completed">
    <Counters total="18" executed="18" passed="18" failed="0" error="0" timeout="0" aborted="0" inconclusive="0" passedButRunAborted="0" notRunnable="0" notExecuted="0" disconnected="0" warning="0" completed="0" inProgress="0" pending="0" />
    <Output>
      <StdOut>[xUnit.net 00:00:00.00] xUnit.net VSTest Adapter v2.8.2+699d445a1a (64-bit .NET 9.0.4)&#xD;
[xUnit.net 00:00:00.05]   Discovering: WindowsTrayTasks.Domain.Tests&#xD;
[xUnit.net 00:00:00.09]   Discovered:  WindowsTrayTasks.Domain.Tests&#xD;
[xUnit.net 00:00:00.09]   Starting:    WindowsTrayTasks.Domain.Tests&#xD;
[xUnit.net 00:00:00.15]   Finished:    WindowsTrayTasks.Domain.Tests&#xD;
</StdOut>
    </Output>
  </ResultSummary>
</TestRun>