<?xml version="1.0" encoding="utf-8"?>
<TestRun id="bc6ec80e-4ac9-43c6-b068-5296c744181a" name="frsks@WORKSTATION 2026-05-03 12:35:52" runUser="WORKSTATION\frsks" xmlns="http://microsoft.com/schemas/VisualStudio/TeamTest/2010">
  <Times creation="2026-05-03T12:35:52.9409141+02:00" queuing="2026-05-03T12:35:52.9409142+02:00" start="2026-05-03T12:35:52.2211946+02:00" finish="2026-05-03T12:35:53.0743329+02:00" />
  <TestSettings name="default" id="f3cb5cb0-11b6-492a-a8db-11d67b7ccd0d">
    <Deployment runDeploymentRoot="frsks_WORKSTATION_2026-05-03_12_35_52" />
  </TestSettings>
  <Results>
    <UnitTestResult executionId="935e32da-685e-4c56-9e03-0e1f4c6cc0a7" testId="b00562b7-ded7-4522-8fa2-8dd6a86ddd2a" testName="WindowsTrayTasks.Infrastructure.Tests.DatabaseTests.SaveHeading_RoundTrips" computerName="WORKSTATION" duration="00:00:00.0370775" startTime="2026-05-03T12:35:52.9824984+02:00" endTime="2026-05-03T12:35:52.9824987+02:00" testType="13cdc9d9-ddb5-4fa4-a97d-d965ccfc6d4b" outcome="Passed" testListId="8c84fa94-04c1-424b-9868-57a2d4851a1d" relativeResultsDirectory="935e32da-685e-4c56-9e03-0e1f4c6cc0a7" />
    <UnitTestResult executionId="939f1906-2575-44b5-8cfe-0005b444fa1b" testId="f430b569-06d8-06ab-7ea9-6bb5417e4b98" testName="WindowsTrayTasks.Infrastructure.Tests.PageTests.Database_ActivePage_RoundTripsThroughSettings" computerName="WORKSTATION" duration="00:00:00.0383784" startTime="2026-05-03T12:35:52.8464403+02:00" endTime="2026-05-03T12:35:52.8464405+02:00" testType="13cdc9d9-ddb5-4fa4-a97d-d965ccfc6d4b" outcome="Passed" testListId="8c84fa94-04c1-424b-9868-57a2d4851a1d" relativeResultsDirectory="939f1906-2575-44b5-8cfe-0005b444fa1b" />
    <UnitTestResult executionId="7da87b2f-3346-4d18-9fa9-f7effa136414" testId="978c0d9e-6e8e-9873-d9a8-414ebb91d3d5" testName="WindowsTrayTasks.Infrastructure.Tests.PageTests.Database_SaveHeadingAndTask_AreScopedByPage" computerName="WORKSTATION" duration="00:00:00.0501363" startTime="2026-05-03T12:35:52.8079653+02:00" endTime="2026-05-03T12:35:52.8079658+02:00" testType="13cdc9d9-ddb5-4fa4-a97d-d965ccfc6d4b" outcome="Passed" testListId="8c84fa94-04c1-424b-9868-57a2d4851a1d" relativeResultsDirectory="7da87b2f-3346-4d18-9fa9-f7effa136414" />
    <UnitTestResult executionId="fa964c7c-a52a-47b3-a937-d9b7ebc44237" testId="ae2287ef-dc7a-a5b8-6d05-b69a268c96ad" testName="WindowsTrayTasks.Infrastructure.Tests.DatabaseTests.SaveReminder_RoundTrips" computerName="WORKSTATION" duration="00:00:00.0448879" startTime="2026-05-03T12:35:53.0275166+02:00" endTime="2026-05-03T12:35:53.0275172+02:00" testType="13cdc9d9-ddb5-4fa4-a97d-d965ccfc6d4b" outcome="Passed" testListId="8c84fa94-04c1-424b-9868-57a2d4851a1d" relativeResultsDirectory="fa964c7c-a52a-47b3-a937-d9b7ebc44237" />
    <UnitTestResult executionId="b1696166-0f9c-4b8e-acca-0ac62deeda31" testId="2471e77e-14e8-6d96-3fbf-1323638c3e5e" testName="WindowsTrayTasks.Infrastructure.Tests.DatabaseTests.SaveReminder_SecondActiveReminderForSameTask_IsRejected" computerName="WORKSTATION" duration="00:00:00.0590246" startTime="2026-05-03T12:35:52.8670758+02:00" endTime="2026-05-03T12:35:52.8670761+02:00" testType="13cdc9d9-ddb5-4fa4-a97d-d965ccfc6d4b" outcome="Passed" testListId="8c84fa94-04c1-424b-9868-57a2d4851a1d" relativeResultsDirectory="b1696166-0f9c-4b8e-acca-0ac62deeda31" />
    <UnitTestResult executionId="1756d554-57fa-4a7d-9779-602b2b334c47" testId="bdee60a4-8535-a899-b75a-2486739c9096" testName="WindowsTrayTasks.Infrastructure.Tests.PageTests.Database_FreshInit_CreatesDefaultPage" computerName="WORKSTATION" duration="00:00:00.1110397" startTime="2026-05-03T12:35:52.7577717+02:00" endTime="2026-05-03T12:35:52.7577725+02:00" testType="13cdc9d9-ddb5-4fa4-a97d-d965ccfc6d4b" outcome="Passed" testListId="8c84fa94-04c1-424b-9868-57a2d4851a1d" relativeResultsDirectory="1756d554-57fa-4a7d-9779-602b2b334c47" />
    <UnitTestResult executionId="8db04886-d0a3-490a-a3bb-56365873eceb" testId="1a548b25-5592-0c96-1530-9b340632f2d2" testName="WindowsTrayTasks.Infrastructure.Tests.DatabaseTests.SaveTask_LinkPriorityAndEffort_RoundTrip" computerName="WORKSTATION" duration="00:00:00.0418843" startTime="2026-05-03T12:35:52.9454581+02:00" endTime="2026-05-03T12:35:52.9454582+02:00" testType="13cdc9d9-ddb5-4fa4-a97d-d965ccfc6d4b" outcome="Passed" testListId="8c84fa94-04c1-424b-9868-57a2d4851a1d" relativeResultsDirectory="8db04886-d0a3-490a-a3bb-56365873eceb" />
    <UnitTestResult executionId="7aa81cfc-01a6-4792-aca4-c2a224083bc4" testId="2a6248b2-6941-4162-de32-3f58f45d9157" testName="WindowsTrayTasks.Infrastructure.Tests.DatabaseTests.SaveTask_EmptyId_IsRejected" computerName="WORKSTATION" duration="00:00:00.0362555" startTime="2026-05-03T12:35:52.9034324+02:00" endTime="2026-05-03T12:35:52.9034324+02:00" testType="13cdc9d9-ddb5-4fa4-a97d-d965ccfc6d4b" outcome="Passed" testListId="8c84fa94-04c1-424b-9868-57a2d4851a1d" relativeResultsDirectory="7aa81cfc-01a6-4792-aca4-c2a224083bc4" />
    <UnitTestResult executionId="21363c11-05d7-4821-93dc-b9a76bfd7d3c" testId="4881a1bb-574f-3f26-c0c6-b103fa288f5b" testName="WindowsTrayTasks.Infrastructure.Tests.DatabaseTests.SaveTask_RoundTripsThroughReopenedConnection" computerName="WORKSTATION" duration="00:00:00.0660967" startTime="2026-05-03T12:35:52.8080153+02:00" endTime="2026-05-03T12:35:52.8080153+02:00" testType="13cdc9d9-ddb5-4fa4-a97d-d965ccfc6d4b" outcome="Passed" testListId="8c84fa94-04c1-424b-9868-57a2d4851a1d" relativeResultsDirectory="21363c11-05d7-4821-93dc-b9a76bfd7d3c" />
    <UnitTestResult executionId="a20015b4-2785-448d-a2fb-7caacb8c6228" testId="97e3dc84-3d5c-d4cb-d3bc-9eb2bbe196f0" testName="WindowsTrayTasks.Infrastructure.Tests.PageTests.Database_InlineTitleChange_ReconcilesTaskTags" computerName="WORKSTATION" duration="00:00:00.0546622" startTime="2026-05-03T12:35:53.0000455+02:00" endTime="2026-05-03T12:35:53.0000465+02:00" testType="13cdc9d9-ddb5-4fa4-a97d-d965ccfc6d4b" outcome="Passed" testListId="8c84fa94-04c1-424b-9868-57a2d4851a1d" relativeResultsDirectory="a20015b4-2785-448d-a2fb-7caacb8c6228" />
    <UnitTestResult executionId="07d58b20-b1a6-43d0-8e84-46499be36e68" testId="f514f7bc-b918-3a36-3a65-3e2b720d4aaa" testName="WindowsTrayTasks.Infrastructure.Tests.DatabaseTests.CreateTemp_DisposeDeletesDatabaseFiles" computerName="WORKSTATION" duration="00:00:00.0936501" startTime="2026-05-03T12:35:52.7423951+02:00" endTime="2026-05-03T12:35:52.7424125+02:00" testType="13cdc9d9-ddb5-4fa4-a97d-d965ccfc6d4b" outcome="Passed" testListId="8c84fa94-04c1-424b-9868-57a2d4851a1d" relativeResultsDirectory="07d58b20-b1a6-43d0-8e84-46499be36e68" />
    <UnitTestResult executionId="cae823d6-2f55-4bad-b2d5-2b58387c1ae3" testId="32d717d7-1787-36ce-ae97-13c2c87069e5" testName="WindowsTrayTasks.Infrastructure.Tests.PageTests.Database_SaveTaskWithAtTokens_CreatesPageScopedTags" computerName="WORKSTATION" duration="00:00:00.0568732" startTime="2026-05-03T12:35:52.9033964+02:00" endTime="2026-05-03T12:35:52.9033968+02:00" testType="13cdc9d9-ddb5-4fa4-a97d-d965ccfc6d4b" outcome="Passed" testListId="8c84fa94-04c1-424b-9868-57a2d4851a1d" relativeResultsDirectory="cae823d6-2f55-4bad-b2d5-2b58387c1ae3" />
    <UnitTestResult executionId="8ca34a87-470c-4bed-acaa-3da9d1617817" testId="cf9cd030-5900-1710-d32a-e523217c8424" testName="WindowsTrayTasks.Infrastructure.Tests.PageTests.Database_SameTagNameOnDifferentPages_CreatesSeparateTags" computerName="WORKSTATION" duration="00:00:00.0417830" startTime="2026-05-03T12:35:52.9452884+02:00" endTime="2026-05-03T12:35:52.9452890+02:00" testType="13cdc9d9-ddb5-4fa4-a97d-d965ccfc6d4b" outcome="Passed" testListId="8c84fa94-04c1-424b-9868-57a2d4851a1d" relativeResultsDirectory="8ca34a87-470c-4bed-acaa-3da9d1617817" />
  </Results>
  <TestDefinitions>
    <UnitTest name="WindowsTrayTasks.Infrastructure.Tests.DatabaseTests.SaveTask_LinkPriorityAndEffort_RoundTrip" storage="c:\users\frsks\onedrive\desktop\repositories\todo-app\todo_app\tests\infrastructure.tests\bin\debug\net9.0\windowstraytasks.infrastructure.tests.dll" id="1a548b25-5592-0c96-1530-9b340632f2d2">
      <Execution id="8db04886-d0a3-490a-a3bb-56365873eceb" />
      <TestMethod codeBase="C:\Users\frsks\OneDrive\Desktop\Repositories\Todo-App\Todo_App\tests\Infrastructure.Tests\bin\Debug\net9.0\WindowsTrayTasks.Infrastructure.Tests.dll" adapterTypeName="executor://xunit/VsTestRunner2/netcoreapp" className="WindowsTrayTasks.Infrastructure.Tests.DatabaseTests" name="SaveTask_LinkPriorityAndEffort_RoundTrip" />
    </UnitTest>
    <UnitTest name="WindowsTrayTasks.Infrastructure.Tests.PageTests.Database_SameTagNameOnDifferentPages_CreatesSeparateTags" storage="c:\users\frsks\onedrive\desktop\repositories\todo-app\todo_app\tests\infrastructure.tests\bin\debug\net9.0\windowstraytasks.infrastructure.tests.dll" id="cf9cd030-5900-1710-d32a-e523217c8424">
      <Execution id="8ca34a87-470c-4bed-acaa-3da9d1617817" />
      <TestMethod codeBase="C:\Users\frsks\OneDrive\Desktop\Repositories\Todo-App\Todo_App\tests\Infrastructure.Tests\bin\Debug\net9.0\WindowsTrayTasks.Infrastructure.Tests.dll" adapterTypeName="executor://xunit/VsTestRunner2/netcoreapp" className="WindowsTrayTasks.Infrastructure.Tests.PageTests" name="Database_SameTagNameOnDifferentPages_CreatesSeparateTags" />
    </UnitTest>
    <UnitTest name="WindowsTrayTasks.Infrastructure.Tests.DatabaseTests.SaveReminder_SecondActiveReminderForSameTask_IsRejected" storage="c:\users\frsks\onedrive\desktop\repositories\todo-app\todo_app\tests\infrastructure.tests\bin\debug\net9.0\windowstraytasks.infrastructure.tests.dll" id="2471e77e-14e8-6d96-3fbf-1323638c3e5e">
      <Execution id="b1696166-0f9c-4b8e-acca-0ac62deeda31" />
      <TestMethod codeBase="C:\Users\frsks\OneDrive\Desktop\Repositories\Todo-App\Todo_App\tests\Infrastructure.Tests\bin\Debug\net9.0\WindowsTrayTasks.Infrastructure.Tests.dll" adapterTypeName="executor://xunit/VsTestRunner2/netcoreapp" className="WindowsTrayTasks.Infrastructure.Tests.DatabaseTests" name="SaveReminder_SecondActiveReminderForSameTask_IsRejected" />
    </UnitTest>
    <UnitTest name="WindowsTrayTasks.Infrastructure.Tests.PageTests.Database_FreshInit_CreatesDefaultPage" storage="c:\users\frsks\onedrive\desktop\repositories\todo-app\todo_app\tests\infrastructure.tests\bin\debug\net9.0\windowstraytasks.infrastructure.tests.dll" id="bdee60a4-8535-a899-b75a-2486739c9096">
      <Execution id="1756d554-57fa-4a7d-9779-602b2b334c47" />
      <TestMethod codeBase="C:\Users\frsks\OneDrive\Desktop\Repositories\Todo-App\Todo_App\tests\Infrastructure.Tests\bin\Debug\net9.0\WindowsTrayTasks.Infrastructure.Tests.dll" adapterTypeName="executor://xunit/VsTestRunner2/netcoreapp" className="WindowsTrayTasks.Infrastructure.Tests.PageTests" name="Database_FreshInit_CreatesDefaultPage" />
    </UnitTest>
    <UnitTest name="WindowsTrayTasks.Infrastructure.Tests.PageTests.Database_SaveTaskWithAtTokens_CreatesPageScopedTags" storage="c:\users\frsks\onedrive\desktop\repositories\todo-app\todo_app\tests\infrastructure.tests\bin\debug\net9.0\windowstraytasks.infrastructure.tests.dll" id="32d717d7-1787-36ce-ae97-13c2c87069e5">
      <Execution id="cae823d6-2f55-4bad-b2d5-2b58387c1ae3" />
      <TestMethod codeBase="C:\Users\frsks\OneDrive\Desktop\Repositories\Todo-App\Todo_App\tests\Infrastructure.Tests\bin\Debug\net9.0\WindowsTrayTasks.Infrastructure.Tests.dll" adapterTypeName="executor://xunit/VsTestRunner2/netcoreapp" className="WindowsTrayTasks.Infrastructure.Tests.PageTests" name="Database_SaveTaskWithAtTokens_CreatesPageScopedTags" />
    </UnitTest>
    <UnitTest name="WindowsTrayTasks.Infrastructure.Tests.PageTests.Database_SaveHeadingAndTask_AreScopedByPage" storage="c:\users\frsks\onedrive\desktop\repositories\todo-app\todo_app\tests\infrastructure.tests\bin\debug\net9.0\windowstraytasks.infrastructure.tests.dll" id="978c0d9e-6e8e-9873-d9a8-414ebb91d3d5">
      <Execution id="7da87b2f-3346-4d18-9fa9-f7effa136414" />
      <TestMethod codeBase="C:\Users\frsks\OneDrive\Desktop\Repositories\Todo-App\Todo_App\tests\Infrastructure.Tests\bin\Debug\net9.0\WindowsTrayTasks.Infrastructure.Tests.dll" adapterTypeName="executor://xunit/VsTestRunner2/netcoreapp" className="WindowsTrayTasks.Infrastructure.Tests.PageTests" name="Database_SaveHeadingAndTask_AreScopedByPage" />
    </UnitTest>
    <UnitTest name="WindowsTrayTasks.Infrastructure.Tests.DatabaseTests.CreateTemp_DisposeDeletesDatabaseFiles" storage="c:\users\frsks\onedrive\desktop\repositories\todo-app\todo_app\tests\infrastructure.tests\bin\debug\net9.0\windowstraytasks.infrastructure.tests.dll" id="f514f7bc-b918-3a36-3a65-3e2b720d4aaa">
      <Execution id="07d58b20-b1a6-43d0-8e84-46499be36e68" />
      <TestMethod codeBase="C:\Users\frsks\OneDrive\Desktop\Repositories\Todo-App\Todo_App\tests\Infrastructure.Tests\bin\Debug\net9.0\WindowsTrayTasks.Infrastructure.Tests.dll" adapterTypeName="executor://xunit/VsTestRunner2/netcoreapp" className="WindowsTrayTasks.Infrastructure.Tests.DatabaseTests" name="CreateTemp_DisposeDeletesDatabaseFiles" />
    </UnitTest>
    <UnitTest name="WindowsTrayTasks.Infrastructure.Tests.DatabaseTests.SaveReminder_RoundTrips" storage="c:\users\frsks\onedrive\desktop\repositories\todo-app\todo_app\tests\infrastructure.tests\bin\debug\net9.0\windowstraytasks.infrastructure.tests.dll" id="ae2287ef-dc7a-a5b8-6d05-b69a268c96ad">
      <Execution id="fa964c7c-a52a-47b3-a937-d9b7ebc44237" />
      <TestMethod codeBase="C:\Users\frsks\OneDrive\Desktop\Repositories\Todo-App\Todo_App\tests\Infrastructure.Tests\bin\Debug\net9.0\WindowsTrayTasks.Infrastructure.Tests.dll" adapterTypeName="executor://xunit/VsTestRunner2/netcoreapp" className="WindowsTrayTasks.Infrastructure.Tests.DatabaseTests" name="SaveReminder_RoundTrips" />
    </UnitTest>
    <UnitTest name="WindowsTrayTasks.Infrastructure.Tests.PageTests.Database_ActivePage_RoundTripsThroughSettings" storage="c:\users\frsks\onedrive\desktop\repositories\todo-app\todo_app\tests\infrastructure.tests\bin\debug\net9.0\windowstraytasks.infrastructure.tests.dll" id="f430b569-06d8-06ab-7ea9-6bb5417e4b98">
      <Execution id="939f1906-2575-44b5-8cfe-0005b444fa1b" />
      <TestMethod codeBase="C:\Users\frsks\OneDrive\Desktop\Repositories\Todo-App\Todo_App\tests\Infrastructure.Tests\bin\Debug\net9.0\WindowsTrayTasks.Infrastructure.Tests.dll" adapterTypeName="executor://xunit/VsTestRunner2/netcoreapp" className="WindowsTrayTasks.Infrastructure.Tests.PageTests" name="Database_ActivePage_RoundTripsThroughSettings" />
    </UnitTest>
    <UnitTest name="WindowsTrayTasks.Infrastructure.Tests.DatabaseTests.SaveTask_RoundTripsThroughReopenedConnection" storage="c:\users\frsks\onedrive\desktop\repositories\todo-app\todo_app\tests\infrastructure.tests\bin\debug\net9.0\windowstraytasks.infrastructure.tests.dll" id="4881a1bb-574f-3f26-c0c6-b103fa288f5b">
      <Execution id="21363c11-05d7-4821-93dc-b9a76bfd7d3c" />
      <TestMethod codeBase="C:\Users\frsks\OneDrive\Desktop\Repositories\Todo-App\Todo_App\tests\Infrastructure.Tests\bin\Debug\net9.0\WindowsTrayTasks.Infrastructure.Tests.dll" adapterTypeName="executor://xunit/VsTestRunner2/netcoreapp" className="WindowsTrayTasks.Infrastructure.Tests.DatabaseTests" name="SaveTask_RoundTripsThroughReopenedConnection" />
    </UnitTest>
    <UnitTest name="WindowsTrayTasks.Infrastructure.Tests.PageTests.Database_InlineTitleChange_ReconcilesTaskTags" storage="c:\users\frsks\onedrive\desktop\repositories\todo-app\todo_app\tests\infrastructure.tests\bin\debug\net9.0\windowstraytasks.infrastructure.tests.dll" id="97e3dc84-3d5c-d4cb-d3bc-9eb2bbe196f0">
      <Execution id="a20015b4-2785-448d-a2fb-7caacb8c6228" />
      <TestMethod codeBase="C:\Users\frsks\OneDrive\Desktop\Repositories\Todo-App\Todo_App\tests\Infrastructure.Tests\bin\Debug\net9.0\WindowsTrayTasks.Infrastructure.Tests.dll" adapterTypeName="executor://xunit/VsTestRunner2/netcoreapp" className="WindowsTrayTasks.Infrastructure.Tests.PageTests" name="Database_InlineTitleChange_ReconcilesTaskTags" />
    </UnitTest>
    <UnitTest name="WindowsTrayTasks.Infrastructure.Tests.DatabaseTests.SaveTask_EmptyId_IsRejected" storage="c:\users\frsks\onedrive\desktop\repositories\todo-app\todo_app\tests\infrastructure.tests\bin\debug\net9.0\windowstraytasks.infrastructure.tests.dll" id="2a6248b2-6941-4162-de32-3f58f45d9157">
      <Execution id="7aa81cfc-01a6-4792-aca4-c2a224083bc4" />
      <TestMethod codeBase="C:\Users\frsks\OneDrive\Desktop\Repositories\Todo-App\Todo_App\tests\Infrastructure.Tests\bin\Debug\net9.0\WindowsTrayTasks.Infrastructure.Tests.dll" adapterTypeName="executor://xunit/VsTestRunner2/netcoreapp" className="WindowsTrayTasks.Infrastructure.Tests.DatabaseTests" name="SaveTask_EmptyId_IsRejected" />
    </UnitTest>
    <UnitTest name="WindowsTrayTasks.Infrastructure.Tests.DatabaseTests.SaveHeading_RoundTrips" storage="c:\users\frsks\onedrive\desktop\repositories\todo-app\todo_app\tests\infrastructure.tests\bin\debug\net9.0\windowstraytasks.infrastructure.tests.dll" id="b00562b7-ded7-4522-8fa2-8dd6a86ddd2a">
      <Execution id="935e32da-685e-4c56-9e03-0e1f4c6cc0a7" />
      <TestMethod codeBase="C:\Users\frsks\OneDrive\Desktop\Repositories\Todo-App\Todo_App\tests\Infrastructure.Tests\bin\Debug\net9.0\WindowsTrayTasks.Infrastructure.Tests.dll" adapterTypeName="executor://xunit/VsTestRunner2/netcoreapp" className="WindowsTrayTasks.Infrastructure.Tests.DatabaseTests" name="SaveHeading_RoundTrips" />
    </UnitTest>
  </TestDefinitions>
  <TestEntries>
    <TestEntry testId="b00562b7-ded7-4522-8fa2-8dd6a86ddd2a" executionId="935e32da-685e-4c56-9e03-0e1f4c6cc0a7" testListId="8c84fa94-04c1-424b-9868-57a2d4851a1d" />
    <TestEntry testId="f430b569-06d8-06ab-7ea9-6bb5417e4b98" executionId="939f1906-2575-44b5-8cfe-0005b444fa1b" testListId="8c84fa94-04c1-424b-9868-57a2d4851a1d" />
    <TestEntry testId="978c0d9e-6e8e-9873-d9a8-414ebb91d3d5" executionId="7da87b2f-3346-4d18-9fa9-f7effa136414" testListId="8c84fa94-04c1-424b-9868-57a2d4851a1d" />
    <TestEntry testId="ae2287ef-dc7a-a5b8-6d05-b69a268c96ad" executionId="fa964c7c-a52a-47b3-a937-d9b7ebc44237" testListId="8c84fa94-04c1-424b-9868-57a2d4851a1d" />
    <TestEntry testId="2471e77e-14e8-6d96-3fbf-1323638c3e5e" executionId="b1696166-0f9c-4b8e-acca-0ac62deeda31" testListId="8c84fa94-04c1-424b-9868-57a2d4851a1d" />
    <TestEntry testId="bdee60a4-8535-a899-b75a-2486739c9096" executionId="1756d554-57fa-4a7d-9779-602b2b334c47" testListId="8c84fa94-04c1-424b-9868-57a2d4851a1d" />
    <TestEntry testId="1a548b25-5592-0c96-1530-9b340632f2d2" executionId="8db04886-d0a3-490a-a3bb-56365873eceb" testListId="8c84fa94-04c1-424b-9868-57a2d4851a1d" />
    <TestEntry testId="2a6248b2-6941-4162-de32-3f58f45d9157" executionId="7aa81cfc-01a6-4792-aca4-c2a224083bc4" testListId="8c84fa94-04c1-424b-9868-57a2d4851a1d" />
    <TestEntry testId="4881a1bb-574f-3f26-c0c6-b103fa288f5b" executionId="21363c11-05d7-4821-93dc-b9a76bfd7d3c" testListId="8c84fa94-04c1-424b-9868-57a2d4851a1d" />
    <TestEntry testId="97e3dc84-3d5c-d4cb-d3bc-9eb2bbe196f0" executionId="a20015b4-2785-448d-a2fb-7caacb8c6228" testListId="8c84fa94-04c1-424b-9868-57a2d4851a1d" />
    <TestEntry testId="f514f7bc-b918-3a36-3a65-3e2b720d4aaa" executionId="07d58b20-b1a6-43d0-8e84-46499be36e68" testListId="8c84fa94-04c1-424b-9868-57a2d4851a1d" />
    <TestEntry testId="32d717d7-1787-36ce-ae97-13c2c87069e5" executionId="cae823d6-2f55-4bad-b2d5-2b58387c1ae3" testListId="8c84fa94-04c1-424b-9868-57a2d4851a1d" />
    <TestEntry testId="cf9cd030-5900-1710-d32a-e523217c8424" executionId="8ca34a87-470c-4bed-acaa-3da9d1617817" testListId="8c84fa94-04c1-424b-9868-57a2d4851a1d" />
  </TestEntries>
  <TestLists>
    <TestList name="Results Not in a List" id="8c84fa94-04c1-424b-9868-57a2d4851a1d" />
    <TestList name="All Loaded Results" id="19431567-8539-422a-85d7-44ee4e166bda" />
  </TestLists>
  <ResultSummary outcome="Completed">
    <Counters total="13" executed="13" passed="13" failed="0" error="0" timeout="0" aborted="0" inconclusive="0" passedButRunAborted="0" notRunnable="0" notExecuted="0" disconnected="0" warning="0" completed="0" inProgress="0" pending="0" />
    <Output>
      <StdOut>[xUnit.net 00:00:00.00] xUnit.net VSTest Adapter v2.8.2+699d445a1a (64-bit .NET 9.0.4)&#xD;
[xUnit.net 00:00:00.05]   Discovering: WindowsTrayTasks.Infrastructure.Tests&#xD;
[xUnit.net 00:00:00.07]   Discovered:  WindowsTrayTasks.Infrastructure.Tests&#xD;
[xUnit.net 00:00:00.08]   Starting:    WindowsTrayTasks.Infrastructure.Tests&#xD;
[xUnit.net 00:00:00.49]   Finished:    WindowsTrayTasks.Infrastructure.Tests&#xD;
</StdOut>
    </Output>
  </ResultSummary>
</TestRun>