<?xml version="1.0" encoding="utf-8"?>
<TestRun id="efc5f912-4755-4e07-ac5b-3dcfef13a86e" name="frsks@WORKSTATION 2026-05-01 13:34:43" runUser="WORKSTATION\frsks" xmlns="http://microsoft.com/schemas/VisualStudio/TeamTest/2010">
  <Times creation="2026-05-01T13:34:43.7762035+02:00" queuing="2026-05-01T13:34:43.7762037+02:00" start="2026-05-01T13:34:42.7647374+02:00" finish="2026-05-01T13:34:43.7802694+02:00" />
  <TestSettings name="default" id="4211f996-c2c2-46f1-a708-049ee0f9fc2e">
    <Deployment runDeploymentRoot="frsks_WORKSTATION_2026-05-01_13_34_43" />
  </TestSettings>
  <Results>
    <UnitTestResult executionId="b18c056f-8cb0-4754-a5c1-8fef45b3ec80" testId="ae2287ef-dc7a-a5b8-6d05-b69a268c96ad" testName="WindowsTrayTasks.Infrastructure.Tests.DatabaseTests.SaveReminder_RoundTrips" computerName="WORKSTATION" duration="00:00:00.0300230" startTime="2026-05-01T13:34:43.6859551+02:00" endTime="2026-05-01T13:34:43.6859563+02:00" testType="13cdc9d9-ddb5-4fa4-a97d-d965ccfc6d4b" outcome="Passed" testListId="8c84fa94-04c1-424b-9868-57a2d4851a1d" relativeResultsDirectory="b18c056f-8cb0-4754-a5c1-8fef45b3ec80" />
    <UnitTestResult executionId="a2096695-7739-4d10-82f4-8f0aa64f0498" testId="f514f7bc-b918-3a36-3a65-3e2b720d4aaa" testName="WindowsTrayTasks.Infrastructure.Tests.DatabaseTests.CreateTemp_DisposeDeletesDatabaseFiles" computerName="WORKSTATION" duration="00:00:00.2882313" startTime="2026-05-01T13:34:43.5096712+02:00" endTime="2026-05-01T13:34:43.5097225+02:00" testType="13cdc9d9-ddb5-4fa4-a97d-d965ccfc6d4b" outcome="Passed" testListId="8c84fa94-04c1-424b-9868-57a2d4851a1d" relativeResultsDirectory="a2096695-7739-4d10-82f4-8f0aa64f0498" />
    <UnitTestResult executionId="8a7b1b2c-0e0d-4056-84ca-2d7ce012fccb" testId="b00562b7-ded7-4522-8fa2-8dd6a86ddd2a" testName="WindowsTrayTasks.Infrastructure.Tests.DatabaseTests.SaveHeading_RoundTrips" computerName="WORKSTATION" duration="00:00:00.0279955" startTime="2026-05-01T13:34:43.6557779+02:00" endTime="2026-05-01T13:34:43.6557786+02:00" testType="13cdc9d9-ddb5-4fa4-a97d-d965ccfc6d4b" outcome="Passed" testListId="8c84fa94-04c1-424b-9868-57a2d4851a1d" relativeResultsDirectory="8a7b1b2c-0e0d-4056-84ca-2d7ce012fccb" />
    <UnitTestResult executionId="2b09a6e0-cc4d-4db6-9d7d-b1a009c00e92" testId="4881a1bb-574f-3f26-c0c6-b103fa288f5b" testName="WindowsTrayTasks.Infrastructure.Tests.DatabaseTests.SaveTask_RoundTripsThroughReopenedConnection" computerName="WORKSTATION" duration="00:00:00.0569740" startTime="2026-05-01T13:34:43.5664156+02:00" endTime="2026-05-01T13:34:43.5664162+02:00" testType="13cdc9d9-ddb5-4fa4-a97d-d965ccfc6d4b" outcome="Passed" testListId="8c84fa94-04c1-424b-9868-57a2d4851a1d" relativeResultsDirectory="2b09a6e0-cc4d-4db6-9d7d-b1a009c00e92" />
    <UnitTestResult executionId="e31bb4ca-8787-4c62-8833-a5fe2dcc443d" testId="2471e77e-14e8-6d96-3fbf-1323638c3e5e" testName="WindowsTrayTasks.Infrastructure.Tests.DatabaseTests.SaveReminder_SecondActiveReminderForSameTask_IsRejected" computerName="WORKSTATION" duration="00:00:00.0306655" startTime="2026-05-01T13:34:43.5975532+02:00" endTime="2026-05-01T13:34:43.5975538+02:00" testType="13cdc9d9-ddb5-4fa4-a97d-d965ccfc6d4b" outcome="Passed" testListId="8c84fa94-04c1-424b-9868-57a2d4851a1d" relativeResultsDirectory="e31bb4ca-8787-4c62-8833-a5fe2dcc443d" />
    <UnitTestResult executionId="305f43f6-25f3-482c-b5c9-38a9ef6c4d4f" testId="2a6248b2-6941-4162-de32-3f58f45d9157" testName="WindowsTrayTasks.Infrastructure.Tests.DatabaseTests.SaveTask_EmptyId_IsRejected" computerName="WORKSTATION" duration="00:00:00.0301815" startTime="2026-05-01T13:34:43.6277875+02:00" endTime="2026-05-01T13:34:43.6277880+02:00" testType="13cdc9d9-ddb5-4fa4-a97d-d965ccfc6d4b" outcome="Passed" testListId="8c84fa94-04c1-424b-9868-57a2d4851a1d" relativeResultsDirectory="305f43f6-25f3-482c-b5c9-38a9ef6c4d4f" />
  </Results>
  <TestDefinitions>
    <UnitTest name="WindowsTrayTasks.Infrastructure.Tests.DatabaseTests.SaveReminder_SecondActiveReminderForSameTask_IsRejected" storage="c:\users\frsks\onedrive\desktop\repositories\todo-app\tests\infrastructure.tests\bin\debug\net9.0\windowstraytasks.infrastructure.tests.dll" id="2471e77e-14e8-6d96-3fbf-1323638c3e5e">
      <Execution id="e31bb4ca-8787-4c62-8833-a5fe2dcc443d" />
      <TestMethod codeBase="C:\Users\frsks\OneDrive\Desktop\Repositories\Todo-App\tests\Infrastructure.Tests\bin\Debug\net9.0\WindowsTrayTasks.Infrastructure.Tests.dll" adapterTypeName="executor://xunit/VsTestRunner2/netcoreapp" className="WindowsTrayTasks.Infrastructure.Tests.DatabaseTests" name="SaveReminder_SecondActiveReminderForSameTask_IsRejected" />
    </UnitTest>
    <UnitTest name="WindowsTrayTasks.Infrastructure.Tests.DatabaseTests.CreateTemp_DisposeDeletesDatabaseFiles" storage="c:\users\frsks\onedrive\desktop\repositories\todo-app\tests\infrastructure.tests\bin\debug\net9.0\windowstraytasks.infrastructure.tests.dll" id="f514f7bc-b918-3a36-3a65-3e2b720d4aaa">
      <Execution id="a2096695-7739-4d10-82f4-8f0aa64f0498" />
      <TestMethod codeBase="C:\Users\frsks\OneDrive\Desktop\Repositories\Todo-App\tests\Infrastructure.Tests\bin\Debug\net9.0\WindowsTrayTasks.Infrastructure.Tests.dll" adapterTypeName="executor://xunit/VsTestRunner2/netcoreapp" className="WindowsTrayTasks.Infrastructure.Tests.DatabaseTests" name="CreateTemp_DisposeDeletesDatabaseFiles" />
    </UnitTest>
    <UnitTest name="WindowsTrayTasks.Infrastructure.Tests.DatabaseTests.SaveReminder_RoundTrips" storage="c:\users\frsks\onedrive\desktop\repositories\todo-app\tests\infrastructure.tests\bin\debug\net9.0\windowstraytasks.infrastructure.tests.dll" id="ae2287ef-dc7a-a5b8-6d05-b69a268c96ad">
      <Execution id="b18c056f-8cb0-4754-a5c1-8fef45b3ec80" />
      <TestMethod codeBase="C:\Users\frsks\OneDrive\Desktop\Repositories\Todo-App\tests\Infrastructure.Tests\bin\Debug\net9.0\WindowsTrayTasks.Infrastructure.Tests.dll" adapterTypeName="executor://xunit/VsTestRunner2/netcoreapp" className="WindowsTrayTasks.Infrastructure.Tests.DatabaseTests" name="SaveReminder_RoundTrips" />
    </UnitTest>
    <UnitTest name="WindowsTrayTasks.Infrastructure.Tests.DatabaseTests.SaveTask_RoundTripsThroughReopenedConnection" storage="c:\users\frsks\onedrive\desktop\repositories\todo-app\tests\infrastructure.tests\bin\debug\net9.0\windowstraytasks.infrastructure.tests.dll" id="4881a1bb-574f-3f26-c0c6-b103fa288f5b">
      <Execution id="2b09a6e0-cc4d-4db6-9d7d-b1a009c00e92" />
      <TestMethod codeBase="C:\Users\frsks\OneDrive\Desktop\Repositories\Todo-App\tests\Infrastructure.Tests\bin\Debug\net9.0\WindowsTrayTasks.Infrastructure.Tests.dll" adapterTypeName="executor://xunit/VsTestRunner2/netcoreapp" className="WindowsTrayTasks.Infrastructure.Tests.DatabaseTests" name="SaveTask_RoundTripsThroughReopenedConnection" />
    </UnitTest>
    <UnitTest name="WindowsTrayTasks.Infrastructure.Tests.DatabaseTests.SaveTask_EmptyId_IsRejected" storage="c:\users\frsks\onedrive\desktop\repositories\todo-app\tests\infrastructure.tests\bin\debug\net9.0\windowstraytasks.infrastructure.tests.dll" id="2a6248b2-6941-4162-de32-3f58f45d9157">
      <Execution id="305f43f6-25f3-482c-b5c9-38a9ef6c4d4f" />
      <TestMethod codeBase="C:\Users\frsks\OneDrive\Desktop\Repositories\Todo-App\tests\Infrastructure.Tests\bin\Debug\net9.0\WindowsTrayTasks.Infrastructure.Tests.dll" adapterTypeName="executor://xunit/VsTestRunner2/netcoreapp" className="WindowsTrayTasks.Infrastructure.Tests.DatabaseTests" name="SaveTask_EmptyId_IsRejected" />
    </UnitTest>
    <UnitTest name="WindowsTrayTasks.Infrastructure.Tests.DatabaseTests.SaveHeading_RoundTrips" storage="c:\users\frsks\onedrive\desktop\repositories\todo-app\tests\infrastructure.tests\bin\debug\net9.0\windowstraytasks.infrastructure.tests.dll" id="b00562b7-ded7-4522-8fa2-8dd6a86ddd2a">
      <Execution id="8a7b1b2c-0e0d-4056-84ca-2d7ce012fccb" />
      <TestMethod codeBase="C:\Users\frsks\OneDrive\Desktop\Repositories\Todo-App\tests\Infrastructure.Tests\bin\Debug\net9.0\WindowsTrayTasks.Infrastructure.Tests.dll" adapterTypeName="executor://xunit/VsTestRunner2/netcoreapp" className="WindowsTrayTasks.Infrastructure.Tests.DatabaseTests" name="SaveHeading_RoundTrips" />
    </UnitTest>
  </TestDefinitions>
  <TestEntries>
    <TestEntry testId="ae2287ef-dc7a-a5b8-6d05-b69a268c96ad" executionId="b18c056f-8cb0-4754-a5c1-8fef45b3ec80" testListId="8c84fa94-04c1-424b-9868-57a2d4851a1d" />
    <TestEntry testId="f514f7bc-b918-3a36-3a65-3e2b720d4aaa" executionId="a2096695-7739-4d10-82f4-8f0aa64f0498" testListId="8c84fa94-04c1-424b-9868-57a2d4851a1d" />
    <TestEntry testId="b00562b7-ded7-4522-8fa2-8dd6a86ddd2a" executionId="8a7b1b2c-0e0d-4056-84ca-2d7ce012fccb" testListId="8c84fa94-04c1-424b-9868-57a2d4851a1d" />
    <TestEntry testId="4881a1bb-574f-3f26-c0c6-b103fa288f5b" executionId="2b09a6e0-cc4d-4db6-9d7d-b1a009c00e92" testListId="8c84fa94-04c1-424b-9868-57a2d4851a1d" />
    <TestEntry testId="2471e77e-14e8-6d96-3fbf-1323638c3e5e" executionId="e31bb4ca-8787-4c62-8833-a5fe2dcc443d" testListId="8c84fa94-04c1-424b-9868-57a2d4851a1d" />
    <TestEntry testId="2a6248b2-6941-4162-de32-3f58f45d9157" executionId="305f43f6-25f3-482c-b5c9-38a9ef6c4d4f" testListId="8c84fa94-04c1-424b-9868-57a2d4851a1d" />
  </TestEntries>
  <TestLists>
    <TestList name="Results Not in a List" id="8c84fa94-04c1-424b-9868-57a2d4851a1d" />
    <TestList name="All Loaded Results" id="19431567-8539-422a-85d7-44ee4e166bda" />
  </TestLists>
  <ResultSummary outcome="Completed">
    <Counters total="6" executed="6" passed="6" failed="0" error="0" timeout="0" aborted="0" inconclusive="0" passedButRunAborted="0" notRunnable="0" notExecuted="0" disconnected="0" warning="0" completed="0" inProgress="0" pending="0" />
    <Output>
      <StdOut>[xUnit.net 00:00:00.00] xUnit.net VSTest Adapter v2.8.2+699d445a1a (64-bit .NET 9.0.4)&#xD;
[xUnit.net 00:00:00.06]   Discovering: WindowsTrayTasks.Infrastructure.Tests&#xD;
[xUnit.net 00:00:00.08]   Discovered:  WindowsTrayTasks.Infrastructure.Tests&#xD;
[xUnit.net 00:00:00.08]   Starting:    WindowsTrayTasks.Infrastructure.Tests&#xD;
[xUnit.net 00:00:00.58]   Finished:    WindowsTrayTasks.Infrastructure.Tests&#xD;
</StdOut>
    </Output>
  </ResultSummary>
</TestRun>