<?xml version="1.0" encoding="utf-8"?>
<TestRun id="90c0f719-df98-4f18-80b9-ee3e4a891fe5" name="frsks@WORKSTATION 2026-05-01 15:46:57" runUser="WORKSTATION\frsks" xmlns="http://microsoft.com/schemas/VisualStudio/TeamTest/2010">
  <Times creation="2026-05-01T15:46:57.8466358+02:00" queuing="2026-05-01T15:46:57.8466365+02:00" start="2026-05-01T15:46:57.0233059+02:00" finish="2026-05-01T15:46:57.9336847+02:00" />
  <TestSettings name="default" id="b927d260-62f5-4171-a1be-4f8cbe896cb9">
    <Deployment runDeploymentRoot="frsks_WORKSTATION_2026-05-01_15_46_57" />
  </TestSettings>
  <Results>
    <UnitTestResult executionId="f9367c6d-cb6d-4631-8359-181d8270398d" testId="bdee60a4-8535-a899-b75a-2486739c9096" testName="WindowsTrayTasks.Infrastructure.Tests.PageTests.Database_FreshInit_CreatesDefaultPage" computerName="WORKSTATION" duration="00:00:00.2035815" startTime="2026-05-01T15:46:57.6724467+02:00" endTime="2026-05-01T15:46:57.6724470+02:00" testType="13cdc9d9-ddb5-4fa4-a97d-d965ccfc6d4b" outcome="Passed" testListId="8c84fa94-04c1-424b-9868-57a2d4851a1d" relativeResultsDirectory="f9367c6d-cb6d-4631-8359-181d8270398d" />
    <UnitTestResult executionId="adcbcceb-46fc-4d15-89a7-9175ea731e64" testId="4881a1bb-574f-3f26-c0c6-b103fa288f5b" testName="WindowsTrayTasks.Infrastructure.Tests.DatabaseTests.SaveTask_RoundTripsThroughReopenedConnection" computerName="WORKSTATION" duration="00:00:00.0594392" startTime="2026-05-01T15:46:57.7183614+02:00" endTime="2026-05-01T15:46:57.7183621+02:00" testType="13cdc9d9-ddb5-4fa4-a97d-d965ccfc6d4b" outcome="Passed" testListId="8c84fa94-04c1-424b-9868-57a2d4851a1d" relativeResultsDirectory="adcbcceb-46fc-4d15-89a7-9175ea731e64" />
    <UnitTestResult executionId="59444e99-3ac0-4f3c-9a3d-599377fc819e" testId="2471e77e-14e8-6d96-3fbf-1323638c3e5e" testName="WindowsTrayTasks.Infrastructure.Tests.DatabaseTests.SaveReminder_SecondActiveReminderForSameTask_IsRejected" computerName="WORKSTATION" duration="00:00:00.0560216" startTime="2026-05-01T15:46:57.7744717+02:00" endTime="2026-05-01T15:46:57.7744719+02:00" testType="13cdc9d9-ddb5-4fa4-a97d-d965ccfc6d4b" outcome="Passed" testListId="8c84fa94-04c1-424b-9868-57a2d4851a1d" relativeResultsDirectory="59444e99-3ac0-4f3c-9a3d-599377fc819e" />
    <UnitTestResult executionId="67b5a9af-e601-4376-95a6-d1f37af4b34c" testId="32d717d7-1787-36ce-ae97-13c2c87069e5" testName="WindowsTrayTasks.Infrastructure.Tests.PageTests.Database_SaveTaskWithAtTokens_CreatesPageScopedTags" computerName="WORKSTATION" duration="00:00:00.0525864" startTime="2026-05-01T15:46:57.8094557+02:00" endTime="2026-05-01T15:46:57.8094559+02:00" testType="13cdc9d9-ddb5-4fa4-a97d-d965ccfc6d4b" outcome="Passed" testListId="8c84fa94-04c1-424b-9868-57a2d4851a1d" relativeResultsDirectory="67b5a9af-e601-4376-95a6-d1f37af4b34c" />
    <UnitTestResult executionId="e93b265e-c37c-4e4d-a896-0bc60b09bd04" testId="978c0d9e-6e8e-9873-d9a8-414ebb91d3d5" testName="WindowsTrayTasks.Infrastructure.Tests.PageTests.Database_SaveHeadingAndTask_AreScopedByPage" computerName="WORKSTATION" duration="00:00:00.0458950" startTime="2026-05-01T15:46:57.7184163+02:00" endTime="2026-05-01T15:46:57.7184164+02:00" testType="13cdc9d9-ddb5-4fa4-a97d-d965ccfc6d4b" outcome="Passed" testListId="8c84fa94-04c1-424b-9868-57a2d4851a1d" relativeResultsDirectory="e93b265e-c37c-4e4d-a896-0bc60b09bd04" />
    <UnitTestResult executionId="b515db34-ac77-48c8-8237-7e9888363709" testId="f514f7bc-b918-3a36-3a65-3e2b720d4aaa" testName="WindowsTrayTasks.Infrastructure.Tests.DatabaseTests.CreateTemp_DisposeDeletesDatabaseFiles" computerName="WORKSTATION" duration="00:00:00.1884462" startTime="2026-05-01T15:46:57.6592142+02:00" endTime="2026-05-01T15:46:57.6592271+02:00" testType="13cdc9d9-ddb5-4fa4-a97d-d965ccfc6d4b" outcome="Passed" testListId="8c84fa94-04c1-424b-9868-57a2d4851a1d" relativeResultsDirectory="b515db34-ac77-48c8-8237-7e9888363709" />
    <UnitTestResult executionId="d841a7eb-0fda-4611-97bb-725de4f1d5ea" testId="f430b569-06d8-06ab-7ea9-6bb5417e4b98" testName="WindowsTrayTasks.Infrastructure.Tests.PageTests.Database_ActivePage_RoundTripsThroughSettings" computerName="WORKSTATION" duration="00:00:00.0383376" startTime="2026-05-01T15:46:57.7568042+02:00" endTime="2026-05-01T15:46:57.7568045+02:00" testType="13cdc9d9-ddb5-4fa4-a97d-d965ccfc6d4b" outcome="Passed" testListId="8c84fa94-04c1-424b-9868-57a2d4851a1d" relativeResultsDirectory="d841a7eb-0fda-4611-97bb-725de4f1d5ea" />
    <UnitTestResult executionId="3334a12f-d6b9-4c96-9b8d-7e4dc368b462" testId="97e3dc84-3d5c-d4cb-d3bc-9eb2bbe196f0" testName="WindowsTrayTasks.Infrastructure.Tests.PageTests.Database_InlineTitleChange_ReconcilesTaskTags" computerName="WORKSTATION" duration="00:00:00.0476850" startTime="2026-05-01T15:46:57.8924194+02:00" endTime="2026-05-01T15:46:57.8924196+02:00" testType="13cdc9d9-ddb5-4fa4-a97d-d965ccfc6d4b" outcome="Passed" testListId="8c84fa94-04c1-424b-9868-57a2d4851a1d" relativeResultsDirectory="3334a12f-d6b9-4c96-9b8d-7e4dc368b462" />
    <UnitTestResult executionId="f189dae0-8fad-441f-b091-c783d7840fbf" testId="cf9cd030-5900-1710-d32a-e523217c8424" testName="WindowsTrayTasks.Infrastructure.Tests.PageTests.Database_SameTagNameOnDifferentPages_CreatesSeparateTags" computerName="WORKSTATION" duration="00:00:00.0351155" startTime="2026-05-01T15:46:57.8446772+02:00" endTime="2026-05-01T15:46:57.8446780+02:00" testType="13cdc9d9-ddb5-4fa4-a97d-d965ccfc6d4b" outcome="Passed" testListId="8c84fa94-04c1-424b-9868-57a2d4851a1d" relativeResultsDirectory="f189dae0-8fad-441f-b091-c783d7840fbf" />
    <UnitTestResult executionId="89a20562-97c3-4d8d-868a-70a71f42d217" testId="b00562b7-ded7-4522-8fa2-8dd6a86ddd2a" testName="WindowsTrayTasks.Infrastructure.Tests.DatabaseTests.SaveHeading_RoundTrips" computerName="WORKSTATION" duration="00:00:00.0439677" startTime="2026-05-01T15:46:57.8478544+02:00" endTime="2026-05-01T15:46:57.8478545+02:00" testType="13cdc9d9-ddb5-4fa4-a97d-d965ccfc6d4b" outcome="Passed" testListId="8c84fa94-04c1-424b-9868-57a2d4851a1d" relativeResultsDirectory="89a20562-97c3-4d8d-868a-70a71f42d217" />
    <UnitTestResult executionId="b30c8ff7-10b8-4b91-9d20-e791b325c7cf" testId="ae2287ef-dc7a-a5b8-6d05-b69a268c96ad" testName="WindowsTrayTasks.Infrastructure.Tests.DatabaseTests.SaveReminder_RoundTrips" computerName="WORKSTATION" duration="00:00:00.0336149" startTime="2026-05-01T15:46:57.8815699+02:00" endTime="2026-05-01T15:46:57.8815702+02:00" testType="13cdc9d9-ddb5-4fa4-a97d-d965ccfc6d4b" outcome="Passed" testListId="8c84fa94-04c1-424b-9868-57a2d4851a1d" relativeResultsDirectory="b30c8ff7-10b8-4b91-9d20-e791b325c7cf" />
    <UnitTestResult executionId="2950b45b-564e-4111-855c-b122f685a0f1" testId="2a6248b2-6941-4162-de32-3f58f45d9157" testName="WindowsTrayTasks.Infrastructure.Tests.DatabaseTests.SaveTask_EmptyId_IsRejected" computerName="WORKSTATION" duration="00:00:00.0292814" startTime="2026-05-01T15:46:57.8038335+02:00" endTime="2026-05-01T15:46:57.8038339+02:00" testType="13cdc9d9-ddb5-4fa4-a97d-d965ccfc6d4b" outcome="Passed" testListId="8c84fa94-04c1-424b-9868-57a2d4851a1d" relativeResultsDirectory="2950b45b-564e-4111-855c-b122f685a0f1" />
  </Results>
  <TestDefinitions>
    <UnitTest name="WindowsTrayTasks.Infrastructure.Tests.PageTests.Database_SameTagNameOnDifferentPages_CreatesSeparateTags" storage="c:\users\frsks\onedrive\desktop\repositories\todo-app\todo_app\tests\infrastructure.tests\bin\debug\net9.0\windowstraytasks.infrastructure.tests.dll" id="cf9cd030-5900-1710-d32a-e523217c8424">
      <Execution id="f189dae0-8fad-441f-b091-c783d7840fbf" />
      <TestMethod codeBase="C:\Users\frsks\OneDrive\Desktop\Repositories\Todo-App\Todo_App\tests\Infrastructure.Tests\bin\Debug\net9.0\WindowsTrayTasks.Infrastructure.Tests.dll" adapterTypeName="executor://xunit/VsTestRunner2/netcoreapp" className="WindowsTrayTasks.Infrastructure.Tests.PageTests" name="Database_SameTagNameOnDifferentPages_CreatesSeparateTags" />
    </UnitTest>
    <UnitTest name="WindowsTrayTasks.Infrastructure.Tests.DatabaseTests.SaveReminder_SecondActiveReminderForSameTask_IsRejected" storage="c:\users\frsks\onedrive\desktop\repositories\todo-app\todo_app\tests\infrastructure.tests\bin\debug\net9.0\windowstraytasks.infrastructure.tests.dll" id="2471e77e-14e8-6d96-3fbf-1323638c3e5e">
      <Execution id="59444e99-3ac0-4f3c-9a3d-599377fc819e" />
      <TestMethod codeBase="C:\Users\frsks\OneDrive\Desktop\Repositories\Todo-App\Todo_App\tests\Infrastructure.Tests\bin\Debug\net9.0\WindowsTrayTasks.Infrastructure.Tests.dll" adapterTypeName="executor://xunit/VsTestRunner2/netcoreapp" className="WindowsTrayTasks.Infrastructure.Tests.DatabaseTests" name="SaveReminder_SecondActiveReminderForSameTask_IsRejected" />
    </UnitTest>
    <UnitTest name="WindowsTrayTasks.Infrastructure.Tests.PageTests.Database_FreshInit_CreatesDefaultPage" storage="c:\users\frsks\onedrive\desktop\repositories\todo-app\todo_app\tests\infrastructure.tests\bin\debug\net9.0\windowstraytasks.infrastructure.tests.dll" id="bdee60a4-8535-a899-b75a-2486739c9096">
      <Execution id="f9367c6d-cb6d-4631-8359-181d8270398d" />
      <TestMethod codeBase="C:\Users\frsks\OneDrive\Desktop\Repositories\Todo-App\Todo_App\tests\Infrastructure.Tests\bin\Debug\net9.0\WindowsTrayTasks.Infrastructure.Tests.dll" adapterTypeName="executor://xunit/VsTestRunner2/netcoreapp" className="WindowsTrayTasks.Infrastructure.Tests.PageTests" name="Database_FreshInit_CreatesDefaultPage" />
    </UnitTest>
    <UnitTest name="WindowsTrayTasks.Infrastructure.Tests.PageTests.Database_SaveTaskWithAtTokens_CreatesPageScopedTags" storage="c:\users\frsks\onedrive\desktop\repositories\todo-app\todo_app\tests\infrastructure.tests\bin\debug\net9.0\windowstraytasks.infrastructure.tests.dll" id="32d717d7-1787-36ce-ae97-13c2c87069e5">
      <Execution id="67b5a9af-e601-4376-95a6-d1f37af4b34c" />
      <TestMethod codeBase="C:\Users\frsks\OneDrive\Desktop\Repositories\Todo-App\Todo_App\tests\Infrastructure.Tests\bin\Debug\net9.0\WindowsTrayTasks.Infrastructure.Tests.dll" adapterTypeName="executor://xunit/VsTestRunner2/netcoreapp" className="WindowsTrayTasks.Infrastructure.Tests.PageTests" name="Database_SaveTaskWithAtTokens_CreatesPageScopedTags" />
    </UnitTest>
    <UnitTest name="WindowsTrayTasks.Infrastructure.Tests.PageTests.Database_SaveHeadingAndTask_AreScopedByPage" storage="c:\users\frsks\onedrive\desktop\repositories\todo-app\todo_app\tests\infrastructure.tests\bin\debug\net9.0\windowstraytasks.infrastructure.tests.dll" id="978c0d9e-6e8e-9873-d9a8-414ebb91d3d5">
      <Execution id="e93b265e-c37c-4e4d-a896-0bc60b09bd04" />
      <TestMethod codeBase="C:\Users\frsks\OneDrive\Desktop\Repositories\Todo-App\Todo_App\tests\Infrastructure.Tests\bin\Debug\net9.0\WindowsTrayTasks.Infrastructure.Tests.dll" adapterTypeName="executor://xunit/VsTestRunner2/netcoreapp" className="WindowsTrayTasks.Infrastructure.Tests.PageTests" name="Database_SaveHeadingAndTask_AreScopedByPage" />
    </UnitTest>
    <UnitTest name="WindowsTrayTasks.Infrastructure.Tests.DatabaseTests.CreateTemp_DisposeDeletesDatabaseFiles" storage="c:\users\frsks\onedrive\desktop\repositories\todo-app\todo_app\tests\infrastructure.tests\bin\debug\net9.0\windowstraytasks.infrastructure.tests.dll" id="f514f7bc-b918-3a36-3a65-3e2b720d4aaa">
      <Execution id="b515db34-ac77-48c8-8237-7e9888363709" />
      <TestMethod codeBase="C:\Users\frsks\OneDrive\Desktop\Repositories\Todo-App\Todo_App\tests\Infrastructure.Tests\bin\Debug\net9.0\WindowsTrayTasks.Infrastructure.Tests.dll" adapterTypeName="executor://xunit/VsTestRunner2/netcoreapp" className="WindowsTrayTasks.Infrastructure.Tests.DatabaseTests" name="CreateTemp_DisposeDeletesDatabaseFiles" />
    </UnitTest>
    <UnitTest name="WindowsTrayTasks.Infrastructure.Tests.DatabaseTests.SaveReminder_RoundTrips" storage="c:\users\frsks\onedrive\desktop\repositories\todo-app\todo_app\tests\infrastructure.tests\bin\debug\net9.0\windowstraytasks.infrastructure.tests.dll" id="ae2287ef-dc7a-a5b8-6d05-b69a268c96ad">
      <Execution id="b30c8ff7-10b8-4b91-9d20-e791b325c7cf" />
      <TestMethod codeBase="C:\Users\frsks\OneDrive\Desktop\Repositories\Todo-App\Todo_App\tests\Infrastructure.Tests\bin\Debug\net9.0\WindowsTrayTasks.Infrastructure.Tests.dll" adapterTypeName="executor://xunit/VsTestRunner2/netcoreapp" className="WindowsTrayTasks.Infrastructure.Tests.DatabaseTests" name="SaveReminder_RoundTrips" />
    </UnitTest>
    <UnitTest name="WindowsTrayTasks.Infrastructure.Tests.PageTests.Database_ActivePage_RoundTripsThroughSettings" storage="c:\users\frsks\onedrive\desktop\repositories\todo-app\todo_app\tests\infrastructure.tests\bin\debug\net9.0\windowstraytasks.infrastructure.tests.dll" id="f430b569-06d8-06ab-7ea9-6bb5417e4b98">
      <Execution id="d841a7eb-0fda-4611-97bb-725de4f1d5ea" />
      <TestMethod codeBase="C:\Users\frsks\OneDrive\Desktop\Repositories\Todo-App\Todo_App\tests\Infrastructure.Tests\bin\Debug\net9.0\WindowsTrayTasks.Infrastructure.Tests.dll" adapterTypeName="executor://xunit/VsTestRunner2/netcoreapp" className="WindowsTrayTasks.Infrastructure.Tests.PageTests" name="Database_ActivePage_RoundTripsThroughSettings" />
    </UnitTest>
    <UnitTest name="WindowsTrayTasks.Infrastructure.Tests.DatabaseTests.SaveTask_RoundTripsThroughReopenedConnection" storage="c:\users\frsks\onedrive\desktop\repositories\todo-app\todo_app\tests\infrastructure.tests\bin\debug\net9.0\windowstraytasks.infrastructure.tests.dll" id="4881a1bb-574f-3f26-c0c6-b103fa288f5b">
      <Execution id="adcbcceb-46fc-4d15-89a7-9175ea731e64" />
      <TestMethod codeBase="C:\Users\frsks\OneDrive\Desktop\Repositories\Todo-App\Todo_App\tests\Infrastructure.Tests\bin\Debug\net9.0\WindowsTrayTasks.Infrastructure.Tests.dll" adapterTypeName="executor://xunit/VsTestRunner2/netcoreapp" className="WindowsTrayTasks.Infrastructure.Tests.DatabaseTests" name="SaveTask_RoundTripsThroughReopenedConnection" />
    </UnitTest>
    <UnitTest name="WindowsTrayTasks.Infrastructure.Tests.PageTests.Database_InlineTitleChange_ReconcilesTaskTags" storage="c:\users\frsks\onedrive\desktop\repositories\todo-app\todo_app\tests\infrastructure.tests\bin\debug\net9.0\windowstraytasks.infrastructure.tests.dll" id="97e3dc84-3d5c-d4cb-d3bc-9eb2bbe196f0">
      <Execution id="3334a12f-d6b9-4c96-9b8d-7e4dc368b462" />
      <TestMethod codeBase="C:\Users\frsks\OneDrive\Desktop\Repositories\Todo-App\Todo_App\tests\Infrastructure.Tests\bin\Debug\net9.0\WindowsTrayTasks.Infrastructure.Tests.dll" adapterTypeName="executor://xunit/VsTestRunner2/netcoreapp" className="WindowsTrayTasks.Infrastructure.Tests.PageTests" name="Database_InlineTitleChange_ReconcilesTaskTags" />
    </UnitTest>
    <UnitTest name="WindowsTrayTasks.Infrastructure.Tests.DatabaseTests.SaveTask_EmptyId_IsRejected" storage="c:\users\frsks\onedrive\desktop\repositories\todo-app\todo_app\tests\infrastructure.tests\bin\debug\net9.0\windowstraytasks.infrastructure.tests.dll" id="2a6248b2-6941-4162-de32-3f58f45d9157">
      <Execution id="2950b45b-564e-4111-855c-b122f685a0f1" />
      <TestMethod codeBase="C:\Users\frsks\OneDrive\Desktop\Repositories\Todo-App\Todo_App\tests\Infrastructure.Tests\bin\Debug\net9.0\WindowsTrayTasks.Infrastructure.Tests.dll" adapterTypeName="executor://xunit/VsTestRunner2/netcoreapp" className="WindowsTrayTasks.Infrastructure.Tests.DatabaseTests" name="SaveTask_EmptyId_IsRejected" />
    </UnitTest>
    <UnitTest name="WindowsTrayTasks.Infrastructure.Tests.DatabaseTests.SaveHeading_RoundTrips" storage="c:\users\frsks\onedrive\desktop\repositories\todo-app\todo_app\tests\infrastructure.tests\bin\debug\net9.0\windowstraytasks.infrastructure.tests.dll" id="b00562b7-ded7-4522-8fa2-8dd6a86ddd2a">
      <Execution id="89a20562-97c3-4d8d-868a-70a71f42d217" />
      <TestMethod codeBase="C:\Users\frsks\OneDrive\Desktop\Repositories\Todo-App\Todo_App\tests\Infrastructure.Tests\bin\Debug\net9.0\WindowsTrayTasks.Infrastructure.Tests.dll" adapterTypeName="executor://xunit/VsTestRunner2/netcoreapp" className="WindowsTrayTasks.Infrastructure.Tests.DatabaseTests" name="SaveHeading_RoundTrips" />
    </UnitTest>
  </TestDefinitions>
  <TestEntries>
    <TestEntry testId="bdee60a4-8535-a899-b75a-2486739c9096" executionId="f9367c6d-cb6d-4631-8359-181d8270398d" testListId="8c84fa94-04c1-424b-9868-57a2d4851a1d" />
    <TestEntry testId="4881a1bb-574f-3f26-c0c6-b103fa288f5b" executionId="adcbcceb-46fc-4d15-89a7-9175ea731e64" testListId="8c84fa94-04c1-424b-9868-57a2d4851a1d" />
    <TestEntry testId="2471e77e-14e8-6d96-3fbf-1323638c3e5e" executionId="59444e99-3ac0-4f3c-9a3d-599377fc819e" testListId="8c84fa94-04c1-424b-9868-57a2d4851a1d" />
    <TestEntry testId="32d717d7-1787-36ce-ae97-13c2c87069e5" executionId="67b5a9af-e601-4376-95a6-d1f37af4b34c" testListId="8c84fa94-04c1-424b-9868-57a2d4851a1d" />
    <TestEntry testId="978c0d9e-6e8e-9873-d9a8-414ebb91d3d5" executionId="e93b265e-c37c-4e4d-a896-0bc60b09bd04" testListId="8c84fa94-04c1-424b-9868-57a2d4851a1d" />
    <TestEntry testId="f514f7bc-b918-3a36-3a65-3e2b720d4aaa" executionId="b515db34-ac77-48c8-8237-7e9888363709" testListId="8c84fa94-04c1-424b-9868-57a2d4851a1d" />
    <TestEntry testId="f430b569-06d8-06ab-7ea9-6bb5417e4b98" executionId="d841a7eb-0fda-4611-97bb-725de4f1d5ea" testListId="8c84fa94-04c1-424b-9868-57a2d4851a1d" />
    <TestEntry testId="97e3dc84-3d5c-d4cb-d3bc-9eb2bbe196f0" executionId="3334a12f-d6b9-4c96-9b8d-7e4dc368b462" testListId="8c84fa94-04c1-424b-9868-57a2d4851a1d" />
    <TestEntry testId="cf9cd030-5900-1710-d32a-e523217c8424" executionId="f189dae0-8fad-441f-b091-c783d7840fbf" testListId="8c84fa94-04c1-424b-9868-57a2d4851a1d" />
    <TestEntry testId="b00562b7-ded7-4522-8fa2-8dd6a86ddd2a" executionId="89a20562-97c3-4d8d-868a-70a71f42d217" testListId="8c84fa94-04c1-424b-9868-57a2d4851a1d" />
    <TestEntry testId="ae2287ef-dc7a-a5b8-6d05-b69a268c96ad" executionId="b30c8ff7-10b8-4b91-9d20-e791b325c7cf" testListId="8c84fa94-04c1-424b-9868-57a2d4851a1d" />
    <TestEntry testId="2a6248b2-6941-4162-de32-3f58f45d9157" executionId="2950b45b-564e-4111-855c-b122f685a0f1" testListId="8c84fa94-04c1-424b-9868-57a2d4851a1d" />
  </TestEntries>
  <TestLists>
    <TestList name="Results Not in a List" id="8c84fa94-04c1-424b-9868-57a2d4851a1d" />
    <TestList name="All Loaded Results" id="19431567-8539-422a-85d7-44ee4e166bda" />
  </TestLists>
  <ResultSummary outcome="Completed">
    <Counters total="12" executed="12" passed="12" failed="0" error="0" timeout="0" aborted="0" inconclusive="0" passedButRunAborted="0" notRunnable="0" notExecuted="0" disconnected="0" warning="0" completed="0" inProgress="0" pending="0" />
    <Output>
      <StdOut>[xUnit.net 00:00:00.00] xUnit.net VSTest Adapter v2.8.2+699d445a1a (64-bit .NET 9.0.4)&#xD;
[xUnit.net 00:00:00.05]   Discovering: WindowsTrayTasks.Infrastructure.Tests&#xD;
[xUnit.net 00:00:00.07]   Discovered:  WindowsTrayTasks.Infrastructure.Tests&#xD;
[xUnit.net 00:00:00.07]   Starting:    WindowsTrayTasks.Infrastructure.Tests&#xD;
[xUnit.net 00:00:00.53]   Finished:    WindowsTrayTasks.Infrastructure.Tests&#xD;
</StdOut>
    </Output>
  </ResultSummary>
</TestRun>