<?xml version="1.0" encoding="utf-8"?>
<TestRun id="b0ec5859-98b4-4a11-a645-ebf0e3ef07dd" name="frsks@WORKSTATION 2026-05-01 16:35:59" runUser="WORKSTATION\frsks" xmlns="http://microsoft.com/schemas/VisualStudio/TeamTest/2010">
  <Times creation="2026-05-01T16:35:59.9280014+02:00" queuing="2026-05-01T16:35:59.9280019+02:00" start="2026-05-01T16:35:59.3887659+02:00" finish="2026-05-01T16:35:59.9600723+02:00" />
  <TestSettings name="default" id="7ea3d53f-2199-41ab-801c-d7ff67cfce41">
    <Deployment runDeploymentRoot="frsks_WORKSTATION_2026-05-01_16_35_59" />
  </TestSettings>
  <Results>
    <UnitTestResult executionId="2abbdc75-6b5d-4559-9abc-e010e9b3ec70" testId="7e9defaf-985b-b6eb-9d89-ef38b7af6a93" testName="WindowsTrayTasks.Domain.Tests.ReminderScannerTests.Scan_PastNextFireAt_MarksOverdueAndAdvances" computerName="WORKSTATION" duration="00:00:00.0110527" startTime="2026-05-01T16:35:59.9006457+02:00" endTime="2026-05-01T16:35:59.9006459+02:00" testType="13cdc9d9-ddb5-4fa4-a97d-d965ccfc6d4b" outcome="Passed" testListId="8c84fa94-04c1-424b-9868-57a2d4851a1d" relativeResultsDirectory="2abbdc75-6b5d-4559-9abc-e010e9b3ec70" />
    <UnitTestResult executionId="fd2b3144-5cec-420e-b5c3-78f937082a6c" testId="87566720-db73-d387-ec6b-3f003dc0740c" testName="WindowsTrayTasks.Domain.Tests.DateInputParserTests.Parse_ExplicitDateTime_ReturnsUtcInstant" computerName="WORKSTATION" duration="00:00:00.0020087" startTime="2026-05-01T16:35:59.9016252+02:00" endTime="2026-05-01T16:35:59.9016252+02:00" testType="13cdc9d9-ddb5-4fa4-a97d-d965ccfc6d4b" outcome="Passed" testListId="8c84fa94-04c1-424b-9868-57a2d4851a1d" relativeResultsDirectory="fd2b3144-5cec-420e-b5c3-78f937082a6c" />
    <UnitTestResult executionId="84c26594-e2ad-414f-bade-8844ef5bb223" testId="c5a6f463-4dc2-6f5f-57dd-9810b94e4f28" testName="WindowsTrayTasks.Domain.Tests.EntityFactoryTests.CreateTask_UsesInjectedClockAndIds" computerName="WORKSTATION" duration="00:00:00.0034108" startTime="2026-05-01T16:35:59.9011417+02:00" endTime="2026-05-01T16:35:59.9011417+02:00" testType="13cdc9d9-ddb5-4fa4-a97d-d965ccfc6d4b" outcome="Passed" testListId="8c84fa94-04c1-424b-9868-57a2d4851a1d" relativeResultsDirectory="84c26594-e2ad-414f-bade-8844ef5bb223" />
    <UnitTestResult executionId="d1cc6686-4d00-4f76-9340-3d32f182b222" testId="ecd2a25e-e216-2b3d-6ed8-84776255cdeb" testName="WindowsTrayTasks.Domain.Tests.DateInputParserTests.Parse_RelativeInput_ReturnsNowPlusOffset(input: &quot;+1d&quot;, hours: 24, minutes: 0, seconds: 0)" computerName="WORKSTATION" duration="00:00:00.0037152" startTime="2026-05-01T16:35:59.8996581+02:00" endTime="2026-05-01T16:35:59.8996582+02:00" testType="13cdc9d9-ddb5-4fa4-a97d-d965ccfc6d4b" outcome="Passed" testListId="8c84fa94-04c1-424b-9868-57a2d4851a1d" relativeResultsDirectory="d1cc6686-4d00-4f76-9340-3d32f182b222" />
    <UnitTestResult executionId="275934a8-5311-41a9-874b-3d138eacd510" testId="2d1c1d64-edef-3e88-7818-84df5ae5a509" testName="WindowsTrayTasks.Domain.Tests.TagExtractorTests.Normalize_TrimsAtSignAndLowercases" computerName="WORKSTATION" duration="00:00:00.0005310" startTime="2026-05-01T16:35:59.9011659+02:00" endTime="2026-05-01T16:35:59.9011659+02:00" testType="13cdc9d9-ddb5-4fa4-a97d-d965ccfc6d4b" outcome="Passed" testListId="8c84fa94-04c1-424b-9868-57a2d4851a1d" relativeResultsDirectory="275934a8-5311-41a9-874b-3d138eacd510" />
    <UnitTestResult executionId="cd6aaa3a-957f-4056-8722-9410780ed994" testId="6415fa25-b3e0-b9ff-a2de-91164561c095" testName="WindowsTrayTasks.Domain.Tests.TagExtractorTests.ExtractTags_AtHome_ReturnsHome" computerName="WORKSTATION" duration="00:00:00.0001598" startTime="2026-05-01T16:35:59.9011958+02:00" endTime="2026-05-01T16:35:59.9011959+02:00" testType="13cdc9d9-ddb5-4fa4-a97d-d965ccfc6d4b" outcome="Passed" testListId="8c84fa94-04c1-424b-9868-57a2d4851a1d" relativeResultsDirectory="cd6aaa3a-957f-4056-8722-9410780ed994" />
    <UnitTestResult executionId="bfa5a1d5-3ac6-4823-82c8-9d839ae596ce" testId="304d4931-fbeb-f69b-5a95-e3eb45af097d" testName="WindowsTrayTasks.Domain.Tests.SortOrderMathTests.Between_TwoNeighbors_ReturnsMidpoint" computerName="WORKSTATION" duration="00:00:00.0001093" startTime="2026-05-01T16:35:59.8994907+02:00" endTime="2026-05-01T16:35:59.8994908+02:00" testType="13cdc9d9-ddb5-4fa4-a97d-d965ccfc6d4b" outcome="Passed" testListId="8c84fa94-04c1-424b-9868-57a2d4851a1d" relativeResultsDirectory="bfa5a1d5-3ac6-4823-82c8-9d839ae596ce" />
    <UnitTestResult executionId="3f06c83a-b305-4c0a-a437-3b17343bf7a1" testId="80604154-3edc-7af6-f14b-5f6e650d6091" testName="WindowsTrayTasks.Domain.Tests.EntityFactoryTests.FakeClock_AdvanceAndSet_ControlsUtcNow" computerName="WORKSTATION" duration="00:00:00.0048254" startTime="2026-05-01T16:35:59.8735016+02:00" endTime="2026-05-01T16:35:59.8735190+02:00" testType="13cdc9d9-ddb5-4fa4-a97d-d965ccfc6d4b" outcome="Passed" testListId="8c84fa94-04c1-424b-9868-57a2d4851a1d" relativeResultsDirectory="3f06c83a-b305-4c0a-a437-3b17343bf7a1" />
    <UnitTestResult executionId="221fd8ee-3ce6-4de2-b305-39b8849a15e9" testId="d839afc7-5936-9fce-27f9-0cd1dce2a4a2" testName="WindowsTrayTasks.Domain.Tests.TagExtractorTests.ExtractTags_HyphenUnderscoreDot_AreAllowedInsideToken" computerName="WORKSTATION" duration="00:00:00.0118716" startTime="2026-05-01T16:35:59.9008307+02:00" endTime="2026-05-01T16:35:59.9008308+02:00" testType="13cdc9d9-ddb5-4fa4-a97d-d965ccfc6d4b" outcome="Passed" testListId="8c84fa94-04c1-424b-9868-57a2d4851a1d" relativeResultsDirectory="221fd8ee-3ce6-4de2-b305-39b8849a15e9" />
    <UnitTestResult executionId="46f69917-baa3-4933-bc3f-efac9e347f18" testId="3d63889b-8e9e-dd22-256d-cec2ceb5d0bd" testName="WindowsTrayTasks.Domain.Tests.TaskFilterTests.Apply_OverdueMode_ReturnsTasksWithDueReminder" computerName="WORKSTATION" duration="00:00:00.0009538" startTime="2026-05-01T16:35:59.8996231+02:00" endTime="2026-05-01T16:35:59.8996231+02:00" testType="13cdc9d9-ddb5-4fa4-a97d-d965ccfc6d4b" outcome="Passed" testListId="8c84fa94-04c1-424b-9868-57a2d4851a1d" relativeResultsDirectory="46f69917-baa3-4933-bc3f-efac9e347f18" />
    <UnitTestResult executionId="b34531c5-82ad-4928-8243-3ba5970e4052" testId="e0eca087-bd43-51e0-4a4e-379638fa5b61" testName="WindowsTrayTasks.Domain.Tests.TaskFilterTests.Apply_UntaggedOnly_ExcludesTaggedTasks" computerName="WORKSTATION" duration="00:00:00.0089055" startTime="2026-05-01T16:35:59.8995410+02:00" endTime="2026-05-01T16:35:59.8995410+02:00" testType="13cdc9d9-ddb5-4fa4-a97d-d965ccfc6d4b" outcome="Passed" testListId="8c84fa94-04c1-424b-9868-57a2d4851a1d" relativeResultsDirectory="b34531c5-82ad-4928-8243-3ba5970e4052" />
    <UnitTestResult executionId="31df9d12-906a-405e-a179-7a4b6c6c3e12" testId="c50e4d8a-281e-a1c7-5f68-acd2ce0cc207" testName="WindowsTrayTasks.Domain.Tests.SortOrderMathTests.Between_BottomOfList_ReturnsHigherThanPrevious" computerName="WORKSTATION" duration="00:00:00.0000833" startTime="2026-05-01T16:35:59.8995265+02:00" endTime="2026-05-01T16:35:59.8995265+02:00" testType="13cdc9d9-ddb5-4fa4-a97d-d965ccfc6d4b" outcome="Passed" testListId="8c84fa94-04c1-424b-9868-57a2d4851a1d" relativeResultsDirectory="31df9d12-906a-405e-a179-7a4b6c6c3e12" />
    <UnitTestResult executionId="181468a5-2a04-433b-a86d-810cb984c7e1" testId="5e6327bd-dbc0-1fae-524d-b8a361315e30" testName="WindowsTrayTasks.Domain.Tests.ReminderScannerTests.Scan_MultiplePastReminders_CoalescesIntoOneResultList" computerName="WORKSTATION" duration="00:00:00.0024493" startTime="2026-05-01T16:35:59.9013237+02:00" endTime="2026-05-01T16:35:59.9013238+02:00" testType="13cdc9d9-ddb5-4fa4-a97d-d965ccfc6d4b" outcome="Passed" testListId="8c84fa94-04c1-424b-9868-57a2d4851a1d" relativeResultsDirectory="181468a5-2a04-433b-a86d-810cb984c7e1" />
    <UnitTestResult executionId="fa0068d6-dc5d-434e-ad38-c869f795f139" testId="18f81a39-e655-1908-c3c1-18df6036603f" testName="WindowsTrayTasks.Domain.Tests.EntityFactoryTests.SequentialIdGenerator_NewId_ReturnsStableIncreasingIds" computerName="WORKSTATION" duration="00:00:00.0016474" startTime="2026-05-01T16:35:59.8995578+02:00" endTime="2026-05-01T16:35:59.8995578+02:00" testType="13cdc9d9-ddb5-4fa4-a97d-d965ccfc6d4b" outcome="Passed" testListId="8c84fa94-04c1-424b-9868-57a2d4851a1d" relativeResultsDirectory="fa0068d6-dc5d-434e-ad38-c869f795f139" />
    <UnitTestResult executionId="4eff06bd-05f5-48a9-af70-983bb9073e06" testId="7d09d2bb-20de-f555-181c-13f94c39a9c6" testName="WindowsTrayTasks.Domain.Tests.TagExtractorTests.ExtractTags_EmailAddress_IsNotExtracted" computerName="WORKSTATION" duration="00:00:00.0002757" startTime="2026-05-01T16:35:59.9012218+02:00" endTime="2026-05-01T16:35:59.9012218+02:00" testType="13cdc9d9-ddb5-4fa4-a97d-d965ccfc6d4b" outcome="Passed" testListId="8c84fa94-04c1-424b-9868-57a2d4851a1d" relativeResultsDirectory="4eff06bd-05f5-48a9-af70-983bb9073e06" />
    <UnitTestResult executionId="115719f4-ba41-42d1-aa51-8e67c43e6501" testId="57378ada-ada7-c794-56ad-5e87dfdc5204" testName="WindowsTrayTasks.Domain.Tests.TagExtractorTests.ExtractTags_TrailingPunctuation_StripsPunctuation" computerName="WORKSTATION" duration="00:00:00.0000979" startTime="2026-05-01T16:35:59.9012516+02:00" endTime="2026-05-01T16:35:59.9012516+02:00" testType="13cdc9d9-ddb5-4fa4-a97d-d965ccfc6d4b" outcome="Passed" testListId="8c84fa94-04c1-424b-9868-57a2d4851a1d" relativeResultsDirectory="115719f4-ba41-42d1-aa51-8e67c43e6501" />
    <UnitTestResult executionId="6c86b2fd-c2a6-4bbf-afcd-430c710fbd18" testId="ed0d5a45-f068-b380-df4d-e57817df76d0" testName="WindowsTrayTasks.Domain.Tests.SortOrderMathTests.NeedsRenumber_GapBelowMinimum_ReturnsTrue" computerName="WORKSTATION" duration="00:00:00.0002098" startTime="2026-05-01T16:35:59.8993134+02:00" endTime="2026-05-01T16:35:59.8993136+02:00" testType="13cdc9d9-ddb5-4fa4-a97d-d965ccfc6d4b" outcome="Passed" testListId="8c84fa94-04c1-424b-9868-57a2d4851a1d" relativeResultsDirectory="6c86b2fd-c2a6-4bbf-afcd-430c710fbd18" />
    <UnitTestResult executionId="45723347-6d66-45f0-8e71-27fbc87aebf3" testId="8d2a6f42-8485-ce0d-6b3b-6be233f90474" testName="WindowsTrayTasks.Domain.Tests.DateInputParserTests.Parse_EmptyInput_ReturnsNull(input: &quot;   &quot;)" computerName="WORKSTATION" duration="00:00:00.0048032" startTime="2026-05-01T16:35:59.8756703+02:00" endTime="2026-05-01T16:35:59.8756703+02:00" testType="13cdc9d9-ddb5-4fa4-a97d-d965ccfc6d4b" outcome="Passed" testListId="8c84fa94-04c1-424b-9868-57a2d4851a1d" relativeResultsDirectory="45723347-6d66-45f0-8e71-27fbc87aebf3" />
    <UnitTestResult executionId="31f386a8-c924-48b5-afc6-c391fa8ea062" testId="e399cea5-b2dd-f1ef-9385-2a0f0e37729d" testName="WindowsTrayTasks.Domain.Tests.SortOrderMathTests.Between_TopOfList_ReturnsLowerThanNext" computerName="WORKSTATION" duration="00:00:00.0066837" startTime="2026-05-01T16:35:59.8759429+02:00" endTime="2026-05-01T16:35:59.8759429+02:00" testType="13cdc9d9-ddb5-4fa4-a97d-d965ccfc6d4b" outcome="Passed" testListId="8c84fa94-04c1-424b-9868-57a2d4851a1d" relativeResultsDirectory="31f386a8-c924-48b5-afc6-c391fa8ea062" />
    <UnitTestResult executionId="02aff8ec-5769-462c-a6c9-ccdba86e8f51" testId="26231397-8218-75bf-a020-90a39229e24c" testName="WindowsTrayTasks.Domain.Tests.ReminderScannerTests.Scan_DisabledReminder_DoesNotFire" computerName="WORKSTATION" duration="00:00:00.0002486" startTime="2026-05-01T16:35:59.9016817+02:00" endTime="2026-05-01T16:35:59.9016817+02:00" testType="13cdc9d9-ddb5-4fa4-a97d-d965ccfc6d4b" outcome="Passed" testListId="8c84fa94-04c1-424b-9868-57a2d4851a1d" relativeResultsDirectory="02aff8ec-5769-462c-a6c9-ccdba86e8f51" />
    <UnitTestResult executionId="a4d19205-5885-4af1-8ae5-739c64cfa7d6" testId="d921263b-db6d-5c94-5237-19665d547c21" testName="WindowsTrayTasks.Domain.Tests.DateInputParserTests.Parse_RelativeInput_ReturnsNowPlusOffset(input: &quot;+5m&quot;, hours: 0, minutes: 5, seconds: 0)" computerName="WORKSTATION" duration="00:00:00.0002446" startTime="2026-05-01T16:35:59.9007238+02:00" endTime="2026-05-01T16:35:59.9007238+02:00" testType="13cdc9d9-ddb5-4fa4-a97d-d965ccfc6d4b" outcome="Passed" testListId="8c84fa94-04c1-424b-9868-57a2d4851a1d" relativeResultsDirectory="a4d19205-5885-4af1-8ae5-739c64cfa7d6" />
    <UnitTestResult executionId="c1dcebce-c03d-485e-95c6-008422ad6f14" testId="5cc03db7-2b40-cad3-7fdf-2402287b685a" testName="WindowsTrayTasks.Domain.Tests.TaskFilterTests.Apply_SearchText_MatchesTitleAndNotes" computerName="WORKSTATION" duration="00:00:00.0020025" startTime="2026-05-01T16:35:59.9012953+02:00" endTime="2026-05-01T16:35:59.9012954+02:00" testType="13cdc9d9-ddb5-4fa4-a97d-d965ccfc6d4b" outcome="Passed" testListId="8c84fa94-04c1-424b-9868-57a2d4851a1d" relativeResultsDirectory="c1dcebce-c03d-485e-95c6-008422ad6f14" />
    <UnitTestResult executionId="804fa542-593b-4398-a097-cf4ffc62654b" testId="9f326d94-8299-2b6f-d84a-463509fdd83e" testName="WindowsTrayTasks.Domain.Tests.DateInputParserTests.Parse_RelativeInput_ReturnsNowPlusOffset(input: &quot;+2h&quot;, hours: 2, minutes: 0, seconds: 0)" computerName="WORKSTATION" duration="00:00:00.0000071" startTime="2026-05-01T16:35:59.9007444+02:00" endTime="2026-05-01T16:35:59.9007444+02:00" testType="13cdc9d9-ddb5-4fa4-a97d-d965ccfc6d4b" outcome="Passed" testListId="8c84fa94-04c1-424b-9868-57a2d4851a1d" relativeResultsDirectory="804fa542-593b-4398-a097-cf4ffc62654b" />
    <UnitTestResult executionId="ea6f9faa-25a9-4310-a59a-9fd196fc08c2" testId="3167c69e-917f-400e-49f4-bfc38ab25875" testName="WindowsTrayTasks.Domain.Tests.DateInputParserTests.Parse_EmptyInput_ReturnsNull(input: &quot;&quot;)" computerName="WORKSTATION" duration="00:00:00.0000975" startTime="2026-05-01T16:35:59.8767826+02:00" endTime="2026-05-01T16:35:59.8767827+02:00" testType="13cdc9d9-ddb5-4fa4-a97d-d965ccfc6d4b" outcome="Passed" testListId="8c84fa94-04c1-424b-9868-57a2d4851a1d" relativeResultsDirectory="ea6f9faa-25a9-4310-a59a-9fd196fc08c2" />
    <UnitTestResult executionId="dce66b7f-b964-47c8-95fc-2f492dcb038e" testId="d052a780-ffc9-f2b1-2092-4ba16518aca4" testName="WindowsTrayTasks.Domain.Tests.DateInputParserTests.Parse_InvalidRelativeUnit_ReturnsNull" computerName="WORKSTATION" duration="00:00:00.0000872" startTime="2026-05-01T16:35:59.9007730+02:00" endTime="2026-05-01T16:35:59.9007731+02:00" testType="13cdc9d9-ddb5-4fa4-a97d-d965ccfc6d4b" outcome="Passed" testListId="8c84fa94-04c1-424b-9868-57a2d4851a1d" relativeResultsDirectory="dce66b7f-b964-47c8-95fc-2f492dcb038e" />
    <UnitTestResult executionId="2eee5e48-c3c4-4b2d-8201-5d91199feaaa" testId="1f3942f7-881d-7016-1c35-941acc2d38b0" testName="WindowsTrayTasks.Domain.Tests.TaskFilterTests.Apply_ComposedFilter_AndsPageStateDateSearchAndTags" computerName="WORKSTATION" duration="00:00:00.0012656" startTime="2026-05-01T16:35:59.9006910+02:00" endTime="2026-05-01T16:35:59.9006910+02:00" testType="13cdc9d9-ddb5-4fa4-a97d-d965ccfc6d4b" outcome="Passed" testListId="8c84fa94-04c1-424b-9868-57a2d4851a1d" relativeResultsDirectory="2eee5e48-c3c4-4b2d-8201-5d91199feaaa" />
    <UnitTestResult executionId="711586cb-b9e4-4eda-9158-ed2dd26d6682" testId="87e75758-7345-11c6-12cb-8ed4fab552d3" testName="WindowsTrayTasks.Domain.Tests.TaskFilterTests.Apply_StateMode_ReturnsOnlyMatchingState" computerName="WORKSTATION" duration="00:00:00.0002575" startTime="2026-05-01T16:35:59.9013371+02:00" endTime="2026-05-01T16:35:59.9013371+02:00" testType="13cdc9d9-ddb5-4fa4-a97d-d965ccfc6d4b" outcome="Passed" testListId="8c84fa94-04c1-424b-9868-57a2d4851a1d" relativeResultsDirectory="711586cb-b9e4-4eda-9158-ed2dd26d6682" />
    <UnitTestResult executionId="1a740981-866b-4650-88f6-6f173ed0ecb9" testId="16ca371b-962a-5c71-577d-0dcc89d60b59" testName="WindowsTrayTasks.Domain.Tests.ReminderScannerTests.Scan_FutureNextFireAt_DoesNotFire" computerName="WORKSTATION" duration="00:00:00.0002955" startTime="2026-05-01T16:35:59.9017140+02:00" endTime="2026-05-01T16:35:59.9017140+02:00" testType="13cdc9d9-ddb5-4fa4-a97d-d965ccfc6d4b" outcome="Passed" testListId="8c84fa94-04c1-424b-9868-57a2d4851a1d" relativeResultsDirectory="1a740981-866b-4650-88f6-6f173ed0ecb9" />
    <UnitTestResult executionId="9cc25432-8b1d-41a2-b4bb-65c38c290b98" testId="744ff5cb-0fef-f886-21e5-71298126b0e7" testName="WindowsTrayTasks.Domain.Tests.TagExtractorTests.ExtractTags_Duplicates_AreReturnedOnce" computerName="WORKSTATION" duration="00:00:00.0000988" startTime="2026-05-01T16:35:59.9012810+02:00" endTime="2026-05-01T16:35:59.9012810+02:00" testType="13cdc9d9-ddb5-4fa4-a97d-d965ccfc6d4b" outcome="Passed" testListId="8c84fa94-04c1-424b-9868-57a2d4851a1d" relativeResultsDirectory="9cc25432-8b1d-41a2-b4bb-65c38c290b98" />
    <UnitTestResult executionId="fa98dc6e-5bd4-4106-96c2-0192ebf799de" testId="3288e09c-5fe6-6166-5194-cdc7454dae9c" testName="WindowsTrayTasks.Domain.Tests.DateInputParserTests.Parse_NullInput_ReturnsNull" computerName="WORKSTATION" duration="00:00:00.0000671" startTime="2026-05-01T16:35:59.9008018+02:00" endTime="2026-05-01T16:35:59.9008018+02:00" testType="13cdc9d9-ddb5-4fa4-a97d-d965ccfc6d4b" outcome="Passed" testListId="8c84fa94-04c1-424b-9868-57a2d4851a1d" relativeResultsDirectory="fa98dc6e-5bd4-4106-96c2-0192ebf799de" />
  </Results>
  <TestDefinitions>
    <UnitTest name="WindowsTrayTasks.Domain.Tests.TaskFilterTests.Apply_StateMode_ReturnsOnlyMatchingState" storage="c:\users\frsks\onedrive\desktop\repositories\todo-app\todo_app\tests\domain.tests\bin\debug\net9.0\windowstraytasks.domain.tests.dll" id="87e75758-7345-11c6-12cb-8ed4fab552d3">
      <Execution id="711586cb-b9e4-4eda-9158-ed2dd26d6682" />
      <TestMethod codeBase="C:\Users\frsks\OneDrive\Desktop\Repositories\Todo-App\Todo_App\tests\Domain.Tests\bin\Debug\net9.0\WindowsTrayTasks.Domain.Tests.dll" adapterTypeName="executor://xunit/VsTestRunner2/netcoreapp" className="WindowsTrayTasks.Domain.Tests.TaskFilterTests" name="Apply_StateMode_ReturnsOnlyMatchingState" />
    </UnitTest>
    <UnitTest name="WindowsTrayTasks.Domain.Tests.DateInputParserTests.Parse_EmptyInput_ReturnsNull(input: &quot;   &quot;)" storage="c:\users\frsks\onedrive\desktop\repositories\todo-app\todo_app\tests\domain.tests\bin\debug\net9.0\windowstraytasks.domain.tests.dll" id="8d2a6f42-8485-ce0d-6b3b-6be233f90474">
      <Execution id="45723347-6d66-45f0-8e71-27fbc87aebf3" />
      <TestMethod codeBase="C:\Users\frsks\OneDrive\Desktop\Repositories\Todo-App\Todo_App\tests\Domain.Tests\bin\Debug\net9.0\WindowsTrayTasks.Domain.Tests.dll" adapterTypeName="executor://xunit/VsTestRunner2/netcoreapp" className="WindowsTrayTasks.Domain.Tests.DateInputParserTests" name="Parse_EmptyInput_ReturnsNull" />
    </UnitTest>
    <UnitTest name="WindowsTrayTasks.Domain.Tests.DateInputParserTests.Parse_RelativeInput_ReturnsNowPlusOffset(input: &quot;+1d&quot;, hours: 24, minutes: 0, seconds: 0)" storage="c:\users\frsks\onedrive\desktop\repositories\todo-app\todo_app\tests\domain.tests\bin\debug\net9.0\windowstraytasks.domain.tests.dll" id="ecd2a25e-e216-2b3d-6ed8-84776255cdeb">
      <Execution id="d1cc6686-4d00-4f76-9340-3d32f182b222" />
      <TestMethod codeBase="C:\Users\frsks\OneDrive\Desktop\Repositories\Todo-App\Todo_App\tests\Domain.Tests\bin\Debug\net9.0\WindowsTrayTasks.Domain.Tests.dll" adapterTypeName="executor://xunit/VsTestRunner2/netcoreapp" className="WindowsTrayTasks.Domain.Tests.DateInputParserTests" name="Parse_RelativeInput_ReturnsNowPlusOffset" />
    </UnitTest>
    <UnitTest name="WindowsTrayTasks.Domain.Tests.TaskFilterTests.Apply_SearchText_MatchesTitleAndNotes" storage="c:\users\frsks\onedrive\desktop\repositories\todo-app\todo_app\tests\domain.tests\bin\debug\net9.0\windowstraytasks.domain.tests.dll" id="5cc03db7-2b40-cad3-7fdf-2402287b685a">
      <Execution id="c1dcebce-c03d-485e-95c6-008422ad6f14" />
      <TestMethod codeBase="C:\Users\frsks\OneDrive\Desktop\Repositories\Todo-App\Todo_App\tests\Domain.Tests\bin\Debug\net9.0\WindowsTrayTasks.Domain.Tests.dll" adapterTypeName="executor://xunit/VsTestRunner2/netcoreapp" className="WindowsTrayTasks.Domain.Tests.TaskFilterTests" name="Apply_SearchText_MatchesTitleAndNotes" />
    </UnitTest>
    <UnitTest name="WindowsTrayTasks.Domain.Tests.TagExtractorTests.Normalize_TrimsAtSignAndLowercases" storage="c:\users\frsks\onedrive\desktop\repositories\todo-app\todo_app\tests\domain.tests\bin\debug\net9.0\windowstraytasks.domain.tests.dll" id="2d1c1d64-edef-3e88-7818-84df5ae5a509">
      <Execution id="275934a8-5311-41a9-874b-3d138eacd510" />
      <TestMethod codeBase="C:\Users\frsks\OneDrive\Desktop\Repositories\Todo-App\Todo_App\tests\Domain.Tests\bin\Debug\net9.0\WindowsTrayTasks.Domain.Tests.dll" adapterTypeName="executor://xunit/VsTestRunner2/netcoreapp" className="WindowsTrayTasks.Domain.Tests.TagExtractorTests" name="Normalize_TrimsAtSignAndLowercases" />
    </UnitTest>
    <UnitTest name="WindowsTrayTasks.Domain.Tests.EntityFactoryTests.FakeClock_AdvanceAndSet_ControlsUtcNow" storage="c:\users\frsks\onedrive\desktop\repositories\todo-app\todo_app\tests\domain.tests\bin\debug\net9.0\windowstraytasks.domain.tests.dll" id="80604154-3edc-7af6-f14b-5f6e650d6091">
      <Execution id="3f06c83a-b305-4c0a-a437-3b17343bf7a1" />
      <TestMethod codeBase="C:\Users\frsks\OneDrive\Desktop\Repositories\Todo-App\Todo_App\tests\Domain.Tests\bin\Debug\net9.0\WindowsTrayTasks.Domain.Tests.dll" adapterTypeName="executor://xunit/VsTestRunner2/netcoreapp" className="WindowsTrayTasks.Domain.Tests.EntityFactoryTests" name="FakeClock_AdvanceAndSet_ControlsUtcNow" />
    </UnitTest>
    <UnitTest name="WindowsTrayTasks.Domain.Tests.TagExtractorTests.ExtractTags_Duplicates_AreReturnedOnce" storage="c:\users\frsks\onedrive\desktop\repositories\todo-app\todo_app\tests\domain.tests\bin\debug\net9.0\windowstraytasks.domain.tests.dll" id="744ff5cb-0fef-f886-21e5-71298126b0e7">
      <Execution id="9cc25432-8b1d-41a2-b4bb-65c38c290b98" />
      <TestMethod codeBase="C:\Users\frsks\OneDrive\Desktop\Repositories\Todo-App\Todo_App\tests\Domain.Tests\bin\Debug\net9.0\WindowsTrayTasks.Domain.Tests.dll" adapterTypeName="executor://xunit/VsTestRunner2/netcoreapp" className="WindowsTrayTasks.Domain.Tests.TagExtractorTests" name="ExtractTags_Duplicates_AreReturnedOnce" />
    </UnitTest>
    <UnitTest name="WindowsTrayTasks.Domain.Tests.DateInputParserTests.Parse_EmptyInput_ReturnsNull(input: &quot;&quot;)" storage="c:\users\frsks\onedrive\desktop\repositories\todo-app\todo_app\tests\domain.tests\bin\debug\net9.0\windowstraytasks.domain.tests.dll" id="3167c69e-917f-400e-49f4-bfc38ab25875">
      <Execution id="ea6f9faa-25a9-4310-a59a-9fd196fc08c2" />
      <TestMethod codeBase="C:\Users\frsks\OneDrive\Desktop\Repositories\Todo-App\Todo_App\tests\Domain.Tests\bin\Debug\net9.0\WindowsTrayTasks.Domain.Tests.dll" adapterTypeName="executor://xunit/VsTestRunner2/netcoreapp" className="WindowsTrayTasks.Domain.Tests.DateInputParserTests" name="Parse_EmptyInput_ReturnsNull" />
    </UnitTest>
    <UnitTest name="WindowsTrayTasks.Domain.Tests.DateInputParserTests.Parse_RelativeInput_ReturnsNowPlusOffset(input: &quot;+2h&quot;, hours: 2, minutes: 0, seconds: 0)" storage="c:\users\frsks\onedrive\desktop\repositories\todo-app\todo_app\tests\domain.tests\bin\debug\net9.0\windowstraytasks.domain.tests.dll" id="9f326d94-8299-2b6f-d84a-463509fdd83e">
      <Execution id="804fa542-593b-4398-a097-cf4ffc62654b" />
      <TestMethod codeBase="C:\Users\frsks\OneDrive\Desktop\Repositories\Todo-App\Todo_App\tests\Domain.Tests\bin\Debug\net9.0\WindowsTrayTasks.Domain.Tests.dll" adapterTypeName="executor://xunit/VsTestRunner2/netcoreapp" className="WindowsTrayTasks.Domain.Tests.DateInputParserTests" name="Parse_RelativeInput_ReturnsNowPlusOffset" />
    </UnitTest>
    <UnitTest name="WindowsTrayTasks.Domain.Tests.ReminderScannerTests.Scan_PastNextFireAt_MarksOverdueAndAdvances" storage="c:\users\frsks\onedrive\desktop\repositories\todo-app\todo_app\tests\domain.tests\bin\debug\net9.0\windowstraytasks.domain.tests.dll" id="7e9defaf-985b-b6eb-9d89-ef38b7af6a93">
      <Execution id="2abbdc75-6b5d-4559-9abc-e010e9b3ec70" />
      <TestMethod codeBase="C:\Users\frsks\OneDrive\Desktop\Repositories\Todo-App\Todo_App\tests\Domain.Tests\bin\Debug\net9.0\WindowsTrayTasks.Domain.Tests.dll" adapterTypeName="executor://xunit/VsTestRunner2/netcoreapp" className="WindowsTrayTasks.Domain.Tests.ReminderScannerTests" name="Scan_PastNextFireAt_MarksOverdueAndAdvances" />
    </UnitTest>
    <UnitTest name="WindowsTrayTasks.Domain.Tests.TagExtractorTests.ExtractTags_HyphenUnderscoreDot_AreAllowedInsideToken" storage="c:\users\frsks\onedrive\desktop\repositories\todo-app\todo_app\tests\domain.tests\bin\debug\net9.0\windowstraytasks.domain.tests.dll" id="d839afc7-5936-9fce-27f9-0cd1dce2a4a2">
      <Execution id="221fd8ee-3ce6-4de2-b305-39b8849a15e9" />
      <TestMethod codeBase="C:\Users\frsks\OneDrive\Desktop\Repositories\Todo-App\Todo_App\tests\Domain.Tests\bin\Debug\net9.0\WindowsTrayTasks.Domain.Tests.dll" adapterTypeName="executor://xunit/VsTestRunner2/netcoreapp" className="WindowsTrayTasks.Domain.Tests.TagExtractorTests" name="ExtractTags_HyphenUnderscoreDot_AreAllowedInsideToken" />
    </UnitTest>
    <UnitTest name="WindowsTrayTasks.Domain.Tests.ReminderScannerTests.Scan_DisabledReminder_DoesNotFire" storage="c:\users\frsks\onedrive\desktop\repositories\todo-app\todo_app\tests\domain.tests\bin\debug\net9.0\windowstraytasks.domain.tests.dll" id="26231397-8218-75bf-a020-90a39229e24c">
      <Execution id="02aff8ec-5769-462c-a6c9-ccdba86e8f51" />
      <TestMethod codeBase="C:\Users\frsks\OneDrive\Desktop\Repositories\Todo-App\Todo_App\tests\Domain.Tests\bin\Debug\net9.0\WindowsTrayTasks.Domain.Tests.dll" adapterTypeName="executor://xunit/VsTestRunner2/netcoreapp" className="WindowsTrayTasks.Domain.Tests.ReminderScannerTests" name="Scan_DisabledReminder_DoesNotFire" />
    </UnitTest>
    <UnitTest name="WindowsTrayTasks.Domain.Tests.DateInputParserTests.Parse_InvalidRelativeUnit_ReturnsNull" storage="c:\users\frsks\onedrive\desktop\repositories\todo-app\todo_app\tests\domain.tests\bin\debug\net9.0\windowstraytasks.domain.tests.dll" id="d052a780-ffc9-f2b1-2092-4ba16518aca4">
      <Execution id="dce66b7f-b964-47c8-95fc-2f492dcb038e" />
      <TestMethod codeBase="C:\Users\frsks\OneDrive\Desktop\Repositories\Todo-App\Todo_App\tests\Domain.Tests\bin\Debug\net9.0\WindowsTrayTasks.Domain.Tests.dll" adapterTypeName="executor://xunit/VsTestRunner2/netcoreapp" className="WindowsTrayTasks.Domain.Tests.DateInputParserTests" name="Parse_InvalidRelativeUnit_ReturnsNull" />
    </UnitTest>
    <UnitTest name="WindowsTrayTasks.Domain.Tests.SortOrderMathTests.Between_TopOfList_ReturnsLowerThanNext" storage="c:\users\frsks\onedrive\desktop\repositories\todo-app\todo_app\tests\domain.tests\bin\debug\net9.0\windowstraytasks.domain.tests.dll" id="e399cea5-b2dd-f1ef-9385-2a0f0e37729d">
      <Execution id="31f386a8-c924-48b5-afc6-c391fa8ea062" />
      <TestMethod codeBase="C:\Users\frsks\OneDrive\Desktop\Repositories\Todo-App\Todo_App\tests\Domain.Tests\bin\Debug\net9.0\WindowsTrayTasks.Domain.Tests.dll" adapterTypeName="executor://xunit/VsTestRunner2/netcoreapp" className="WindowsTrayTasks.Domain.Tests.SortOrderMathTests" name="Between_TopOfList_ReturnsLowerThanNext" />
    </UnitTest>
    <UnitTest name="WindowsTrayTasks.Domain.Tests.ReminderScannerTests.Scan_FutureNextFireAt_DoesNotFire" storage="c:\users\frsks\onedrive\desktop\repositories\todo-app\todo_app\tests\domain.tests\bin\debug\net9.0\windowstraytasks.domain.tests.dll" id="16ca371b-962a-5c71-577d-0dcc89d60b59">
      <Execution id="1a740981-866b-4650-88f6-6f173ed0ecb9" />
      <TestMethod codeBase="C:\Users\frsks\OneDrive\Desktop\Repositories\Todo-App\Todo_App\tests\Domain.Tests\bin\Debug\net9.0\WindowsTrayTasks.Domain.Tests.dll" adapterTypeName="executor://xunit/VsTestRunner2/netcoreapp" className="WindowsTrayTasks.Domain.Tests.ReminderScannerTests" name="Scan_FutureNextFireAt_DoesNotFire" />
    </UnitTest>
    <UnitTest name="WindowsTrayTasks.Domain.Tests.TagExtractorTests.ExtractTags_AtHome_ReturnsHome" storage="c:\users\frsks\onedrive\desktop\repositories\todo-app\todo_app\tests\domain.tests\bin\debug\net9.0\windowstraytasks.domain.tests.dll" id="6415fa25-b3e0-b9ff-a2de-91164561c095">
      <Execution id="cd6aaa3a-957f-4056-8722-9410780ed994" />
      <TestMethod codeBase="C:\Users\frsks\OneDrive\Desktop\Repositories\Todo-App\Todo_App\tests\Domain.Tests\bin\Debug\net9.0\WindowsTrayTasks.Domain.Tests.dll" adapterTypeName="executor://xunit/VsTestRunner2/netcoreapp" className="WindowsTrayTasks.Domain.Tests.TagExtractorTests" name="ExtractTags_AtHome_ReturnsHome" />
    </UnitTest>
    <UnitTest name="WindowsTrayTasks.Domain.Tests.SortOrderMathTests.NeedsRenumber_GapBelowMinimum_ReturnsTrue" storage="c:\users\frsks\onedrive\desktop\repositories\todo-app\todo_app\tests\domain.tests\bin\debug\net9.0\windowstraytasks.domain.tests.dll" id="ed0d5a45-f068-b380-df4d-e57817df76d0">
      <Execution id="6c86b2fd-c2a6-4bbf-afcd-430c710fbd18" />
      <TestMethod codeBase="C:\Users\frsks\OneDrive\Desktop\Repositories\Todo-App\Todo_App\tests\Domain.Tests\bin\Debug\net9.0\WindowsTrayTasks.Domain.Tests.dll" adapterTypeName="executor://xunit/VsTestRunner2/netcoreapp" className="WindowsTrayTasks.Domain.Tests.SortOrderMathTests" name="NeedsRenumber_GapBelowMinimum_ReturnsTrue" />
    </UnitTest>
    <UnitTest name="WindowsTrayTasks.Domain.Tests.TaskFilterTests.Apply_OverdueMode_ReturnsTasksWithDueReminder" storage="c:\users\frsks\onedrive\desktop\repositories\todo-app\todo_app\tests\domain.tests\bin\debug\net9.0\windowstraytasks.domain.tests.dll" id="3d63889b-8e9e-dd22-256d-cec2ceb5d0bd">
      <Execution id="46f69917-baa3-4933-bc3f-efac9e347f18" />
      <TestMethod codeBase="C:\Users\frsks\OneDrive\Desktop\Repositories\Todo-App\Todo_App\tests\Domain.Tests\bin\Debug\net9.0\WindowsTrayTasks.Domain.Tests.dll" adapterTypeName="executor://xunit/VsTestRunner2/netcoreapp" className="WindowsTrayTasks.Domain.Tests.TaskFilterTests" name="Apply_OverdueMode_ReturnsTasksWithDueReminder" />
    </UnitTest>
    <UnitTest name="WindowsTrayTasks.Domain.Tests.SortOrderMathTests.Between_TwoNeighbors_ReturnsMidpoint" storage="c:\users\frsks\onedrive\desktop\repositories\todo-app\todo_app\tests\domain.tests\bin\debug\net9.0\windowstraytasks.domain.tests.dll" id="304d4931-fbeb-f69b-5a95-e3eb45af097d">
      <Execution id="bfa5a1d5-3ac6-4823-82c8-9d839ae596ce" />
      <TestMethod codeBase="C:\Users\frsks\OneDrive\Desktop\Repositories\Todo-App\Todo_App\tests\Domain.Tests\bin\Debug\net9.0\WindowsTrayTasks.Domain.Tests.dll" adapterTypeName="executor://xunit/VsTestRunner2/netcoreapp" className="WindowsTrayTasks.Domain.Tests.SortOrderMathTests" name="Between_TwoNeighbors_ReturnsMidpoint" />
    </UnitTest>
    <UnitTest name="WindowsTrayTasks.Domain.Tests.TaskFilterTests.Apply_ComposedFilter_AndsPageStateDateSearchAndTags" storage="c:\users\frsks\onedrive\desktop\repositories\todo-app\todo_app\tests\domain.tests\bin\debug\net9.0\windowstraytasks.domain.tests.dll" id="1f3942f7-881d-7016-1c35-941acc2d38b0">
      <Execution id="2eee5e48-c3c4-4b2d-8201-5d91199feaaa" />
      <TestMethod codeBase="C:\Users\frsks\OneDrive\Desktop\Repositories\Todo-App\Todo_App\tests\Domain.Tests\bin\Debug\net9.0\WindowsTrayTasks.Domain.Tests.dll" adapterTypeName="executor://xunit/VsTestRunner2/netcoreapp" className="WindowsTrayTasks.Domain.Tests.TaskFilterTests" name="Apply_ComposedFilter_AndsPageStateDateSearchAndTags" />
    </UnitTest>
    <UnitTest name="WindowsTrayTasks.Domain.Tests.DateInputParserTests.Parse_NullInput_ReturnsNull" storage="c:\users\frsks\onedrive\desktop\repositories\todo-app\todo_app\tests\domain.tests\bin\debug\net9.0\windowstraytasks.domain.tests.dll" id="3288e09c-5fe6-6166-5194-cdc7454dae9c">
      <Execution id="fa98dc6e-5bd4-4106-96c2-0192ebf799de" />
      <TestMethod codeBase="C:\Users\frsks\OneDrive\Desktop\Repositories\Todo-App\Todo_App\tests\Domain.Tests\bin\Debug\net9.0\WindowsTrayTasks.Domain.Tests.dll" adapterTypeName="executor://xunit/VsTestRunner2/netcoreapp" className="WindowsTrayTasks.Domain.Tests.DateInputParserTests" name="Parse_NullInput_ReturnsNull" />
    </UnitTest>
    <UnitTest name="WindowsTrayTasks.Domain.Tests.EntityFactoryTests.CreateTask_UsesInjectedClockAndIds" storage="c:\users\frsks\onedrive\desktop\repositories\todo-app\todo_app\tests\domain.tests\bin\debug\net9.0\windowstraytasks.domain.tests.dll" id="c5a6f463-4dc2-6f5f-57dd-9810b94e4f28">
      <Execution id="84c26594-e2ad-414f-bade-8844ef5bb223" />
      <TestMethod codeBase="C:\Users\frsks\OneDrive\Desktop\Repositories\Todo-App\Todo_App\tests\Domain.Tests\bin\Debug\net9.0\WindowsTrayTasks.Domain.Tests.dll" adapterTypeName="executor://xunit/VsTestRunner2/netcoreapp" className="WindowsTrayTasks.Domain.Tests.EntityFactoryTests" name="CreateTask_UsesInjectedClockAndIds" />
    </UnitTest>
    <UnitTest name="WindowsTrayTasks.Domain.Tests.TaskFilterTests.Apply_UntaggedOnly_ExcludesTaggedTasks" storage="c:\users\frsks\onedrive\desktop\repositories\todo-app\todo_app\tests\domain.tests\bin\debug\net9.0\windowstraytasks.domain.tests.dll" id="e0eca087-bd43-51e0-4a4e-379638fa5b61">
      <Execution id="b34531c5-82ad-4928-8243-3ba5970e4052" />
      <TestMethod codeBase="C:\Users\frsks\OneDrive\Desktop\Repositories\Todo-App\Todo_App\tests\Domain.Tests\bin\Debug\net9.0\WindowsTrayTasks.Domain.Tests.dll" adapterTypeName="executor://xunit/VsTestRunner2/netcoreapp" className="WindowsTrayTasks.Domain.Tests.TaskFilterTests" name="Apply_UntaggedOnly_ExcludesTaggedTasks" />
    </UnitTest>
    <UnitTest name="WindowsTrayTasks.Domain.Tests.TagExtractorTests.ExtractTags_TrailingPunctuation_StripsPunctuation" storage="c:\users\frsks\onedrive\desktop\repositories\todo-app\todo_app\tests\domain.tests\bin\debug\net9.0\windowstraytasks.domain.tests.dll" id="57378ada-ada7-c794-56ad-5e87dfdc5204">
      <Execution id="115719f4-ba41-42d1-aa51-8e67c43e6501" />
      <TestMethod codeBase="C:\Users\frsks\OneDrive\Desktop\Repositories\Todo-App\Todo_App\tests\Domain.Tests\bin\Debug\net9.0\WindowsTrayTasks.Domain.Tests.dll" adapterTypeName="executor://xunit/VsTestRunner2/netcoreapp" className="WindowsTrayTasks.Domain.Tests.TagExtractorTests" name="ExtractTags_TrailingPunctuation_StripsPunctuation" />
    </UnitTest>
    <UnitTest name="WindowsTrayTasks.Domain.Tests.TagExtractorTests.ExtractTags_EmailAddress_IsNotExtracted" storage="c:\users\frsks\onedrive\desktop\repositories\todo-app\todo_app\tests\domain.tests\bin\debug\net9.0\windowstraytasks.domain.tests.dll" id="7d09d2bb-20de-f555-181c-13f94c39a9c6">
      <Execution id="4eff06bd-05f5-48a9-af70-983bb9073e06" />
      <TestMethod codeBase="C:\Users\frsks\OneDrive\Desktop\Repositories\Todo-App\Todo_App\tests\Domain.Tests\bin\Debug\net9.0\WindowsTrayTasks.Domain.Tests.dll" adapterTypeName="executor://xunit/VsTestRunner2/netcoreapp" className="WindowsTrayTasks.Domain.Tests.TagExtractorTests" name="ExtractTags_EmailAddress_IsNotExtracted" />
    </UnitTest>
    <UnitTest name="WindowsTrayTasks.Domain.Tests.SortOrderMathTests.Between_BottomOfList_ReturnsHigherThanPrevious" storage="c:\users\frsks\onedrive\desktop\repositories\todo-app\todo_app\tests\domain.tests\bin\debug\net9.0\windowstraytasks.domain.tests.dll" id="c50e4d8a-281e-a1c7-5f68-acd2ce0cc207">
      <Execution id="31df9d12-906a-405e-a179-7a4b6c6c3e12" />
      <TestMethod codeBase="C:\Users\frsks\OneDrive\Desktop\Repositories\Todo-App\Todo_App\tests\Domain.Tests\bin\Debug\net9.0\WindowsTrayTasks.Domain.Tests.dll" adapterTypeName="executor://xunit/VsTestRunner2/netcoreapp" className="WindowsTrayTasks.Domain.Tests.SortOrderMathTests" name="Between_BottomOfList_ReturnsHigherThanPrevious" />
    </UnitTest>
    <UnitTest name="WindowsTrayTasks.Domain.Tests.DateInputParserTests.Parse_ExplicitDateTime_ReturnsUtcInstant" storage="c:\users\frsks\onedrive\desktop\repositories\todo-app\todo_app\tests\domain.tests\bin\debug\net9.0\windowstraytasks.domain.tests.dll" id="87566720-db73-d387-ec6b-3f003dc0740c">
      <Execution id="fd2b3144-5cec-420e-b5c3-78f937082a6c" />
      <TestMethod codeBase="C:\Users\frsks\OneDrive\Desktop\Repositories\Todo-App\Todo_App\tests\Domain.Tests\bin\Debug\net9.0\WindowsTrayTasks.Domain.Tests.dll" adapterTypeName="executor://xunit/VsTestRunner2/netcoreapp" className="WindowsTrayTasks.Domain.Tests.DateInputParserTests" name="Parse_ExplicitDateTime_ReturnsUtcInstant" />
    </UnitTest>
    <UnitTest name="WindowsTrayTasks.Domain.Tests.ReminderScannerTests.Scan_MultiplePastReminders_CoalescesIntoOneResultList" storage="c:\users\frsks\onedrive\desktop\repositories\todo-app\todo_app\tests\domain.tests\bin\debug\net9.0\windowstraytasks.domain.tests.dll" id="5e6327bd-dbc0-1fae-524d-b8a361315e30">
      <Execution id="181468a5-2a04-433b-a86d-810cb984c7e1" />
      <TestMethod codeBase="C:\Users\frsks\OneDrive\Desktop\Repositories\Todo-App\Todo_App\tests\Domain.Tests\bin\Debug\net9.0\WindowsTrayTasks.Domain.Tests.dll" adapterTypeName="executor://xunit/VsTestRunner2/netcoreapp" className="WindowsTrayTasks.Domain.Tests.ReminderScannerTests" name="Scan_MultiplePastReminders_CoalescesIntoOneResultList" />
    </UnitTest>
    <UnitTest name="WindowsTrayTasks.Domain.Tests.DateInputParserTests.Parse_RelativeInput_ReturnsNowPlusOffset(input: &quot;+5m&quot;, hours: 0, minutes: 5, seconds: 0)" storage="c:\users\frsks\onedrive\desktop\repositories\todo-app\todo_app\tests\domain.tests\bin\debug\net9.0\windowstraytasks.domain.tests.dll" id="d921263b-db6d-5c94-5237-19665d547c21">
      <Execution id="a4d19205-5885-4af1-8ae5-739c64cfa7d6" />
      <TestMethod codeBase="C:\Users\frsks\OneDrive\Desktop\Repositories\Todo-App\Todo_App\tests\Domain.Tests\bin\Debug\net9.0\WindowsTrayTasks.Domain.Tests.dll" adapterTypeName="executor://xunit/VsTestRunner2/netcoreapp" className="WindowsTrayTasks.Domain.Tests.DateInputParserTests" name="Parse_RelativeInput_ReturnsNowPlusOffset" />
    </UnitTest>
    <UnitTest name="WindowsTrayTasks.Domain.Tests.EntityFactoryTests.SequentialIdGenerator_NewId_ReturnsStableIncreasingIds" storage="c:\users\frsks\onedrive\desktop\repositories\todo-app\todo_app\tests\domain.tests\bin\debug\net9.0\windowstraytasks.domain.tests.dll" id="18f81a39-e655-1908-c3c1-18df6036603f">
      <Execution id="fa0068d6-dc5d-434e-ad38-c869f795f139" />
      <TestMethod codeBase="C:\Users\frsks\OneDrive\Desktop\Repositories\Todo-App\Todo_App\tests\Domain.Tests\bin\Debug\net9.0\WindowsTrayTasks.Domain.Tests.dll" adapterTypeName="executor://xunit/VsTestRunner2/netcoreapp" className="WindowsTrayTasks.Domain.Tests.EntityFactoryTests" name="SequentialIdGenerator_NewId_ReturnsStableIncreasingIds" />
    </UnitTest>
  </TestDefinitions>
  <TestEntries>
    <TestEntry testId="7e9defaf-985b-b6eb-9d89-ef38b7af6a93" executionId="2abbdc75-6b5d-4559-9abc-e010e9b3ec70" testListId="8c84fa94-04c1-424b-9868-57a2d4851a1d" />
    <TestEntry testId="87566720-db73-d387-ec6b-3f003dc0740c" executionId="fd2b3144-5cec-420e-b5c3-78f937082a6c" testListId="8c84fa94-04c1-424b-9868-57a2d4851a1d" />
    <TestEntry testId="c5a6f463-4dc2-6f5f-57dd-9810b94e4f28" executionId="84c26594-e2ad-414f-bade-8844ef5bb223" testListId="8c84fa94-04c1-424b-9868-57a2d4851a1d" />
    <TestEntry testId="ecd2a25e-e216-2b3d-6ed8-84776255cdeb" executionId="d1cc6686-4d00-4f76-9340-3d32f182b222" testListId="8c84fa94-04c1-424b-9868-57a2d4851a1d" />
    <TestEntry testId="2d1c1d64-edef-3e88-7818-84df5ae5a509" executionId="275934a8-5311-41a9-874b-3d138eacd510" testListId="8c84fa94-04c1-424b-9868-57a2d4851a1d" />
    <TestEntry testId="6415fa25-b3e0-b9ff-a2de-91164561c095" executionId="cd6aaa3a-957f-4056-8722-9410780ed994" testListId="8c84fa94-04c1-424b-9868-57a2d4851a1d" />
    <TestEntry testId="304d4931-fbeb-f69b-5a95-e3eb45af097d" executionId="bfa5a1d5-3ac6-4823-82c8-9d839ae596ce" testListId="8c84fa94-04c1-424b-9868-57a2d4851a1d" />
    <TestEntry testId="80604154-3edc-7af6-f14b-5f6e650d6091" executionId="3f06c83a-b305-4c0a-a437-3b17343bf7a1" testListId="8c84fa94-04c1-424b-9868-57a2d4851a1d" />
    <TestEntry testId="d839afc7-5936-9fce-27f9-0cd1dce2a4a2" executionId="221fd8ee-3ce6-4de2-b305-39b8849a15e9" testListId="8c84fa94-04c1-424b-9868-57a2d4851a1d" />
    <TestEntry testId="3d63889b-8e9e-dd22-256d-cec2ceb5d0bd" executionId="46f69917-baa3-4933-bc3f-efac9e347f18" testListId="8c84fa94-04c1-424b-9868-57a2d4851a1d" />
    <TestEntry testId="e0eca087-bd43-51e0-4a4e-379638fa5b61" executionId="b34531c5-82ad-4928-8243-3ba5970e4052" testListId="8c84fa94-04c1-424b-9868-57a2d4851a1d" />
    <TestEntry testId="c50e4d8a-281e-a1c7-5f68-acd2ce0cc207" executionId="31df9d12-906a-405e-a179-7a4b6c6c3e12" testListId="8c84fa94-04c1-424b-9868-57a2d4851a1d" />
    <TestEntry testId="5e6327bd-dbc0-1fae-524d-b8a361315e30" executionId="181468a5-2a04-433b-a86d-810cb984c7e1" testListId="8c84fa94-04c1-424b-9868-57a2d4851a1d" />
    <TestEntry testId="18f81a39-e655-1908-c3c1-18df6036603f" executionId="fa0068d6-dc5d-434e-ad38-c869f795f139" testListId="8c84fa94-04c1-424b-9868-57a2d4851a1d" />
    <TestEntry testId="7d09d2bb-20de-f555-181c-13f94c39a9c6" executionId="4eff06bd-05f5-48a9-af70-983bb9073e06" testListId="8c84fa94-04c1-424b-9868-57a2d4851a1d" />
    <TestEntry testId="57378ada-ada7-c794-56ad-5e87dfdc5204" executionId="115719f4-ba41-42d1-aa51-8e67c43e6501" testListId="8c84fa94-04c1-424b-9868-57a2d4851a1d" />
    <TestEntry testId="ed0d5a45-f068-b380-df4d-e57817df76d0" executionId="6c86b2fd-c2a6-4bbf-afcd-430c710fbd18" testListId="8c84fa94-04c1-424b-9868-57a2d4851a1d" />
    <TestEntry testId="8d2a6f42-8485-ce0d-6b3b-6be233f90474" executionId="45723347-6d66-45f0-8e71-27fbc87aebf3" testListId="8c84fa94-04c1-424b-9868-57a2d4851a1d" />
    <TestEntry testId="e399cea5-b2dd-f1ef-9385-2a0f0e37729d" executionId="31f386a8-c924-48b5-afc6-c391fa8ea062" testListId="8c84fa94-04c1-424b-9868-57a2d4851a1d" />
    <TestEntry testId="26231397-8218-75bf-a020-90a39229e24c" executionId="02aff8ec-5769-462c-a6c9-ccdba86e8f51" testListId="8c84fa94-04c1-424b-9868-57a2d4851a1d" />
    <TestEntry testId="d921263b-db6d-5c94-5237-19665d547c21" executionId="a4d19205-5885-4af1-8ae5-739c64cfa7d6" testListId="8c84fa94-04c1-424b-9868-57a2d4851a1d" />
    <TestEntry testId="5cc03db7-2b40-cad3-7fdf-2402287b685a" executionId="c1dcebce-c03d-485e-95c6-008422ad6f14" testListId="8c84fa94-04c1-424b-9868-57a2d4851a1d" />
    <TestEntry testId="9f326d94-8299-2b6f-d84a-463509fdd83e" executionId="804fa542-593b-4398-a097-cf4ffc62654b" testListId="8c84fa94-04c1-424b-9868-57a2d4851a1d" />
    <TestEntry testId="3167c69e-917f-400e-49f4-bfc38ab25875" executionId="ea6f9faa-25a9-4310-a59a-9fd196fc08c2" testListId="8c84fa94-04c1-424b-9868-57a2d4851a1d" />
    <TestEntry testId="d052a780-ffc9-f2b1-2092-4ba16518aca4" executionId="dce66b7f-b964-47c8-95fc-2f492dcb038e" testListId="8c84fa94-04c1-424b-9868-57a2d4851a1d" />
    <TestEntry testId="1f3942f7-881d-7016-1c35-941acc2d38b0" executionId="2eee5e48-c3c4-4b2d-8201-5d91199feaaa" testListId="8c84fa94-04c1-424b-9868-57a2d4851a1d" />
    <TestEntry testId="87e75758-7345-11c6-12cb-8ed4fab552d3" executionId="711586cb-b9e4-4eda-9158-ed2dd26d6682" testListId="8c84fa94-04c1-424b-9868-57a2d4851a1d" />
    <TestEntry testId="16ca371b-962a-5c71-577d-0dcc89d60b59" executionId="1a740981-866b-4650-88f6-6f173ed0ecb9" testListId="8c84fa94-04c1-424b-9868-57a2d4851a1d" />
    <TestEntry testId="744ff5cb-0fef-f886-21e5-71298126b0e7" executionId="9cc25432-8b1d-41a2-b4bb-65c38c290b98" testListId="8c84fa94-04c1-424b-9868-57a2d4851a1d" />
    <TestEntry testId="3288e09c-5fe6-6166-5194-cdc7454dae9c" executionId="fa98dc6e-5bd4-4106-96c2-0192ebf799de" testListId="8c84fa94-04c1-424b-9868-57a2d4851a1d" />
  </TestEntries>
  <TestLists>
    <TestList name="Results Not in a List" id="8c84fa94-04c1-424b-9868-57a2d4851a1d" />
    <TestList name="All Loaded Results" id="19431567-8539-422a-85d7-44ee4e166bda" />
  </TestLists>
  <ResultSummary outcome="Completed">
    <Counters total="30" executed="30" passed="30" failed="0" error="0" timeout="0" aborted="0" inconclusive="0" passedButRunAborted="0" notRunnable="0" notExecuted="0" disconnected="0" warning="0" completed="0" inProgress="0" pending="0" />
    <Output>
      <StdOut>[xUnit.net 00:00:00.00] xUnit.net VSTest Adapter v2.8.2+699d445a1a (64-bit .NET 9.0.4)&#xD;
[xUnit.net 00:00:00.07]   Discovering: WindowsTrayTasks.Domain.Tests&#xD;
[xUnit.net 00:00:00.10]   Discovered:  WindowsTrayTasks.Domain.Tests&#xD;
[xUnit.net 00:00:00.10]   Starting:    WindowsTrayTasks.Domain.Tests&#xD;
[xUnit.net 00:00:00.17]   Finished:    WindowsTrayTasks.Domain.Tests&#xD;
</StdOut>
    </Output>
  </ResultSummary>
</TestRun>