<?xml version="1.0" encoding="utf-8"?>
<TestRun id="040b1730-86b0-4e75-9769-e0d8d3d8852e" name="frsks@WORKSTATION 2026-05-03 12:38:47" runUser="WORKSTATION\frsks" xmlns="http://microsoft.com/schemas/VisualStudio/TeamTest/2010">
  <Times creation="2026-05-03T12:38:47.1490692+02:00" queuing="2026-05-03T12:38:47.1490696+02:00" start="2026-05-03T12:38:43.3762552+02:00" finish="2026-05-03T12:38:47.4815743+02:00" />
  <TestSettings name="default" id="ebad06cc-2246-40b0-b328-95dcf34e05a4">
    <Deployment runDeploymentRoot="frsks_WORKSTATION_2026-05-03_12_38_47" />
  </TestSettings>
  <Results>
    <UnitTestResult executionId="af4bd0bb-a8b1-4160-9e42-dcb745b315fa" testId="f430b569-06d8-06ab-7ea9-6bb5417e4b98" testName="WindowsTrayTasks.Infrastructure.Tests.PageTests.Database_ActivePage_RoundTripsThroughSettings" computerName="WORKSTATION" duration="00:00:00.0398507" startTime="2026-05-03T12:38:47.2333359+02:00" endTime="2026-05-03T12:38:47.2333362+02:00" testType="13cdc9d9-ddb5-4fa4-a97d-d965ccfc6d4b" outcome="Passed" testListId="8c84fa94-04c1-424b-9868-57a2d4851a1d" relativeResultsDirectory="af4bd0bb-a8b1-4160-9e42-dcb745b315fa" />
    <UnitTestResult executionId="e104d6b7-7357-4fd6-8211-e2db7c99c7a7" testId="aee3c7f0-27d8-ba17-b575-f71b4aacd806" testName="WindowsTrayTasks.Infrastructure.Tests.DatabaseTests.Initialize_MigratesLegacyTaskStates" computerName="WORKSTATION" duration="00:00:00.0857308" startTime="2026-05-03T12:38:47.3698000+02:00" endTime="2026-05-03T12:38:47.3698002+02:00" testType="13cdc9d9-ddb5-4fa4-a97d-d965ccfc6d4b" outcome="Passed" testListId="8c84fa94-04c1-424b-9868-57a2d4851a1d" relativeResultsDirectory="e104d6b7-7357-4fd6-8211-e2db7c99c7a7" />
    <UnitTestResult executionId="0b92f910-ed80-4422-b6a2-644957a43b41" testId="bdee60a4-8535-a899-b75a-2486739c9096" testName="WindowsTrayTasks.Infrastructure.Tests.PageTests.Database_FreshInit_CreatesDefaultPage" computerName="WORKSTATION" duration="00:00:03.1694287" startTime="2026-05-03T12:38:47.1406433+02:00" endTime="2026-05-03T12:38:47.1406436+02:00" testType="13cdc9d9-ddb5-4fa4-a97d-d965ccfc6d4b" outcome="Passed" testListId="8c84fa94-04c1-424b-9868-57a2d4851a1d" relativeResultsDirectory="0b92f910-ed80-4422-b6a2-644957a43b41" />
    <UnitTestResult executionId="49008754-fbdf-467f-8eee-e46b8592aaa8" testId="1a548b25-5592-0c96-1530-9b340632f2d2" testName="WindowsTrayTasks.Infrastructure.Tests.DatabaseTests.SaveTask_LinkPriorityAndEffort_RoundTrip" computerName="WORKSTATION" duration="00:00:00.0252050" startTime="2026-05-03T12:38:47.3951073+02:00" endTime="2026-05-03T12:38:47.3951076+02:00" testType="13cdc9d9-ddb5-4fa4-a97d-d965ccfc6d4b" outcome="Passed" testListId="8c84fa94-04c1-424b-9868-57a2d4851a1d" relativeResultsDirectory="49008754-fbdf-467f-8eee-e46b8592aaa8" />
    <UnitTestResult executionId="e8808122-18af-4216-9fda-6e972ab63482" testId="cf9cd030-5900-1710-d32a-e523217c8424" testName="WindowsTrayTasks.Infrastructure.Tests.PageTests.Database_SameTagNameOnDifferentPages_CreatesSeparateTags" computerName="WORKSTATION" duration="00:00:00.0356634" startTime="2026-05-03T12:38:47.3265149+02:00" endTime="2026-05-03T12:38:47.3265153+02:00" testType="13cdc9d9-ddb5-4fa4-a97d-d965ccfc6d4b" outcome="Passed" testListId="8c84fa94-04c1-424b-9868-57a2d4851a1d" relativeResultsDirectory="e8808122-18af-4216-9fda-6e972ab63482" />
    <UnitTestResult executionId="f223c095-8106-42c1-a018-ccb04dd75a80" testId="2a6248b2-6941-4162-de32-3f58f45d9157" testName="WindowsTrayTasks.Infrastructure.Tests.DatabaseTests.SaveTask_EmptyId_IsRejected" computerName="WORKSTATION" duration="00:00:00.0325167" startTime="2026-05-03T12:38:47.2839948+02:00" endTime="2026-05-03T12:38:47.2839951+02:00" testType="13cdc9d9-ddb5-4fa4-a97d-d965ccfc6d4b" outcome="Passed" testListId="8c84fa94-04c1-424b-9868-57a2d4851a1d" relativeResultsDirectory="f223c095-8106-42c1-a018-ccb04dd75a80" />
    <UnitTestResult executionId="ca00f1a7-4b1c-4424-aee3-f4cfd5db6d37" testId="32d717d7-1787-36ce-ae97-13c2c87069e5" testName="WindowsTrayTasks.Infrastructure.Tests.PageTests.Database_SaveTaskWithAtTokens_CreatesPageScopedTags" computerName="WORKSTATION" duration="00:00:00.0573026" startTime="2026-05-03T12:38:47.2907349+02:00" endTime="2026-05-03T12:38:47.2907352+02:00" testType="13cdc9d9-ddb5-4fa4-a97d-d965ccfc6d4b" outcome="Passed" testListId="8c84fa94-04c1-424b-9868-57a2d4851a1d" relativeResultsDirectory="ca00f1a7-4b1c-4424-aee3-f4cfd5db6d37" />
    <UnitTestResult executionId="0d5e1abc-7706-47bc-873f-e7c381ecaade" testId="f514f7bc-b918-3a36-3a65-3e2b720d4aaa" testName="WindowsTrayTasks.Infrastructure.Tests.DatabaseTests.CreateTemp_DisposeDeletesDatabaseFiles" computerName="WORKSTATION" duration="00:00:03.1531056" startTime="2026-05-03T12:38:47.1267555+02:00" endTime="2026-05-03T12:38:47.1267748+02:00" testType="13cdc9d9-ddb5-4fa4-a97d-d965ccfc6d4b" outcome="Passed" testListId="8c84fa94-04c1-424b-9868-57a2d4851a1d" relativeResultsDirectory="0d5e1abc-7706-47bc-873f-e7c381ecaade" />
    <UnitTestResult executionId="3e5d312f-4d35-4134-9d46-e5075e96c45b" testId="2471e77e-14e8-6d96-3fbf-1323638c3e5e" testName="WindowsTrayTasks.Infrastructure.Tests.DatabaseTests.SaveReminder_SecondActiveReminderForSameTask_IsRejected" computerName="WORKSTATION" duration="00:00:00.0578663" startTime="2026-05-03T12:38:47.2513589+02:00" endTime="2026-05-03T12:38:47.2513592+02:00" testType="13cdc9d9-ddb5-4fa4-a97d-d965ccfc6d4b" outcome="Passed" testListId="8c84fa94-04c1-424b-9868-57a2d4851a1d" relativeResultsDirectory="3e5d312f-4d35-4134-9d46-e5075e96c45b" />
    <UnitTestResult executionId="1c370b37-bf87-4f9d-98c5-4cfa4a5243c1" testId="ae2287ef-dc7a-a5b8-6d05-b69a268c96ad" testName="WindowsTrayTasks.Infrastructure.Tests.DatabaseTests.SaveReminder_RoundTrips" computerName="WORKSTATION" duration="00:00:00.0233129" startTime="2026-05-03T12:38:47.4414010+02:00" endTime="2026-05-03T12:38:47.4414011+02:00" testType="13cdc9d9-ddb5-4fa4-a97d-d965ccfc6d4b" outcome="Passed" testListId="8c84fa94-04c1-424b-9868-57a2d4851a1d" relativeResultsDirectory="1c370b37-bf87-4f9d-98c5-4cfa4a5243c1" />
    <UnitTestResult executionId="89e466b6-aa95-489a-860f-cd3610769b2d" testId="4881a1bb-574f-3f26-c0c6-b103fa288f5b" testName="WindowsTrayTasks.Infrastructure.Tests.DatabaseTests.SaveTask_RoundTripsThroughReopenedConnection" computerName="WORKSTATION" duration="00:00:00.0669011" startTime="2026-05-03T12:38:47.1935295+02:00" endTime="2026-05-03T12:38:47.1935296+02:00" testType="13cdc9d9-ddb5-4fa4-a97d-d965ccfc6d4b" outcome="Passed" testListId="8c84fa94-04c1-424b-9868-57a2d4851a1d" relativeResultsDirectory="89e466b6-aa95-489a-860f-cd3610769b2d" />
    <UnitTestResult executionId="2c174b22-ab4e-406b-8bb2-8cb03a182c90" testId="b00562b7-ded7-4522-8fa2-8dd6a86ddd2a" testName="WindowsTrayTasks.Infrastructure.Tests.DatabaseTests.SaveHeading_RoundTrips" computerName="WORKSTATION" duration="00:00:00.0228172" startTime="2026-05-03T12:38:47.4180127+02:00" endTime="2026-05-03T12:38:47.4180128+02:00" testType="13cdc9d9-ddb5-4fa4-a97d-d965ccfc6d4b" outcome="Passed" testListId="8c84fa94-04c1-424b-9868-57a2d4851a1d" relativeResultsDirectory="2c174b22-ab4e-406b-8bb2-8cb03a182c90" />
    <UnitTestResult executionId="80b6a138-35e7-4614-8171-9925c57c85c4" testId="97e3dc84-3d5c-d4cb-d3bc-9eb2bbe196f0" testName="WindowsTrayTasks.Infrastructure.Tests.PageTests.Database_InlineTitleChange_ReconcilesTaskTags" computerName="WORKSTATION" duration="00:00:00.0391032" startTime="2026-05-03T12:38:47.3657466+02:00" endTime="2026-05-03T12:38:47.3657469+02:00" testType="13cdc9d9-ddb5-4fa4-a97d-d965ccfc6d4b" outcome="Passed" testListId="8c84fa94-04c1-424b-9868-57a2d4851a1d" relativeResultsDirectory="80b6a138-35e7-4614-8171-9925c57c85c4" />
    <UnitTestResult executionId="331719e9-c0f8-4555-9b77-dda870a3a85b" testId="978c0d9e-6e8e-9873-d9a8-414ebb91d3d5" testName="WindowsTrayTasks.Infrastructure.Tests.PageTests.Database_SaveHeadingAndTask_AreScopedByPage" computerName="WORKSTATION" duration="00:00:00.0525680" startTime="2026-05-03T12:38:47.1933191+02:00" endTime="2026-05-03T12:38:47.1933205+02:00" testType="13cdc9d9-ddb5-4fa4-a97d-d965ccfc6d4b" outcome="Passed" testListId="8c84fa94-04c1-424b-9868-57a2d4851a1d" relativeResultsDirectory="331719e9-c0f8-4555-9b77-dda870a3a85b" />
  </Results>
  <TestDefinitions>
    <UnitTest name="WindowsTrayTasks.Infrastructure.Tests.DatabaseTests.SaveTask_LinkPriorityAndEffort_RoundTrip" storage="c:\users\frsks\onedrive\desktop\repositories\todo-app\todo_app\tests\infrastructure.tests\bin\debug\net9.0\windowstraytasks.infrastructure.tests.dll" id="1a548b25-5592-0c96-1530-9b340632f2d2">
      <Execution id="49008754-fbdf-467f-8eee-e46b8592aaa8" />
      <TestMethod codeBase="C:\Users\frsks\OneDrive\Desktop\Repositories\Todo-App\Todo_App\tests\Infrastructure.Tests\bin\Debug\net9.0\WindowsTrayTasks.Infrastructure.Tests.dll" adapterTypeName="executor://xunit/VsTestRunner2/netcoreapp" className="WindowsTrayTasks.Infrastructure.Tests.DatabaseTests" name="SaveTask_LinkPriorityAndEffort_RoundTrip" />
    </UnitTest>
    <UnitTest name="WindowsTrayTasks.Infrastructure.Tests.PageTests.Database_SameTagNameOnDifferentPages_CreatesSeparateTags" storage="c:\users\frsks\onedrive\desktop\repositories\todo-app\todo_app\tests\infrastructure.tests\bin\debug\net9.0\windowstraytasks.infrastructure.tests.dll" id="cf9cd030-5900-1710-d32a-e523217c8424">
      <Execution id="e8808122-18af-4216-9fda-6e972ab63482" />
      <TestMethod codeBase="C:\Users\frsks\OneDrive\Desktop\Repositories\Todo-App\Todo_App\tests\Infrastructure.Tests\bin\Debug\net9.0\WindowsTrayTasks.Infrastructure.Tests.dll" adapterTypeName="executor://xunit/VsTestRunner2/netcoreapp" className="WindowsTrayTasks.Infrastructure.Tests.PageTests" name="Database_SameTagNameOnDifferentPages_CreatesSeparateTags" />
    </UnitTest>
    <UnitTest name="WindowsTrayTasks.Infrastructure.Tests.DatabaseTests.SaveReminder_SecondActiveReminderForSameTask_IsRejected" storage="c:\users\frsks\onedrive\desktop\repositories\todo-app\todo_app\tests\infrastructure.tests\bin\debug\net9.0\windowstraytasks.infrastructure.tests.dll" id="2471e77e-14e8-6d96-3fbf-1323638c3e5e">
      <Execution id="3e5d312f-4d35-4134-9d46-e5075e96c45b" />
      <TestMethod codeBase="C:\Users\frsks\OneDrive\Desktop\Repositories\Todo-App\Todo_App\tests\Infrastructure.Tests\bin\Debug\net9.0\WindowsTrayTasks.Infrastructure.Tests.dll" adapterTypeName="executor://xunit/VsTestRunner2/netcoreapp" className="WindowsTrayTasks.Infrastructure.Tests.DatabaseTests" name="SaveReminder_SecondActiveReminderForSameTask_IsRejected" />
    </UnitTest>
    <UnitTest name="WindowsTrayTasks.Infrastructure.Tests.PageTests.Database_FreshInit_CreatesDefaultPage" storage="c:\users\frsks\onedrive\desktop\repositories\todo-app\todo_app\tests\infrastructure.tests\bin\debug\net9.0\windowstraytasks.infrastructure.tests.dll" id="bdee60a4-8535-a899-b75a-2486739c9096">
      <Execution id="0b92f910-ed80-4422-b6a2-644957a43b41" />
      <TestMethod codeBase="C:\Users\frsks\OneDrive\Desktop\Repositories\Todo-App\Todo_App\tests\Infrastructure.Tests\bin\Debug\net9.0\WindowsTrayTasks.Infrastructure.Tests.dll" adapterTypeName="executor://xunit/VsTestRunner2/netcoreapp" className="WindowsTrayTasks.Infrastructure.Tests.PageTests" name="Database_FreshInit_CreatesDefaultPage" />
    </UnitTest>
    <UnitTest name="WindowsTrayTasks.Infrastructure.Tests.PageTests.Database_SaveTaskWithAtTokens_CreatesPageScopedTags" storage="c:\users\frsks\onedrive\desktop\repositories\todo-app\todo_app\tests\infrastructure.tests\bin\debug\net9.0\windowstraytasks.infrastructure.tests.dll" id="32d717d7-1787-36ce-ae97-13c2c87069e5">
      <Execution id="ca00f1a7-4b1c-4424-aee3-f4cfd5db6d37" />
      <TestMethod codeBase="C:\Users\frsks\OneDrive\Desktop\Repositories\Todo-App\Todo_App\tests\Infrastructure.Tests\bin\Debug\net9.0\WindowsTrayTasks.Infrastructure.Tests.dll" adapterTypeName="executor://xunit/VsTestRunner2/netcoreapp" className="WindowsTrayTasks.Infrastructure.Tests.PageTests" name="Database_SaveTaskWithAtTokens_CreatesPageScopedTags" />
    </UnitTest>
    <UnitTest name="WindowsTrayTasks.Infrastructure.Tests.PageTests.Database_SaveHeadingAndTask_AreScopedByPage" storage="c:\users\frsks\onedrive\desktop\repositories\todo-app\todo_app\tests\infrastructure.tests\bin\debug\net9.0\windowstraytasks.infrastructure.tests.dll" id="978c0d9e-6e8e-9873-d9a8-414ebb91d3d5">
      <Execution id="331719e9-c0f8-4555-9b77-dda870a3a85b" />
      <TestMethod codeBase="C:\Users\frsks\OneDrive\Desktop\Repositories\Todo-App\Todo_App\tests\Infrastructure.Tests\bin\Debug\net9.0\WindowsTrayTasks.Infrastructure.Tests.dll" adapterTypeName="executor://xunit/VsTestRunner2/netcoreapp" className="WindowsTrayTasks.Infrastructure.Tests.PageTests" name="Database_SaveHeadingAndTask_AreScopedByPage" />
    </UnitTest>
    <UnitTest name="WindowsTrayTasks.Infrastructure.Tests.DatabaseTests.CreateTemp_DisposeDeletesDatabaseFiles" storage="c:\users\frsks\onedrive\desktop\repositories\todo-app\todo_app\tests\infrastructure.tests\bin\debug\net9.0\windowstraytasks.infrastructure.tests.dll" id="f514f7bc-b918-3a36-3a65-3e2b720d4aaa">
      <Execution id="0d5e1abc-7706-47bc-873f-e7c381ecaade" />
      <TestMethod codeBase="C:\Users\frsks\OneDrive\Desktop\Repositories\Todo-App\Todo_App\tests\Infrastructure.Tests\bin\Debug\net9.0\WindowsTrayTasks.Infrastructure.Tests.dll" adapterTypeName="executor://xunit/VsTestRunner2/netcoreapp" className="WindowsTrayTasks.Infrastructure.Tests.DatabaseTests" name="CreateTemp_DisposeDeletesDatabaseFiles" />
    </UnitTest>
    <UnitTest name="WindowsTrayTasks.Infrastructure.Tests.DatabaseTests.SaveReminder_RoundTrips" storage="c:\users\frsks\onedrive\desktop\repositories\todo-app\todo_app\tests\infrastructure.tests\bin\debug\net9.0\windowstraytasks.infrastructure.tests.dll" id="ae2287ef-dc7a-a5b8-6d05-b69a268c96ad">
      <Execution id="1c370b37-bf87-4f9d-98c5-4cfa4a5243c1" />
      <TestMethod codeBase="C:\Users\frsks\OneDrive\Desktop\Repositories\Todo-App\Todo_App\tests\Infrastructure.Tests\bin\Debug\net9.0\WindowsTrayTasks.Infrastructure.Tests.dll" adapterTypeName="executor://xunit/VsTestRunner2/netcoreapp" className="WindowsTrayTasks.Infrastructure.Tests.DatabaseTests" name="SaveReminder_RoundTrips" />
    </UnitTest>
    <UnitTest name="WindowsTrayTasks.Infrastructure.Tests.PageTests.Database_ActivePage_RoundTripsThroughSettings" storage="c:\users\frsks\onedrive\desktop\repositories\todo-app\todo_app\tests\infrastructure.tests\bin\debug\net9.0\windowstraytasks.infrastructure.tests.dll" id="f430b569-06d8-06ab-7ea9-6bb5417e4b98">
      <Execution id="af4bd0bb-a8b1-4160-9e42-dcb745b315fa" />
      <TestMethod codeBase="C:\Users\frsks\OneDrive\Desktop\Repositories\Todo-App\Todo_App\tests\Infrastructure.Tests\bin\Debug\net9.0\WindowsTrayTasks.Infrastructure.Tests.dll" adapterTypeName="executor://xunit/VsTestRunner2/netcoreapp" className="WindowsTrayTasks.Infrastructure.Tests.PageTests" name="Database_ActivePage_RoundTripsThroughSettings" />
    </UnitTest>
    <UnitTest name="WindowsTrayTasks.Infrastructure.Tests.DatabaseTests.SaveTask_RoundTripsThroughReopenedConnection" storage="c:\users\frsks\onedrive\desktop\repositories\todo-app\todo_app\tests\infrastructure.tests\bin\debug\net9.0\windowstraytasks.infrastructure.tests.dll" id="4881a1bb-574f-3f26-c0c6-b103fa288f5b">
      <Execution id="89e466b6-aa95-489a-860f-cd3610769b2d" />
      <TestMethod codeBase="C:\Users\frsks\OneDrive\Desktop\Repositories\Todo-App\Todo_App\tests\Infrastructure.Tests\bin\Debug\net9.0\WindowsTrayTasks.Infrastructure.Tests.dll" adapterTypeName="executor://xunit/VsTestRunner2/netcoreapp" className="WindowsTrayTasks.Infrastructure.Tests.DatabaseTests" name="SaveTask_RoundTripsThroughReopenedConnection" />
    </UnitTest>
    <UnitTest name="WindowsTrayTasks.Infrastructure.Tests.PageTests.Database_InlineTitleChange_ReconcilesTaskTags" storage="c:\users\frsks\onedrive\desktop\repositories\todo-app\todo_app\tests\infrastructure.tests\bin\debug\net9.0\windowstraytasks.infrastructure.tests.dll" id="97e3dc84-3d5c-d4cb-d3bc-9eb2bbe196f0">
      <Execution id="80b6a138-35e7-4614-8171-9925c57c85c4" />
      <TestMethod codeBase="C:\Users\frsks\OneDrive\Desktop\Repositories\Todo-App\Todo_App\tests\Infrastructure.Tests\bin\Debug\net9.0\WindowsTrayTasks.Infrastructure.Tests.dll" adapterTypeName="executor://xunit/VsTestRunner2/netcoreapp" className="WindowsTrayTasks.Infrastructure.Tests.PageTests" name="Database_InlineTitleChange_ReconcilesTaskTags" />
    </UnitTest>
    <UnitTest name="WindowsTrayTasks.Infrastructure.Tests.DatabaseTests.Initialize_MigratesLegacyTaskStates" storage="c:\users\frsks\onedrive\desktop\repositories\todo-app\todo_app\tests\infrastructure.tests\bin\debug\net9.0\windowstraytasks.infrastructure.tests.dll" id="aee3c7f0-27d8-ba17-b575-f71b4aacd806">
      <Execution id="e104d6b7-7357-4fd6-8211-e2db7c99c7a7" />
      <TestMethod codeBase="C:\Users\frsks\OneDrive\Desktop\Repositories\Todo-App\Todo_App\tests\Infrastructure.Tests\bin\Debug\net9.0\WindowsTrayTasks.Infrastructure.Tests.dll" adapterTypeName="executor://xunit/VsTestRunner2/netcoreapp" className="WindowsTrayTasks.Infrastructure.Tests.DatabaseTests" name="Initialize_MigratesLegacyTaskStates" />
    </UnitTest>
    <UnitTest name="WindowsTrayTasks.Infrastructure.Tests.DatabaseTests.SaveTask_EmptyId_IsRejected" storage="c:\users\frsks\onedrive\desktop\repositories\todo-app\todo_app\tests\infrastructure.tests\bin\debug\net9.0\windowstraytasks.infrastructure.tests.dll" id="2a6248b2-6941-4162-de32-3f58f45d9157">
      <Execution id="f223c095-8106-42c1-a018-ccb04dd75a80" />
      <TestMethod codeBase="C:\Users\frsks\OneDrive\Desktop\Repositories\Todo-App\Todo_App\tests\Infrastructure.Tests\bin\Debug\net9.0\WindowsTrayTasks.Infrastructure.Tests.dll" adapterTypeName="executor://xunit/VsTestRunner2/netcoreapp" className="WindowsTrayTasks.Infrastructure.Tests.DatabaseTests" name="SaveTask_EmptyId_IsRejected" />
    </UnitTest>
    <UnitTest name="WindowsTrayTasks.Infrastructure.Tests.DatabaseTests.SaveHeading_RoundTrips" storage="c:\users\frsks\onedrive\desktop\repositories\todo-app\todo_app\tests\infrastructure.tests\bin\debug\net9.0\windowstraytasks.infrastructure.tests.dll" id="b00562b7-ded7-4522-8fa2-8dd6a86ddd2a">
      <Execution id="2c174b22-ab4e-406b-8bb2-8cb03a182c90" />
      <TestMethod codeBase="C:\Users\frsks\OneDrive\Desktop\Repositories\Todo-App\Todo_App\tests\Infrastructure.Tests\bin\Debug\net9.0\WindowsTrayTasks.Infrastructure.Tests.dll" adapterTypeName="executor://xunit/VsTestRunner2/netcoreapp" className="WindowsTrayTasks.Infrastructure.Tests.DatabaseTests" name="SaveHeading_RoundTrips" />
    </UnitTest>
  </TestDefinitions>
  <TestEntries>
    <TestEntry testId="f430b569-06d8-06ab-7ea9-6bb5417e4b98" executionId="af4bd0bb-a8b1-4160-9e42-dcb745b315fa" testListId="8c84fa94-04c1-424b-9868-57a2d4851a1d" />
    <TestEntry testId="aee3c7f0-27d8-ba17-b575-f71b4aacd806" executionId="e104d6b7-7357-4fd6-8211-e2db7c99c7a7" testListId="8c84fa94-04c1-424b-9868-57a2d4851a1d" />
    <TestEntry testId="bdee60a4-8535-a899-b75a-2486739c9096" executionId="0b92f910-ed80-4422-b6a2-644957a43b41" testListId="8c84fa94-04c1-424b-9868-57a2d4851a1d" />
    <TestEntry testId="1a548b25-5592-0c96-1530-9b340632f2d2" executionId="49008754-fbdf-467f-8eee-e46b8592aaa8" testListId="8c84fa94-04c1-424b-9868-57a2d4851a1d" />
    <TestEntry testId="cf9cd030-5900-1710-d32a-e523217c8424" executionId="e8808122-18af-4216-9fda-6e972ab63482" testListId="8c84fa94-04c1-424b-9868-57a2d4851a1d" />
    <TestEntry testId="2a6248b2-6941-4162-de32-3f58f45d9157" executionId="f223c095-8106-42c1-a018-ccb04dd75a80" testListId="8c84fa94-04c1-424b-9868-57a2d4851a1d" />
    <TestEntry testId="32d717d7-1787-36ce-ae97-13c2c87069e5" executionId="ca00f1a7-4b1c-4424-aee3-f4cfd5db6d37" testListId="8c84fa94-04c1-424b-9868-57a2d4851a1d" />
    <TestEntry testId="f514f7bc-b918-3a36-3a65-3e2b720d4aaa" executionId="0d5e1abc-7706-47bc-873f-e7c381ecaade" testListId="8c84fa94-04c1-424b-9868-57a2d4851a1d" />
    <TestEntry testId="2471e77e-14e8-6d96-3fbf-1323638c3e5e" executionId="3e5d312f-4d35-4134-9d46-e5075e96c45b" testListId="8c84fa94-04c1-424b-9868-57a2d4851a1d" />
    <TestEntry testId="ae2287ef-dc7a-a5b8-6d05-b69a268c96ad" executionId="1c370b37-bf87-4f9d-98c5-4cfa4a5243c1" testListId="8c84fa94-04c1-424b-9868-57a2d4851a1d" />
    <TestEntry testId="4881a1bb-574f-3f26-c0c6-b103fa288f5b" executionId="89e466b6-aa95-489a-860f-cd3610769b2d" testListId="8c84fa94-04c1-424b-9868-57a2d4851a1d" />
    <TestEntry testId="b00562b7-ded7-4522-8fa2-8dd6a86ddd2a" executionId="2c174b22-ab4e-406b-8bb2-8cb03a182c90" testListId="8c84fa94-04c1-424b-9868-57a2d4851a1d" />
    <TestEntry testId="97e3dc84-3d5c-d4cb-d3bc-9eb2bbe196f0" executionId="80b6a138-35e7-4614-8171-9925c57c85c4" testListId="8c84fa94-04c1-424b-9868-57a2d4851a1d" />
    <TestEntry testId="978c0d9e-6e8e-9873-d9a8-414ebb91d3d5" executionId="331719e9-c0f8-4555-9b77-dda870a3a85b" testListId="8c84fa94-04c1-424b-9868-57a2d4851a1d" />
  </TestEntries>
  <TestLists>
    <TestList name="Results Not in a List" id="8c84fa94-04c1-424b-9868-57a2d4851a1d" />
    <TestList name="All Loaded Results" id="19431567-8539-422a-85d7-44ee4e166bda" />
  </TestLists>
  <ResultSummary outcome="Completed">
    <Counters total="14" executed="14" passed="14" failed="0" error="0" timeout="0" aborted="0" inconclusive="0" passedButRunAborted="0" notRunnable="0" notExecuted="0" disconnected="0" warning="0" completed="0" inProgress="0" pending="0" />
    <Output>
      <StdOut>[xUnit.net 00:00:00.00] xUnit.net VSTest Adapter v2.8.2+699d445a1a (64-bit .NET 9.0.4)&#xD;
[xUnit.net 00:00:00.07]   Discovering: WindowsTrayTasks.Infrastructure.Tests&#xD;
[xUnit.net 00:00:00.11]   Discovered:  WindowsTrayTasks.Infrastructure.Tests&#xD;
[xUnit.net 00:00:00.11]   Starting:    WindowsTrayTasks.Infrastructure.Tests&#xD;
[xUnit.net 00:00:03.62]   Finished:    WindowsTrayTasks.Infrastructure.Tests&#xD;
</StdOut>
    </Output>
  </ResultSummary>
</TestRun>